ARM GAS  C:\Users\91458\AppData\Local\Temp\ccwRppFP.s 			page 1


   1              		.cpu cortex-m4
   2              		.eabi_attribute 27, 1
   3              		.eabi_attribute 28, 1
   4              		.eabi_attribute 20, 1
   5              		.eabi_attribute 21, 1
   6              		.eabi_attribute 23, 3
   7              		.eabi_attribute 24, 1
   8              		.eabi_attribute 25, 1
   9              		.eabi_attribute 26, 1
  10              		.eabi_attribute 30, 6
  11              		.eabi_attribute 34, 1
  12              		.eabi_attribute 18, 4
  13              		.file	"at_api.c"
  14              		.text
  15              	.Ltext0:
  16              		.cfi_sections	.debug_frame
  17              		.section	.bss.gp_at_adaptor_api,"aw",%nobits
  18              		.align	2
  21              	gp_at_adaptor_api:
  22 0000 00000000 		.space	4
  23              		.section	.text.at_api_register,"ax",%progbits
  24              		.align	1
  25              		.global	at_api_register
  26              		.syntax unified
  27              		.thumb
  28              		.thumb_func
  29              		.fpu fpv4-sp-d16
  31              	at_api_register:
  32              	.LFB3:
  33              		.file 1 "D:/iot/felix2/components/net/at_frame/at_api.c"
   1:D:/iot/felix2/components/net/at_frame\at_api.c **** /*----------------------------------------------------------------------------
   2:D:/iot/felix2/components/net/at_frame\at_api.c ****  * Copyright (c) <2016-2018>, <Huawei Technologies Co., Ltd>
   3:D:/iot/felix2/components/net/at_frame\at_api.c ****  * All rights reserved.
   4:D:/iot/felix2/components/net/at_frame\at_api.c ****  * Redistribution and use in source and binary forms, with or without modification,
   5:D:/iot/felix2/components/net/at_frame\at_api.c ****  * are permitted provided that the following conditions are met:
   6:D:/iot/felix2/components/net/at_frame\at_api.c ****  * 1. Redistributions of source code must retain the above copyright notice, this list of
   7:D:/iot/felix2/components/net/at_frame\at_api.c ****  * conditions and the following disclaimer.
   8:D:/iot/felix2/components/net/at_frame\at_api.c ****  * 2. Redistributions in binary form must reproduce the above copyright notice, this list
   9:D:/iot/felix2/components/net/at_frame\at_api.c ****  * of conditions and the following disclaimer in the documentation and/or other materials
  10:D:/iot/felix2/components/net/at_frame\at_api.c ****  * provided with the distribution.
  11:D:/iot/felix2/components/net/at_frame\at_api.c ****  * 3. Neither the name of the copyright holder nor the names of its contributors may be used
  12:D:/iot/felix2/components/net/at_frame\at_api.c ****  * to endorse or promote products derived from this software without specific prior written
  13:D:/iot/felix2/components/net/at_frame\at_api.c ****  * permission.
  14:D:/iot/felix2/components/net/at_frame\at_api.c ****  * THIS SOFTWARE IS PROVIDED BY THE COPYRIGHT HOLDERS AND CONTRIBUTORS
  15:D:/iot/felix2/components/net/at_frame\at_api.c ****  * "AS IS" AND ANY EXPRESS OR IMPLIED WARRANTIES, INCLUDING, BUT NOT LIMITED TO,
  16:D:/iot/felix2/components/net/at_frame\at_api.c ****  * THE IMPLIED WARRANTIES OF MERCHANTABILITY AND FITNESS FOR A PARTICULAR
  17:D:/iot/felix2/components/net/at_frame\at_api.c ****  * PURPOSE ARE DISCLAIMED. IN NO EVENT SHALL THE COPYRIGHT HOLDER OR
  18:D:/iot/felix2/components/net/at_frame\at_api.c ****  * CONTRIBUTORS BE LIABLE FOR ANY DIRECT, INDIRECT, INCIDENTAL, SPECIAL,
  19:D:/iot/felix2/components/net/at_frame\at_api.c ****  * EXEMPLARY, OR CONSEQUENTIAL DAMAGES (INCLUDING, BUT NOT LIMITED TO,
  20:D:/iot/felix2/components/net/at_frame\at_api.c ****  * PROCUREMENT OF SUBSTITUTE GOODS OR SERVICES; LOSS OF USE, DATA, OR PROFITS;
  21:D:/iot/felix2/components/net/at_frame\at_api.c ****  * OR BUSINESS INTERRUPTION) HOWEVER CAUSED AND ON ANY THEORY OF LIABILITY,
  22:D:/iot/felix2/components/net/at_frame\at_api.c ****  * WHETHER IN CONTRACT, STRICT LIABILITY, OR TORT (INCLUDING NEGLIGENCE OR
  23:D:/iot/felix2/components/net/at_frame\at_api.c ****  * OTHERWISE) ARISING IN ANY WAY OUT OF THE USE OF THIS SOFTWARE, EVEN IF
  24:D:/iot/felix2/components/net/at_frame\at_api.c ****  * ADVISED OF THE POSSIBILITY OF SUCH DAMAGE.
  25:D:/iot/felix2/components/net/at_frame\at_api.c ****  *---------------------------------------------------------------------------*/
  26:D:/iot/felix2/components/net/at_frame\at_api.c **** /*----------------------------------------------------------------------------
  27:D:/iot/felix2/components/net/at_frame\at_api.c ****  * Notice of Export Control Law
ARM GAS  C:\Users\91458\AppData\Local\Temp\ccwRppFP.s 			page 2


  28:D:/iot/felix2/components/net/at_frame\at_api.c ****  * ===============================================
  29:D:/iot/felix2/components/net/at_frame\at_api.c ****  * Huawei LiteOS may be subject to applicable export control laws and regulations, which might
  30:D:/iot/felix2/components/net/at_frame\at_api.c ****  * include those applicable to Huawei LiteOS of U.S. and the country in which you are located.
  31:D:/iot/felix2/components/net/at_frame\at_api.c ****  * Import, export and usage of Huawei LiteOS in any manner by you shall be in compliance with such
  32:D:/iot/felix2/components/net/at_frame\at_api.c ****  * applicable export control laws and regulations.
  33:D:/iot/felix2/components/net/at_frame\at_api.c ****  *---------------------------------------------------------------------------*/
  34:D:/iot/felix2/components/net/at_frame\at_api.c **** 
  35:D:/iot/felix2/components/net/at_frame\at_api.c **** #if defined(WITH_AT_FRAMEWORK)
  36:D:/iot/felix2/components/net/at_frame\at_api.c **** #include "at_frame/at_api.h"
  37:D:/iot/felix2/components/net/at_frame\at_api.c **** 
  38:D:/iot/felix2/components/net/at_frame\at_api.c **** static at_adaptor_api  *gp_at_adaptor_api = NULL;
  39:D:/iot/felix2/components/net/at_frame\at_api.c **** 
  40:D:/iot/felix2/components/net/at_frame\at_api.c **** int32_t at_api_register(at_adaptor_api *api)
  41:D:/iot/felix2/components/net/at_frame\at_api.c **** {
  34              		.loc 1 41 0
  35              		.cfi_startproc
  36              		@ args = 0, pretend = 0, frame = 8
  37              		@ frame_needed = 1, uses_anonymous_args = 0
  38 0000 80B5     		push	{r7, lr}
  39              	.LCFI0:
  40              		.cfi_def_cfa_offset 8
  41              		.cfi_offset 7, -8
  42              		.cfi_offset 14, -4
  43 0002 82B0     		sub	sp, sp, #8
  44              	.LCFI1:
  45              		.cfi_def_cfa_offset 16
  46 0004 00AF     		add	r7, sp, #0
  47              	.LCFI2:
  48              		.cfi_def_cfa_register 7
  49 0006 7860     		str	r0, [r7, #4]
  42:D:/iot/felix2/components/net/at_frame\at_api.c ****     if (NULL == gp_at_adaptor_api)
  50              		.loc 1 42 0
  51 0008 0D4B     		ldr	r3, .L4
  52 000a 1B68     		ldr	r3, [r3]
  53 000c 002B     		cmp	r3, #0
  54 000e 11D1     		bne	.L2
  43:D:/iot/felix2/components/net/at_frame\at_api.c ****     {
  44:D:/iot/felix2/components/net/at_frame\at_api.c ****         gp_at_adaptor_api = api;
  55              		.loc 1 44 0
  56 0010 0B4A     		ldr	r2, .L4
  57 0012 7B68     		ldr	r3, [r7, #4]
  58 0014 1360     		str	r3, [r2]
  45:D:/iot/felix2/components/net/at_frame\at_api.c ****         if (gp_at_adaptor_api && gp_at_adaptor_api->init)
  59              		.loc 1 45 0
  60 0016 0A4B     		ldr	r3, .L4
  61 0018 1B68     		ldr	r3, [r3]
  62 001a 002B     		cmp	r3, #0
  63 001c 0AD0     		beq	.L2
  64              		.loc 1 45 0 is_stmt 0 discriminator 1
  65 001e 084B     		ldr	r3, .L4
  66 0020 1B68     		ldr	r3, [r3]
  67 0022 1B68     		ldr	r3, [r3]
  68 0024 002B     		cmp	r3, #0
  69 0026 05D0     		beq	.L2
  46:D:/iot/felix2/components/net/at_frame\at_api.c ****         {
  47:D:/iot/felix2/components/net/at_frame\at_api.c ****             return gp_at_adaptor_api->init();
  70              		.loc 1 47 0 is_stmt 1
ARM GAS  C:\Users\91458\AppData\Local\Temp\ccwRppFP.s 			page 3


  71 0028 054B     		ldr	r3, .L4
  72 002a 1B68     		ldr	r3, [r3]
  73 002c 1B68     		ldr	r3, [r3]
  74 002e 9847     		blx	r3
  75              	.LVL0:
  76 0030 0346     		mov	r3, r0
  77 0032 00E0     		b	.L3
  78              	.L2:
  48:D:/iot/felix2/components/net/at_frame\at_api.c ****         }
  49:D:/iot/felix2/components/net/at_frame\at_api.c ****     }
  50:D:/iot/felix2/components/net/at_frame\at_api.c **** 
  51:D:/iot/felix2/components/net/at_frame\at_api.c ****     return 0;
  79              		.loc 1 51 0
  80 0034 0023     		movs	r3, #0
  81              	.L3:
  52:D:/iot/felix2/components/net/at_frame\at_api.c **** }
  82              		.loc 1 52 0
  83 0036 1846     		mov	r0, r3
  84 0038 0837     		adds	r7, r7, #8
  85              	.LCFI3:
  86              		.cfi_def_cfa_offset 8
  87 003a BD46     		mov	sp, r7
  88              	.LCFI4:
  89              		.cfi_def_cfa_register 13
  90              		@ sp needed
  91 003c 80BD     		pop	{r7, pc}
  92              	.L5:
  93 003e 00BF     		.align	2
  94              	.L4:
  95 0040 00000000 		.word	gp_at_adaptor_api
  96              		.cfi_endproc
  97              	.LFE3:
  99              		.section	.text.at_api_bind,"ax",%progbits
 100              		.align	1
 101              		.global	at_api_bind
 102              		.syntax unified
 103              		.thumb
 104              		.thumb_func
 105              		.fpu fpv4-sp-d16
 107              	at_api_bind:
 108              	.LFB4:
  53:D:/iot/felix2/components/net/at_frame\at_api.c **** 
  54:D:/iot/felix2/components/net/at_frame\at_api.c **** int32_t at_api_bind(const char *host, const char *port, int proto)
  55:D:/iot/felix2/components/net/at_frame\at_api.c **** {
 109              		.loc 1 55 0
 110              		.cfi_startproc
 111              		@ args = 0, pretend = 0, frame = 24
 112              		@ frame_needed = 1, uses_anonymous_args = 0
 113 0000 80B5     		push	{r7, lr}
 114              	.LCFI5:
 115              		.cfi_def_cfa_offset 8
 116              		.cfi_offset 7, -8
 117              		.cfi_offset 14, -4
 118 0002 86B0     		sub	sp, sp, #24
 119              	.LCFI6:
 120              		.cfi_def_cfa_offset 32
 121 0004 00AF     		add	r7, sp, #0
ARM GAS  C:\Users\91458\AppData\Local\Temp\ccwRppFP.s 			page 4


 122              	.LCFI7:
 123              		.cfi_def_cfa_register 7
 124 0006 F860     		str	r0, [r7, #12]
 125 0008 B960     		str	r1, [r7, #8]
 126 000a 7A60     		str	r2, [r7, #4]
  56:D:/iot/felix2/components/net/at_frame\at_api.c ****     int32_t ret = -1;
 127              		.loc 1 56 0
 128 000c 4FF0FF33 		mov	r3, #-1
 129 0010 7B61     		str	r3, [r7, #20]
  57:D:/iot/felix2/components/net/at_frame\at_api.c **** 
  58:D:/iot/felix2/components/net/at_frame\at_api.c ****     if (gp_at_adaptor_api && gp_at_adaptor_api->bind)
 130              		.loc 1 58 0
 131 0012 0B4B     		ldr	r3, .L9
 132 0014 1B68     		ldr	r3, [r3]
 133 0016 002B     		cmp	r3, #0
 134 0018 0CD0     		beq	.L7
 135              		.loc 1 58 0 is_stmt 0 discriminator 1
 136 001a 094B     		ldr	r3, .L9
 137 001c 1B68     		ldr	r3, [r3]
 138 001e DB68     		ldr	r3, [r3, #12]
 139 0020 002B     		cmp	r3, #0
 140 0022 07D0     		beq	.L7
  59:D:/iot/felix2/components/net/at_frame\at_api.c ****     {
  60:D:/iot/felix2/components/net/at_frame\at_api.c ****         ret = gp_at_adaptor_api->bind((int8_t *)host, (int8_t *)port, proto);
 141              		.loc 1 60 0 is_stmt 1
 142 0024 064B     		ldr	r3, .L9
 143 0026 1B68     		ldr	r3, [r3]
 144 0028 DB68     		ldr	r3, [r3, #12]
 145 002a 7A68     		ldr	r2, [r7, #4]
 146 002c B968     		ldr	r1, [r7, #8]
 147 002e F868     		ldr	r0, [r7, #12]
 148 0030 9847     		blx	r3
 149              	.LVL1:
 150 0032 7861     		str	r0, [r7, #20]
 151              	.L7:
  61:D:/iot/felix2/components/net/at_frame\at_api.c ****     }
  62:D:/iot/felix2/components/net/at_frame\at_api.c ****     return ret;
 152              		.loc 1 62 0
 153 0034 7B69     		ldr	r3, [r7, #20]
  63:D:/iot/felix2/components/net/at_frame\at_api.c **** }
 154              		.loc 1 63 0
 155 0036 1846     		mov	r0, r3
 156 0038 1837     		adds	r7, r7, #24
 157              	.LCFI8:
 158              		.cfi_def_cfa_offset 8
 159 003a BD46     		mov	sp, r7
 160              	.LCFI9:
 161              		.cfi_def_cfa_register 13
 162              		@ sp needed
 163 003c 80BD     		pop	{r7, pc}
 164              	.L10:
 165 003e 00BF     		.align	2
 166              	.L9:
 167 0040 00000000 		.word	gp_at_adaptor_api
 168              		.cfi_endproc
 169              	.LFE4:
 171              		.section	.text.at_api_connect,"ax",%progbits
ARM GAS  C:\Users\91458\AppData\Local\Temp\ccwRppFP.s 			page 5


 172              		.align	1
 173              		.global	at_api_connect
 174              		.syntax unified
 175              		.thumb
 176              		.thumb_func
 177              		.fpu fpv4-sp-d16
 179              	at_api_connect:
 180              	.LFB5:
  64:D:/iot/felix2/components/net/at_frame\at_api.c **** 
  65:D:/iot/felix2/components/net/at_frame\at_api.c **** int32_t at_api_connect(const char *host, const char *port, int proto)
  66:D:/iot/felix2/components/net/at_frame\at_api.c **** {
 181              		.loc 1 66 0
 182              		.cfi_startproc
 183              		@ args = 0, pretend = 0, frame = 24
 184              		@ frame_needed = 1, uses_anonymous_args = 0
 185 0000 80B5     		push	{r7, lr}
 186              	.LCFI10:
 187              		.cfi_def_cfa_offset 8
 188              		.cfi_offset 7, -8
 189              		.cfi_offset 14, -4
 190 0002 86B0     		sub	sp, sp, #24
 191              	.LCFI11:
 192              		.cfi_def_cfa_offset 32
 193 0004 00AF     		add	r7, sp, #0
 194              	.LCFI12:
 195              		.cfi_def_cfa_register 7
 196 0006 F860     		str	r0, [r7, #12]
 197 0008 B960     		str	r1, [r7, #8]
 198 000a 7A60     		str	r2, [r7, #4]
  67:D:/iot/felix2/components/net/at_frame\at_api.c ****     int32_t ret = -1;
 199              		.loc 1 67 0
 200 000c 4FF0FF33 		mov	r3, #-1
 201 0010 7B61     		str	r3, [r7, #20]
  68:D:/iot/felix2/components/net/at_frame\at_api.c **** 
  69:D:/iot/felix2/components/net/at_frame\at_api.c ****     if (gp_at_adaptor_api && gp_at_adaptor_api->connect)
 202              		.loc 1 69 0
 203 0012 0B4B     		ldr	r3, .L14
 204 0014 1B68     		ldr	r3, [r3]
 205 0016 002B     		cmp	r3, #0
 206 0018 0CD0     		beq	.L12
 207              		.loc 1 69 0 is_stmt 0 discriminator 1
 208 001a 094B     		ldr	r3, .L14
 209 001c 1B68     		ldr	r3, [r3]
 210 001e 1B69     		ldr	r3, [r3, #16]
 211 0020 002B     		cmp	r3, #0
 212 0022 07D0     		beq	.L12
  70:D:/iot/felix2/components/net/at_frame\at_api.c ****     {
  71:D:/iot/felix2/components/net/at_frame\at_api.c ****         ret = gp_at_adaptor_api->connect((int8_t *)host, (int8_t *)port, proto);
 213              		.loc 1 71 0 is_stmt 1
 214 0024 064B     		ldr	r3, .L14
 215 0026 1B68     		ldr	r3, [r3]
 216 0028 1B69     		ldr	r3, [r3, #16]
 217 002a 7A68     		ldr	r2, [r7, #4]
 218 002c B968     		ldr	r1, [r7, #8]
 219 002e F868     		ldr	r0, [r7, #12]
 220 0030 9847     		blx	r3
 221              	.LVL2:
ARM GAS  C:\Users\91458\AppData\Local\Temp\ccwRppFP.s 			page 6


 222 0032 7861     		str	r0, [r7, #20]
 223              	.L12:
  72:D:/iot/felix2/components/net/at_frame\at_api.c ****     }
  73:D:/iot/felix2/components/net/at_frame\at_api.c ****     return ret;
 224              		.loc 1 73 0
 225 0034 7B69     		ldr	r3, [r7, #20]
  74:D:/iot/felix2/components/net/at_frame\at_api.c **** }
 226              		.loc 1 74 0
 227 0036 1846     		mov	r0, r3
 228 0038 1837     		adds	r7, r7, #24
 229              	.LCFI13:
 230              		.cfi_def_cfa_offset 8
 231 003a BD46     		mov	sp, r7
 232              	.LCFI14:
 233              		.cfi_def_cfa_register 13
 234              		@ sp needed
 235 003c 80BD     		pop	{r7, pc}
 236              	.L15:
 237 003e 00BF     		.align	2
 238              	.L14:
 239 0040 00000000 		.word	gp_at_adaptor_api
 240              		.cfi_endproc
 241              	.LFE5:
 243              		.section	.text.at_api_send,"ax",%progbits
 244              		.align	1
 245              		.global	at_api_send
 246              		.syntax unified
 247              		.thumb
 248              		.thumb_func
 249              		.fpu fpv4-sp-d16
 251              	at_api_send:
 252              	.LFB6:
  75:D:/iot/felix2/components/net/at_frame\at_api.c **** 
  76:D:/iot/felix2/components/net/at_frame\at_api.c **** int32_t at_api_send(int32_t id , const unsigned char *buf, uint32_t len)
  77:D:/iot/felix2/components/net/at_frame\at_api.c **** {
 253              		.loc 1 77 0
 254              		.cfi_startproc
 255              		@ args = 0, pretend = 0, frame = 16
 256              		@ frame_needed = 1, uses_anonymous_args = 0
 257 0000 80B5     		push	{r7, lr}
 258              	.LCFI15:
 259              		.cfi_def_cfa_offset 8
 260              		.cfi_offset 7, -8
 261              		.cfi_offset 14, -4
 262 0002 84B0     		sub	sp, sp, #16
 263              	.LCFI16:
 264              		.cfi_def_cfa_offset 24
 265 0004 00AF     		add	r7, sp, #0
 266              	.LCFI17:
 267              		.cfi_def_cfa_register 7
 268 0006 F860     		str	r0, [r7, #12]
 269 0008 B960     		str	r1, [r7, #8]
 270 000a 7A60     		str	r2, [r7, #4]
  78:D:/iot/felix2/components/net/at_frame\at_api.c ****     if (gp_at_adaptor_api && gp_at_adaptor_api->send)
 271              		.loc 1 78 0
 272 000c 0B4B     		ldr	r3, .L19
 273 000e 1B68     		ldr	r3, [r3]
ARM GAS  C:\Users\91458\AppData\Local\Temp\ccwRppFP.s 			page 7


 274 0010 002B     		cmp	r3, #0
 275 0012 0DD0     		beq	.L17
 276              		.loc 1 78 0 is_stmt 0 discriminator 1
 277 0014 094B     		ldr	r3, .L19
 278 0016 1B68     		ldr	r3, [r3]
 279 0018 5B69     		ldr	r3, [r3, #20]
 280 001a 002B     		cmp	r3, #0
 281 001c 08D0     		beq	.L17
  79:D:/iot/felix2/components/net/at_frame\at_api.c ****     {
  80:D:/iot/felix2/components/net/at_frame\at_api.c ****         return gp_at_adaptor_api->send(id, buf, len);
 282              		.loc 1 80 0 is_stmt 1
 283 001e 074B     		ldr	r3, .L19
 284 0020 1B68     		ldr	r3, [r3]
 285 0022 5B69     		ldr	r3, [r3, #20]
 286 0024 7A68     		ldr	r2, [r7, #4]
 287 0026 B968     		ldr	r1, [r7, #8]
 288 0028 F868     		ldr	r0, [r7, #12]
 289 002a 9847     		blx	r3
 290              	.LVL3:
 291 002c 0346     		mov	r3, r0
 292 002e 01E0     		b	.L18
 293              	.L17:
  81:D:/iot/felix2/components/net/at_frame\at_api.c ****     }
  82:D:/iot/felix2/components/net/at_frame\at_api.c ****     return -1;
 294              		.loc 1 82 0
 295 0030 4FF0FF33 		mov	r3, #-1
 296              	.L18:
  83:D:/iot/felix2/components/net/at_frame\at_api.c **** }
 297              		.loc 1 83 0
 298 0034 1846     		mov	r0, r3
 299 0036 1037     		adds	r7, r7, #16
 300              	.LCFI18:
 301              		.cfi_def_cfa_offset 8
 302 0038 BD46     		mov	sp, r7
 303              	.LCFI19:
 304              		.cfi_def_cfa_register 13
 305              		@ sp needed
 306 003a 80BD     		pop	{r7, pc}
 307              	.L20:
 308              		.align	2
 309              	.L19:
 310 003c 00000000 		.word	gp_at_adaptor_api
 311              		.cfi_endproc
 312              	.LFE6:
 314              		.section	.text.at_api_sendto,"ax",%progbits
 315              		.align	1
 316              		.global	at_api_sendto
 317              		.syntax unified
 318              		.thumb
 319              		.thumb_func
 320              		.fpu fpv4-sp-d16
 322              	at_api_sendto:
 323              	.LFB7:
  84:D:/iot/felix2/components/net/at_frame\at_api.c **** 
  85:D:/iot/felix2/components/net/at_frame\at_api.c **** int32_t at_api_sendto(int32_t id , uint8_t  *buf, uint32_t len,char* ipaddr,int port)
  86:D:/iot/felix2/components/net/at_frame\at_api.c **** {
 324              		.loc 1 86 0
ARM GAS  C:\Users\91458\AppData\Local\Temp\ccwRppFP.s 			page 8


 325              		.cfi_startproc
 326              		@ args = 4, pretend = 0, frame = 16
 327              		@ frame_needed = 1, uses_anonymous_args = 0
 328 0000 90B5     		push	{r4, r7, lr}
 329              	.LCFI20:
 330              		.cfi_def_cfa_offset 12
 331              		.cfi_offset 4, -12
 332              		.cfi_offset 7, -8
 333              		.cfi_offset 14, -4
 334 0002 87B0     		sub	sp, sp, #28
 335              	.LCFI21:
 336              		.cfi_def_cfa_offset 40
 337 0004 02AF     		add	r7, sp, #8
 338              	.LCFI22:
 339              		.cfi_def_cfa 7, 32
 340 0006 F860     		str	r0, [r7, #12]
 341 0008 B960     		str	r1, [r7, #8]
 342 000a 7A60     		str	r2, [r7, #4]
 343 000c 3B60     		str	r3, [r7]
  87:D:/iot/felix2/components/net/at_frame\at_api.c ****     if (gp_at_adaptor_api && gp_at_adaptor_api->sendto)
 344              		.loc 1 87 0
 345 000e 0D4B     		ldr	r3, .L24
 346 0010 1B68     		ldr	r3, [r3]
 347 0012 002B     		cmp	r3, #0
 348 0014 10D0     		beq	.L22
 349              		.loc 1 87 0 is_stmt 0 discriminator 1
 350 0016 0B4B     		ldr	r3, .L24
 351 0018 1B68     		ldr	r3, [r3]
 352 001a 9B69     		ldr	r3, [r3, #24]
 353 001c 002B     		cmp	r3, #0
 354 001e 0BD0     		beq	.L22
  88:D:/iot/felix2/components/net/at_frame\at_api.c ****     {
  89:D:/iot/felix2/components/net/at_frame\at_api.c ****         return gp_at_adaptor_api->sendto(id, buf, len,ipaddr, port);
 355              		.loc 1 89 0 is_stmt 1
 356 0020 084B     		ldr	r3, .L24
 357 0022 1B68     		ldr	r3, [r3]
 358 0024 9C69     		ldr	r4, [r3, #24]
 359 0026 3B6A     		ldr	r3, [r7, #32]
 360 0028 0093     		str	r3, [sp]
 361 002a 3B68     		ldr	r3, [r7]
 362 002c 7A68     		ldr	r2, [r7, #4]
 363 002e B968     		ldr	r1, [r7, #8]
 364 0030 F868     		ldr	r0, [r7, #12]
 365 0032 A047     		blx	r4
 366              	.LVL4:
 367 0034 0346     		mov	r3, r0
 368 0036 01E0     		b	.L23
 369              	.L22:
  90:D:/iot/felix2/components/net/at_frame\at_api.c ****     }
  91:D:/iot/felix2/components/net/at_frame\at_api.c ****     return -1;
 370              		.loc 1 91 0
 371 0038 4FF0FF33 		mov	r3, #-1
 372              	.L23:
  92:D:/iot/felix2/components/net/at_frame\at_api.c **** }
 373              		.loc 1 92 0
 374 003c 1846     		mov	r0, r3
 375 003e 1437     		adds	r7, r7, #20
ARM GAS  C:\Users\91458\AppData\Local\Temp\ccwRppFP.s 			page 9


 376              	.LCFI23:
 377              		.cfi_def_cfa_offset 12
 378 0040 BD46     		mov	sp, r7
 379              	.LCFI24:
 380              		.cfi_def_cfa_register 13
 381              		@ sp needed
 382 0042 90BD     		pop	{r4, r7, pc}
 383              	.L25:
 384              		.align	2
 385              	.L24:
 386 0044 00000000 		.word	gp_at_adaptor_api
 387              		.cfi_endproc
 388              	.LFE7:
 390              		.section	.text.at_api_recv,"ax",%progbits
 391              		.align	1
 392              		.global	at_api_recv
 393              		.syntax unified
 394              		.thumb
 395              		.thumb_func
 396              		.fpu fpv4-sp-d16
 398              	at_api_recv:
 399              	.LFB8:
  93:D:/iot/felix2/components/net/at_frame\at_api.c **** 
  94:D:/iot/felix2/components/net/at_frame\at_api.c **** int32_t at_api_recv(int32_t id, unsigned char *buf, size_t len)
  95:D:/iot/felix2/components/net/at_frame\at_api.c **** {
 400              		.loc 1 95 0
 401              		.cfi_startproc
 402              		@ args = 0, pretend = 0, frame = 16
 403              		@ frame_needed = 1, uses_anonymous_args = 0
 404 0000 80B5     		push	{r7, lr}
 405              	.LCFI25:
 406              		.cfi_def_cfa_offset 8
 407              		.cfi_offset 7, -8
 408              		.cfi_offset 14, -4
 409 0002 84B0     		sub	sp, sp, #16
 410              	.LCFI26:
 411              		.cfi_def_cfa_offset 24
 412 0004 00AF     		add	r7, sp, #0
 413              	.LCFI27:
 414              		.cfi_def_cfa_register 7
 415 0006 F860     		str	r0, [r7, #12]
 416 0008 B960     		str	r1, [r7, #8]
 417 000a 7A60     		str	r2, [r7, #4]
  96:D:/iot/felix2/components/net/at_frame\at_api.c ****     if (gp_at_adaptor_api && gp_at_adaptor_api->recv)
 418              		.loc 1 96 0
 419 000c 0B4B     		ldr	r3, .L29
 420 000e 1B68     		ldr	r3, [r3]
 421 0010 002B     		cmp	r3, #0
 422 0012 0DD0     		beq	.L27
 423              		.loc 1 96 0 is_stmt 0 discriminator 1
 424 0014 094B     		ldr	r3, .L29
 425 0016 1B68     		ldr	r3, [r3]
 426 0018 1B6A     		ldr	r3, [r3, #32]
 427 001a 002B     		cmp	r3, #0
 428 001c 08D0     		beq	.L27
  97:D:/iot/felix2/components/net/at_frame\at_api.c ****     {
  98:D:/iot/felix2/components/net/at_frame\at_api.c ****         return gp_at_adaptor_api->recv(id, buf, len);
ARM GAS  C:\Users\91458\AppData\Local\Temp\ccwRppFP.s 			page 10


 429              		.loc 1 98 0 is_stmt 1
 430 001e 074B     		ldr	r3, .L29
 431 0020 1B68     		ldr	r3, [r3]
 432 0022 1B6A     		ldr	r3, [r3, #32]
 433 0024 7A68     		ldr	r2, [r7, #4]
 434 0026 B968     		ldr	r1, [r7, #8]
 435 0028 F868     		ldr	r0, [r7, #12]
 436 002a 9847     		blx	r3
 437              	.LVL5:
 438 002c 0346     		mov	r3, r0
 439 002e 01E0     		b	.L28
 440              	.L27:
  99:D:/iot/felix2/components/net/at_frame\at_api.c ****     }
 100:D:/iot/felix2/components/net/at_frame\at_api.c ****     return -1;
 441              		.loc 1 100 0
 442 0030 4FF0FF33 		mov	r3, #-1
 443              	.L28:
 101:D:/iot/felix2/components/net/at_frame\at_api.c **** }
 444              		.loc 1 101 0
 445 0034 1846     		mov	r0, r3
 446 0036 1037     		adds	r7, r7, #16
 447              	.LCFI28:
 448              		.cfi_def_cfa_offset 8
 449 0038 BD46     		mov	sp, r7
 450              	.LCFI29:
 451              		.cfi_def_cfa_register 13
 452              		@ sp needed
 453 003a 80BD     		pop	{r7, pc}
 454              	.L30:
 455              		.align	2
 456              	.L29:
 457 003c 00000000 		.word	gp_at_adaptor_api
 458              		.cfi_endproc
 459              	.LFE8:
 461              		.section	.text.at_api_recv_timeout,"ax",%progbits
 462              		.align	1
 463              		.global	at_api_recv_timeout
 464              		.syntax unified
 465              		.thumb
 466              		.thumb_func
 467              		.fpu fpv4-sp-d16
 469              	at_api_recv_timeout:
 470              	.LFB9:
 102:D:/iot/felix2/components/net/at_frame\at_api.c **** 
 103:D:/iot/felix2/components/net/at_frame\at_api.c **** int32_t at_api_recv_timeout(int32_t id , uint8_t  *buf, uint32_t len,char* ipaddr,int* port, int32_
 104:D:/iot/felix2/components/net/at_frame\at_api.c **** {
 471              		.loc 1 104 0
 472              		.cfi_startproc
 473              		@ args = 8, pretend = 0, frame = 16
 474              		@ frame_needed = 1, uses_anonymous_args = 0
 475 0000 90B5     		push	{r4, r7, lr}
 476              	.LCFI30:
 477              		.cfi_def_cfa_offset 12
 478              		.cfi_offset 4, -12
 479              		.cfi_offset 7, -8
 480              		.cfi_offset 14, -4
 481 0002 87B0     		sub	sp, sp, #28
ARM GAS  C:\Users\91458\AppData\Local\Temp\ccwRppFP.s 			page 11


 482              	.LCFI31:
 483              		.cfi_def_cfa_offset 40
 484 0004 02AF     		add	r7, sp, #8
 485              	.LCFI32:
 486              		.cfi_def_cfa 7, 32
 487 0006 F860     		str	r0, [r7, #12]
 488 0008 B960     		str	r1, [r7, #8]
 489 000a 7A60     		str	r2, [r7, #4]
 490 000c 3B60     		str	r3, [r7]
 105:D:/iot/felix2/components/net/at_frame\at_api.c ****     if (gp_at_adaptor_api && gp_at_adaptor_api->recv_timeout)
 491              		.loc 1 105 0
 492 000e 0E4B     		ldr	r3, .L34
 493 0010 1B68     		ldr	r3, [r3]
 494 0012 002B     		cmp	r3, #0
 495 0014 12D0     		beq	.L32
 496              		.loc 1 105 0 is_stmt 0 discriminator 1
 497 0016 0C4B     		ldr	r3, .L34
 498 0018 1B68     		ldr	r3, [r3]
 499 001a DB69     		ldr	r3, [r3, #28]
 500 001c 002B     		cmp	r3, #0
 501 001e 0DD0     		beq	.L32
 106:D:/iot/felix2/components/net/at_frame\at_api.c ****     {
 107:D:/iot/felix2/components/net/at_frame\at_api.c ****         return gp_at_adaptor_api->recv_timeout(id , buf, len, ipaddr, port, timeout);
 502              		.loc 1 107 0 is_stmt 1
 503 0020 094B     		ldr	r3, .L34
 504 0022 1B68     		ldr	r3, [r3]
 505 0024 DC69     		ldr	r4, [r3, #28]
 506 0026 7B6A     		ldr	r3, [r7, #36]
 507 0028 0193     		str	r3, [sp, #4]
 508 002a 3B6A     		ldr	r3, [r7, #32]
 509 002c 0093     		str	r3, [sp]
 510 002e 3B68     		ldr	r3, [r7]
 511 0030 7A68     		ldr	r2, [r7, #4]
 512 0032 B968     		ldr	r1, [r7, #8]
 513 0034 F868     		ldr	r0, [r7, #12]
 514 0036 A047     		blx	r4
 515              	.LVL6:
 516 0038 0346     		mov	r3, r0
 517 003a 01E0     		b	.L33
 518              	.L32:
 108:D:/iot/felix2/components/net/at_frame\at_api.c ****     }
 109:D:/iot/felix2/components/net/at_frame\at_api.c ****     return -1;
 519              		.loc 1 109 0
 520 003c 4FF0FF33 		mov	r3, #-1
 521              	.L33:
 110:D:/iot/felix2/components/net/at_frame\at_api.c **** }
 522              		.loc 1 110 0
 523 0040 1846     		mov	r0, r3
 524 0042 1437     		adds	r7, r7, #20
 525              	.LCFI33:
 526              		.cfi_def_cfa_offset 12
 527 0044 BD46     		mov	sp, r7
 528              	.LCFI34:
 529              		.cfi_def_cfa_register 13
 530              		@ sp needed
 531 0046 90BD     		pop	{r4, r7, pc}
 532              	.L35:
ARM GAS  C:\Users\91458\AppData\Local\Temp\ccwRppFP.s 			page 12


 533              		.align	2
 534              	.L34:
 535 0048 00000000 		.word	gp_at_adaptor_api
 536              		.cfi_endproc
 537              	.LFE9:
 539              		.section	.text.at_api_close,"ax",%progbits
 540              		.align	1
 541              		.global	at_api_close
 542              		.syntax unified
 543              		.thumb
 544              		.thumb_func
 545              		.fpu fpv4-sp-d16
 547              	at_api_close:
 548              	.LFB10:
 111:D:/iot/felix2/components/net/at_frame\at_api.c **** 
 112:D:/iot/felix2/components/net/at_frame\at_api.c **** int32_t at_api_close(int32_t fd)
 113:D:/iot/felix2/components/net/at_frame\at_api.c **** {
 549              		.loc 1 113 0
 550              		.cfi_startproc
 551              		@ args = 0, pretend = 0, frame = 8
 552              		@ frame_needed = 1, uses_anonymous_args = 0
 553 0000 80B5     		push	{r7, lr}
 554              	.LCFI35:
 555              		.cfi_def_cfa_offset 8
 556              		.cfi_offset 7, -8
 557              		.cfi_offset 14, -4
 558 0002 82B0     		sub	sp, sp, #8
 559              	.LCFI36:
 560              		.cfi_def_cfa_offset 16
 561 0004 00AF     		add	r7, sp, #0
 562              	.LCFI37:
 563              		.cfi_def_cfa_register 7
 564 0006 7860     		str	r0, [r7, #4]
 114:D:/iot/felix2/components/net/at_frame\at_api.c ****     if (gp_at_adaptor_api && gp_at_adaptor_api->close)
 565              		.loc 1 114 0
 566 0008 0A4B     		ldr	r3, .L39
 567 000a 1B68     		ldr	r3, [r3]
 568 000c 002B     		cmp	r3, #0
 569 000e 0BD0     		beq	.L37
 570              		.loc 1 114 0 is_stmt 0 discriminator 1
 571 0010 084B     		ldr	r3, .L39
 572 0012 1B68     		ldr	r3, [r3]
 573 0014 9B6A     		ldr	r3, [r3, #40]
 574 0016 002B     		cmp	r3, #0
 575 0018 06D0     		beq	.L37
 115:D:/iot/felix2/components/net/at_frame\at_api.c ****     {
 116:D:/iot/felix2/components/net/at_frame\at_api.c ****         return gp_at_adaptor_api->close(fd);
 576              		.loc 1 116 0 is_stmt 1
 577 001a 064B     		ldr	r3, .L39
 578 001c 1B68     		ldr	r3, [r3]
 579 001e 9B6A     		ldr	r3, [r3, #40]
 580 0020 7868     		ldr	r0, [r7, #4]
 581 0022 9847     		blx	r3
 582              	.LVL7:
 583 0024 0346     		mov	r3, r0
 584 0026 01E0     		b	.L38
 585              	.L37:
ARM GAS  C:\Users\91458\AppData\Local\Temp\ccwRppFP.s 			page 13


 117:D:/iot/felix2/components/net/at_frame\at_api.c ****     }
 118:D:/iot/felix2/components/net/at_frame\at_api.c ****     return -1;
 586              		.loc 1 118 0
 587 0028 4FF0FF33 		mov	r3, #-1
 588              	.L38:
 119:D:/iot/felix2/components/net/at_frame\at_api.c **** }
 589              		.loc 1 119 0
 590 002c 1846     		mov	r0, r3
 591 002e 0837     		adds	r7, r7, #8
 592              	.LCFI38:
 593              		.cfi_def_cfa_offset 8
 594 0030 BD46     		mov	sp, r7
 595              	.LCFI39:
 596              		.cfi_def_cfa_register 13
 597              		@ sp needed
 598 0032 80BD     		pop	{r7, pc}
 599              	.L40:
 600              		.align	2
 601              	.L39:
 602 0034 00000000 		.word	gp_at_adaptor_api
 603              		.cfi_endproc
 604              	.LFE10:
 606              		.text
 607              	.Letext0:
 608              		.file 2 "d:\\liteos studio\\resources\\arm-none-eabi\\arm-none-eabi\\include\\machine\\_default_ty
 609              		.file 3 "d:\\liteos studio\\resources\\arm-none-eabi\\arm-none-eabi\\include\\sys\\_stdint.h"
 610              		.file 4 "d:\\liteos studio\\resources\\arm-none-eabi\\lib\\gcc\\arm-none-eabi\\7.3.1\\include\\std
 611              		.file 5 "d:\\liteos studio\\resources\\arm-none-eabi\\arm-none-eabi\\include\\sys\\lock.h"
 612              		.file 6 "d:\\liteos studio\\resources\\arm-none-eabi\\arm-none-eabi\\include\\sys\\_types.h"
 613              		.file 7 "d:\\liteos studio\\resources\\arm-none-eabi\\arm-none-eabi\\include\\sys\\reent.h"
 614              		.file 8 "D:/iot/felix2/include/at_frame/at_api.h"
ARM GAS  C:\Users\91458\AppData\Local\Temp\ccwRppFP.s 			page 14


DEFINED SYMBOLS
                            *ABS*:00000000 at_api.c
C:\Users\91458\AppData\Local\Temp\ccwRppFP.s:18     .bss.gp_at_adaptor_api:00000000 $d
C:\Users\91458\AppData\Local\Temp\ccwRppFP.s:21     .bss.gp_at_adaptor_api:00000000 gp_at_adaptor_api
C:\Users\91458\AppData\Local\Temp\ccwRppFP.s:24     .text.at_api_register:00000000 $t
C:\Users\91458\AppData\Local\Temp\ccwRppFP.s:31     .text.at_api_register:00000000 at_api_register
C:\Users\91458\AppData\Local\Temp\ccwRppFP.s:95     .text.at_api_register:00000040 $d
C:\Users\91458\AppData\Local\Temp\ccwRppFP.s:100    .text.at_api_bind:00000000 $t
C:\Users\91458\AppData\Local\Temp\ccwRppFP.s:107    .text.at_api_bind:00000000 at_api_bind
C:\Users\91458\AppData\Local\Temp\ccwRppFP.s:167    .text.at_api_bind:00000040 $d
C:\Users\91458\AppData\Local\Temp\ccwRppFP.s:172    .text.at_api_connect:00000000 $t
C:\Users\91458\AppData\Local\Temp\ccwRppFP.s:179    .text.at_api_connect:00000000 at_api_connect
C:\Users\91458\AppData\Local\Temp\ccwRppFP.s:239    .text.at_api_connect:00000040 $d
C:\Users\91458\AppData\Local\Temp\ccwRppFP.s:244    .text.at_api_send:00000000 $t
C:\Users\91458\AppData\Local\Temp\ccwRppFP.s:251    .text.at_api_send:00000000 at_api_send
C:\Users\91458\AppData\Local\Temp\ccwRppFP.s:310    .text.at_api_send:0000003c $d
C:\Users\91458\AppData\Local\Temp\ccwRppFP.s:315    .text.at_api_sendto:00000000 $t
C:\Users\91458\AppData\Local\Temp\ccwRppFP.s:322    .text.at_api_sendto:00000000 at_api_sendto
C:\Users\91458\AppData\Local\Temp\ccwRppFP.s:386    .text.at_api_sendto:00000044 $d
C:\Users\91458\AppData\Local\Temp\ccwRppFP.s:391    .text.at_api_recv:00000000 $t
C:\Users\91458\AppData\Local\Temp\ccwRppFP.s:398    .text.at_api_recv:00000000 at_api_recv
C:\Users\91458\AppData\Local\Temp\ccwRppFP.s:457    .text.at_api_recv:0000003c $d
C:\Users\91458\AppData\Local\Temp\ccwRppFP.s:462    .text.at_api_recv_timeout:00000000 $t
C:\Users\91458\AppData\Local\Temp\ccwRppFP.s:469    .text.at_api_recv_timeout:00000000 at_api_recv_timeout
C:\Users\91458\AppData\Local\Temp\ccwRppFP.s:535    .text.at_api_recv_timeout:00000048 $d
C:\Users\91458\AppData\Local\Temp\ccwRppFP.s:540    .text.at_api_close:00000000 $t
C:\Users\91458\AppData\Local\Temp\ccwRppFP.s:547    .text.at_api_close:00000000 at_api_close
C:\Users\91458\AppData\Local\Temp\ccwRppFP.s:602    .text.at_api_close:00000034 $d

NO UNDEFINED SYMBOLS
