ARM GAS  C:\Users\91458\AppData\Local\Temp\cc71ZnWf.s 			page 1


   1              		.cpu cortex-m4
   2              		.eabi_attribute 27, 1
   3              		.eabi_attribute 28, 1
   4              		.eabi_attribute 20, 1
   5              		.eabi_attribute 21, 1
   6              		.eabi_attribute 23, 3
   7              		.eabi_attribute 24, 1
   8              		.eabi_attribute 25, 1
   9              		.eabi_attribute 26, 1
  10              		.eabi_attribute 30, 6
  11              		.eabi_attribute 34, 1
  12              		.eabi_attribute 18, 4
  13              		.file	"list.c"
  14              		.text
  15              	.Ltext0:
  16              		.cfi_sections	.debug_frame
  17              		.section	.text.lwm2m_list_add,"ax",%progbits
  18              		.align	1
  19              		.global	lwm2m_list_add
  20              		.syntax unified
  21              		.thumb
  22              		.thumb_func
  23              		.fpu fpv4-sp-d16
  25              	lwm2m_list_add:
  26              	.LFB134:
  27              		.file 1 "D:/iot/felix2/components/connectivity/lwm2m/core/list.c"
   1:D:/iot/felix2/components/connectivity/lwm2m/core\list.c **** /*******************************************************************************
   2:D:/iot/felix2/components/connectivity/lwm2m/core\list.c ****  *
   3:D:/iot/felix2/components/connectivity/lwm2m/core\list.c ****  * Copyright (c) 2013 Intel Corporation and others.
   4:D:/iot/felix2/components/connectivity/lwm2m/core\list.c ****  * All rights reserved. This program and the accompanying materials
   5:D:/iot/felix2/components/connectivity/lwm2m/core\list.c ****  * are made available under the terms of the Eclipse Public License v1.0
   6:D:/iot/felix2/components/connectivity/lwm2m/core\list.c ****  * and Eclipse Distribution License v1.0 which accompany this distribution.
   7:D:/iot/felix2/components/connectivity/lwm2m/core\list.c ****  *
   8:D:/iot/felix2/components/connectivity/lwm2m/core\list.c ****  * The Eclipse Public License is available at
   9:D:/iot/felix2/components/connectivity/lwm2m/core\list.c ****  *    http://www.eclipse.org/legal/epl-v10.html
  10:D:/iot/felix2/components/connectivity/lwm2m/core\list.c ****  * The Eclipse Distribution License is available at
  11:D:/iot/felix2/components/connectivity/lwm2m/core\list.c ****  *    http://www.eclipse.org/org/documents/edl-v10.php.
  12:D:/iot/felix2/components/connectivity/lwm2m/core\list.c ****  *
  13:D:/iot/felix2/components/connectivity/lwm2m/core\list.c ****  * Contributors:
  14:D:/iot/felix2/components/connectivity/lwm2m/core\list.c ****  *    David Navarro, Intel Corporation - initial API and implementation
  15:D:/iot/felix2/components/connectivity/lwm2m/core\list.c ****  *
  16:D:/iot/felix2/components/connectivity/lwm2m/core\list.c ****  *******************************************************************************/
  17:D:/iot/felix2/components/connectivity/lwm2m/core\list.c **** 
  18:D:/iot/felix2/components/connectivity/lwm2m/core\list.c **** #include "internals.h"
  19:D:/iot/felix2/components/connectivity/lwm2m/core\list.c **** 
  20:D:/iot/felix2/components/connectivity/lwm2m/core\list.c **** 
  21:D:/iot/felix2/components/connectivity/lwm2m/core\list.c **** lwm2m_list_t *lwm2m_list_add(lwm2m_list_t *head,
  22:D:/iot/felix2/components/connectivity/lwm2m/core\list.c ****                              lwm2m_list_t *node)
  23:D:/iot/felix2/components/connectivity/lwm2m/core\list.c **** {
  28              		.loc 1 23 0
  29              		.cfi_startproc
  30              		@ args = 0, pretend = 0, frame = 16
  31              		@ frame_needed = 1, uses_anonymous_args = 0
  32              		@ link register save eliminated.
  33 0000 80B4     		push	{r7}
  34              	.LCFI0:
  35              		.cfi_def_cfa_offset 4
ARM GAS  C:\Users\91458\AppData\Local\Temp\cc71ZnWf.s 			page 2


  36              		.cfi_offset 7, -4
  37 0002 85B0     		sub	sp, sp, #20
  38              	.LCFI1:
  39              		.cfi_def_cfa_offset 24
  40 0004 00AF     		add	r7, sp, #0
  41              	.LCFI2:
  42              		.cfi_def_cfa_register 7
  43 0006 7860     		str	r0, [r7, #4]
  44 0008 3960     		str	r1, [r7]
  24:D:/iot/felix2/components/connectivity/lwm2m/core\list.c ****     lwm2m_list_t *target;
  25:D:/iot/felix2/components/connectivity/lwm2m/core\list.c **** 
  26:D:/iot/felix2/components/connectivity/lwm2m/core\list.c ****     if (NULL == head) return node;
  45              		.loc 1 26 0
  46 000a 7B68     		ldr	r3, [r7, #4]
  47 000c 002B     		cmp	r3, #0
  48 000e 01D1     		bne	.L2
  49              		.loc 1 26 0 is_stmt 0 discriminator 1
  50 0010 3B68     		ldr	r3, [r7]
  51 0012 23E0     		b	.L3
  52              	.L2:
  27:D:/iot/felix2/components/connectivity/lwm2m/core\list.c **** 
  28:D:/iot/felix2/components/connectivity/lwm2m/core\list.c ****     if (head->id > node->id)
  53              		.loc 1 28 0 is_stmt 1
  54 0014 7B68     		ldr	r3, [r7, #4]
  55 0016 9A88     		ldrh	r2, [r3, #4]
  56 0018 3B68     		ldr	r3, [r7]
  57 001a 9B88     		ldrh	r3, [r3, #4]
  58 001c 9A42     		cmp	r2, r3
  59 001e 04D9     		bls	.L4
  29:D:/iot/felix2/components/connectivity/lwm2m/core\list.c ****     {
  30:D:/iot/felix2/components/connectivity/lwm2m/core\list.c ****         node->next = head;
  60              		.loc 1 30 0
  61 0020 3B68     		ldr	r3, [r7]
  62 0022 7A68     		ldr	r2, [r7, #4]
  63 0024 1A60     		str	r2, [r3]
  31:D:/iot/felix2/components/connectivity/lwm2m/core\list.c ****         return node;
  64              		.loc 1 31 0
  65 0026 3B68     		ldr	r3, [r7]
  66 0028 18E0     		b	.L3
  67              	.L4:
  32:D:/iot/felix2/components/connectivity/lwm2m/core\list.c ****     }
  33:D:/iot/felix2/components/connectivity/lwm2m/core\list.c **** 
  34:D:/iot/felix2/components/connectivity/lwm2m/core\list.c ****     target = head;
  68              		.loc 1 34 0
  69 002a 7B68     		ldr	r3, [r7, #4]
  70 002c FB60     		str	r3, [r7, #12]
  35:D:/iot/felix2/components/connectivity/lwm2m/core\list.c ****     while (NULL != target->next && target->next->id < node->id)
  71              		.loc 1 35 0
  72 002e 02E0     		b	.L5
  73              	.L7:
  36:D:/iot/felix2/components/connectivity/lwm2m/core\list.c ****     {
  37:D:/iot/felix2/components/connectivity/lwm2m/core\list.c ****         target = target->next;
  74              		.loc 1 37 0
  75 0030 FB68     		ldr	r3, [r7, #12]
  76 0032 1B68     		ldr	r3, [r3]
  77 0034 FB60     		str	r3, [r7, #12]
  78              	.L5:
ARM GAS  C:\Users\91458\AppData\Local\Temp\cc71ZnWf.s 			page 3


  35:D:/iot/felix2/components/connectivity/lwm2m/core\list.c ****     while (NULL != target->next && target->next->id < node->id)
  79              		.loc 1 35 0
  80 0036 FB68     		ldr	r3, [r7, #12]
  81 0038 1B68     		ldr	r3, [r3]
  82 003a 002B     		cmp	r3, #0
  83 003c 06D0     		beq	.L6
  35:D:/iot/felix2/components/connectivity/lwm2m/core\list.c ****     while (NULL != target->next && target->next->id < node->id)
  84              		.loc 1 35 0 is_stmt 0 discriminator 1
  85 003e FB68     		ldr	r3, [r7, #12]
  86 0040 1B68     		ldr	r3, [r3]
  87 0042 9A88     		ldrh	r2, [r3, #4]
  88 0044 3B68     		ldr	r3, [r7]
  89 0046 9B88     		ldrh	r3, [r3, #4]
  90 0048 9A42     		cmp	r2, r3
  91 004a F1D3     		bcc	.L7
  92              	.L6:
  38:D:/iot/felix2/components/connectivity/lwm2m/core\list.c ****     }
  39:D:/iot/felix2/components/connectivity/lwm2m/core\list.c **** 
  40:D:/iot/felix2/components/connectivity/lwm2m/core\list.c ****     node->next = target->next;
  93              		.loc 1 40 0 is_stmt 1
  94 004c FB68     		ldr	r3, [r7, #12]
  95 004e 1A68     		ldr	r2, [r3]
  96 0050 3B68     		ldr	r3, [r7]
  97 0052 1A60     		str	r2, [r3]
  41:D:/iot/felix2/components/connectivity/lwm2m/core\list.c ****     target->next = node;
  98              		.loc 1 41 0
  99 0054 FB68     		ldr	r3, [r7, #12]
 100 0056 3A68     		ldr	r2, [r7]
 101 0058 1A60     		str	r2, [r3]
  42:D:/iot/felix2/components/connectivity/lwm2m/core\list.c **** 
  43:D:/iot/felix2/components/connectivity/lwm2m/core\list.c ****     return head;
 102              		.loc 1 43 0
 103 005a 7B68     		ldr	r3, [r7, #4]
 104              	.L3:
  44:D:/iot/felix2/components/connectivity/lwm2m/core\list.c **** }
 105              		.loc 1 44 0
 106 005c 1846     		mov	r0, r3
 107 005e 1437     		adds	r7, r7, #20
 108              	.LCFI3:
 109              		.cfi_def_cfa_offset 4
 110 0060 BD46     		mov	sp, r7
 111              	.LCFI4:
 112              		.cfi_def_cfa_register 13
 113              		@ sp needed
 114 0062 5DF8047B 		ldr	r7, [sp], #4
 115              	.LCFI5:
 116              		.cfi_restore 7
 117              		.cfi_def_cfa_offset 0
 118 0066 7047     		bx	lr
 119              		.cfi_endproc
 120              	.LFE134:
 122              		.section	.text.lwm2m_list_find,"ax",%progbits
 123              		.align	1
 124              		.global	lwm2m_list_find
 125              		.syntax unified
 126              		.thumb
 127              		.thumb_func
ARM GAS  C:\Users\91458\AppData\Local\Temp\cc71ZnWf.s 			page 4


 128              		.fpu fpv4-sp-d16
 130              	lwm2m_list_find:
 131              	.LFB135:
  45:D:/iot/felix2/components/connectivity/lwm2m/core\list.c **** 
  46:D:/iot/felix2/components/connectivity/lwm2m/core\list.c **** 
  47:D:/iot/felix2/components/connectivity/lwm2m/core\list.c **** lwm2m_list_t *lwm2m_list_find(lwm2m_list_t *head,
  48:D:/iot/felix2/components/connectivity/lwm2m/core\list.c ****                               uint16_t id)
  49:D:/iot/felix2/components/connectivity/lwm2m/core\list.c **** {
 132              		.loc 1 49 0
 133              		.cfi_startproc
 134              		@ args = 0, pretend = 0, frame = 8
 135              		@ frame_needed = 1, uses_anonymous_args = 0
 136              		@ link register save eliminated.
 137 0000 80B4     		push	{r7}
 138              	.LCFI6:
 139              		.cfi_def_cfa_offset 4
 140              		.cfi_offset 7, -4
 141 0002 83B0     		sub	sp, sp, #12
 142              	.LCFI7:
 143              		.cfi_def_cfa_offset 16
 144 0004 00AF     		add	r7, sp, #0
 145              	.LCFI8:
 146              		.cfi_def_cfa_register 7
 147 0006 7860     		str	r0, [r7, #4]
 148 0008 0B46     		mov	r3, r1
 149 000a 7B80     		strh	r3, [r7, #2]	@ movhi
  50:D:/iot/felix2/components/connectivity/lwm2m/core\list.c ****     while (NULL != head && head->id < id)
 150              		.loc 1 50 0
 151 000c 02E0     		b	.L9
 152              	.L11:
  51:D:/iot/felix2/components/connectivity/lwm2m/core\list.c ****     {
  52:D:/iot/felix2/components/connectivity/lwm2m/core\list.c ****         head = head->next;
 153              		.loc 1 52 0
 154 000e 7B68     		ldr	r3, [r7, #4]
 155 0010 1B68     		ldr	r3, [r3]
 156 0012 7B60     		str	r3, [r7, #4]
 157              	.L9:
  50:D:/iot/felix2/components/connectivity/lwm2m/core\list.c ****     while (NULL != head && head->id < id)
 158              		.loc 1 50 0
 159 0014 7B68     		ldr	r3, [r7, #4]
 160 0016 002B     		cmp	r3, #0
 161 0018 04D0     		beq	.L10
  50:D:/iot/felix2/components/connectivity/lwm2m/core\list.c ****     while (NULL != head && head->id < id)
 162              		.loc 1 50 0 is_stmt 0 discriminator 1
 163 001a 7B68     		ldr	r3, [r7, #4]
 164 001c 9B88     		ldrh	r3, [r3, #4]
 165 001e 7A88     		ldrh	r2, [r7, #2]
 166 0020 9A42     		cmp	r2, r3
 167 0022 F4D8     		bhi	.L11
 168              	.L10:
  53:D:/iot/felix2/components/connectivity/lwm2m/core\list.c ****     }
  54:D:/iot/felix2/components/connectivity/lwm2m/core\list.c **** 
  55:D:/iot/felix2/components/connectivity/lwm2m/core\list.c ****     if (NULL != head && head->id == id) return head;
 169              		.loc 1 55 0 is_stmt 1
 170 0024 7B68     		ldr	r3, [r7, #4]
 171 0026 002B     		cmp	r3, #0
 172 0028 06D0     		beq	.L12
ARM GAS  C:\Users\91458\AppData\Local\Temp\cc71ZnWf.s 			page 5


 173              		.loc 1 55 0 is_stmt 0 discriminator 1
 174 002a 7B68     		ldr	r3, [r7, #4]
 175 002c 9B88     		ldrh	r3, [r3, #4]
 176 002e 7A88     		ldrh	r2, [r7, #2]
 177 0030 9A42     		cmp	r2, r3
 178 0032 01D1     		bne	.L12
 179              		.loc 1 55 0 discriminator 2
 180 0034 7B68     		ldr	r3, [r7, #4]
 181 0036 00E0     		b	.L13
 182              	.L12:
  56:D:/iot/felix2/components/connectivity/lwm2m/core\list.c **** 
  57:D:/iot/felix2/components/connectivity/lwm2m/core\list.c ****     return NULL;
 183              		.loc 1 57 0 is_stmt 1
 184 0038 0023     		movs	r3, #0
 185              	.L13:
  58:D:/iot/felix2/components/connectivity/lwm2m/core\list.c **** }
 186              		.loc 1 58 0
 187 003a 1846     		mov	r0, r3
 188 003c 0C37     		adds	r7, r7, #12
 189              	.LCFI9:
 190              		.cfi_def_cfa_offset 4
 191 003e BD46     		mov	sp, r7
 192              	.LCFI10:
 193              		.cfi_def_cfa_register 13
 194              		@ sp needed
 195 0040 5DF8047B 		ldr	r7, [sp], #4
 196              	.LCFI11:
 197              		.cfi_restore 7
 198              		.cfi_def_cfa_offset 0
 199 0044 7047     		bx	lr
 200              		.cfi_endproc
 201              	.LFE135:
 203              		.section	.text.lwm2m_list_remove,"ax",%progbits
 204              		.align	1
 205              		.global	lwm2m_list_remove
 206              		.syntax unified
 207              		.thumb
 208              		.thumb_func
 209              		.fpu fpv4-sp-d16
 211              	lwm2m_list_remove:
 212              	.LFB136:
  59:D:/iot/felix2/components/connectivity/lwm2m/core\list.c **** 
  60:D:/iot/felix2/components/connectivity/lwm2m/core\list.c **** 
  61:D:/iot/felix2/components/connectivity/lwm2m/core\list.c **** lwm2m_list_t *lwm2m_list_remove(lwm2m_list_t *head,
  62:D:/iot/felix2/components/connectivity/lwm2m/core\list.c ****                                 uint16_t id,
  63:D:/iot/felix2/components/connectivity/lwm2m/core\list.c ****                                 lwm2m_list_t **nodeP)
  64:D:/iot/felix2/components/connectivity/lwm2m/core\list.c **** {
 213              		.loc 1 64 0
 214              		.cfi_startproc
 215              		@ args = 0, pretend = 0, frame = 24
 216              		@ frame_needed = 1, uses_anonymous_args = 0
 217              		@ link register save eliminated.
 218 0000 80B4     		push	{r7}
 219              	.LCFI12:
 220              		.cfi_def_cfa_offset 4
 221              		.cfi_offset 7, -4
 222 0002 87B0     		sub	sp, sp, #28
ARM GAS  C:\Users\91458\AppData\Local\Temp\cc71ZnWf.s 			page 6


 223              	.LCFI13:
 224              		.cfi_def_cfa_offset 32
 225 0004 00AF     		add	r7, sp, #0
 226              	.LCFI14:
 227              		.cfi_def_cfa_register 7
 228 0006 F860     		str	r0, [r7, #12]
 229 0008 0B46     		mov	r3, r1
 230 000a 7A60     		str	r2, [r7, #4]
 231 000c 7B81     		strh	r3, [r7, #10]	@ movhi
  65:D:/iot/felix2/components/connectivity/lwm2m/core\list.c ****     lwm2m_list_t *target;
  66:D:/iot/felix2/components/connectivity/lwm2m/core\list.c **** 
  67:D:/iot/felix2/components/connectivity/lwm2m/core\list.c ****     if (head == NULL)
 232              		.loc 1 67 0
 233 000e FB68     		ldr	r3, [r7, #12]
 234 0010 002B     		cmp	r3, #0
 235 0012 07D1     		bne	.L15
  68:D:/iot/felix2/components/connectivity/lwm2m/core\list.c ****     {
  69:D:/iot/felix2/components/connectivity/lwm2m/core\list.c ****         if (nodeP) *nodeP = NULL;
 236              		.loc 1 69 0
 237 0014 7B68     		ldr	r3, [r7, #4]
 238 0016 002B     		cmp	r3, #0
 239 0018 02D0     		beq	.L16
 240              		.loc 1 69 0 is_stmt 0 discriminator 1
 241 001a 7B68     		ldr	r3, [r7, #4]
 242 001c 0022     		movs	r2, #0
 243 001e 1A60     		str	r2, [r3]
 244              	.L16:
  70:D:/iot/felix2/components/connectivity/lwm2m/core\list.c ****         return NULL;
 245              		.loc 1 70 0 is_stmt 1
 246 0020 0023     		movs	r3, #0
 247 0022 3BE0     		b	.L17
 248              	.L15:
  71:D:/iot/felix2/components/connectivity/lwm2m/core\list.c ****     }
  72:D:/iot/felix2/components/connectivity/lwm2m/core\list.c **** 
  73:D:/iot/felix2/components/connectivity/lwm2m/core\list.c ****     if (head->id == id)
 249              		.loc 1 73 0
 250 0024 FB68     		ldr	r3, [r7, #12]
 251 0026 9B88     		ldrh	r3, [r3, #4]
 252 0028 7A89     		ldrh	r2, [r7, #10]
 253 002a 9A42     		cmp	r2, r3
 254 002c 08D1     		bne	.L18
  74:D:/iot/felix2/components/connectivity/lwm2m/core\list.c ****     {
  75:D:/iot/felix2/components/connectivity/lwm2m/core\list.c ****         if (nodeP) *nodeP = head;
 255              		.loc 1 75 0
 256 002e 7B68     		ldr	r3, [r7, #4]
 257 0030 002B     		cmp	r3, #0
 258 0032 02D0     		beq	.L19
 259              		.loc 1 75 0 is_stmt 0 discriminator 1
 260 0034 7B68     		ldr	r3, [r7, #4]
 261 0036 FA68     		ldr	r2, [r7, #12]
 262 0038 1A60     		str	r2, [r3]
 263              	.L19:
  76:D:/iot/felix2/components/connectivity/lwm2m/core\list.c ****         return head->next;
 264              		.loc 1 76 0 is_stmt 1
 265 003a FB68     		ldr	r3, [r7, #12]
 266 003c 1B68     		ldr	r3, [r3]
 267 003e 2DE0     		b	.L17
ARM GAS  C:\Users\91458\AppData\Local\Temp\cc71ZnWf.s 			page 7


 268              	.L18:
  77:D:/iot/felix2/components/connectivity/lwm2m/core\list.c ****     }
  78:D:/iot/felix2/components/connectivity/lwm2m/core\list.c **** 
  79:D:/iot/felix2/components/connectivity/lwm2m/core\list.c ****     target = head;
 269              		.loc 1 79 0
 270 0040 FB68     		ldr	r3, [r7, #12]
 271 0042 7B61     		str	r3, [r7, #20]
  80:D:/iot/felix2/components/connectivity/lwm2m/core\list.c ****     while (NULL != target->next && target->next->id < id)
 272              		.loc 1 80 0
 273 0044 02E0     		b	.L20
 274              	.L22:
  81:D:/iot/felix2/components/connectivity/lwm2m/core\list.c ****     {
  82:D:/iot/felix2/components/connectivity/lwm2m/core\list.c ****         target = target->next;
 275              		.loc 1 82 0
 276 0046 7B69     		ldr	r3, [r7, #20]
 277 0048 1B68     		ldr	r3, [r3]
 278 004a 7B61     		str	r3, [r7, #20]
 279              	.L20:
  80:D:/iot/felix2/components/connectivity/lwm2m/core\list.c ****     while (NULL != target->next && target->next->id < id)
 280              		.loc 1 80 0
 281 004c 7B69     		ldr	r3, [r7, #20]
 282 004e 1B68     		ldr	r3, [r3]
 283 0050 002B     		cmp	r3, #0
 284 0052 05D0     		beq	.L21
  80:D:/iot/felix2/components/connectivity/lwm2m/core\list.c ****     while (NULL != target->next && target->next->id < id)
 285              		.loc 1 80 0 is_stmt 0 discriminator 1
 286 0054 7B69     		ldr	r3, [r7, #20]
 287 0056 1B68     		ldr	r3, [r3]
 288 0058 9B88     		ldrh	r3, [r3, #4]
 289 005a 7A89     		ldrh	r2, [r7, #10]
 290 005c 9A42     		cmp	r2, r3
 291 005e F2D8     		bhi	.L22
 292              	.L21:
  83:D:/iot/felix2/components/connectivity/lwm2m/core\list.c ****     }
  84:D:/iot/felix2/components/connectivity/lwm2m/core\list.c **** 
  85:D:/iot/felix2/components/connectivity/lwm2m/core\list.c ****     if (NULL != target->next && target->next->id == id)
 293              		.loc 1 85 0 is_stmt 1
 294 0060 7B69     		ldr	r3, [r7, #20]
 295 0062 1B68     		ldr	r3, [r3]
 296 0064 002B     		cmp	r3, #0
 297 0066 12D0     		beq	.L23
 298              		.loc 1 85 0 is_stmt 0 discriminator 1
 299 0068 7B69     		ldr	r3, [r7, #20]
 300 006a 1B68     		ldr	r3, [r3]
 301 006c 9B88     		ldrh	r3, [r3, #4]
 302 006e 7A89     		ldrh	r2, [r7, #10]
 303 0070 9A42     		cmp	r2, r3
 304 0072 0CD1     		bne	.L23
  86:D:/iot/felix2/components/connectivity/lwm2m/core\list.c ****     {
  87:D:/iot/felix2/components/connectivity/lwm2m/core\list.c ****         if (nodeP) *nodeP = target->next;
 305              		.loc 1 87 0 is_stmt 1
 306 0074 7B68     		ldr	r3, [r7, #4]
 307 0076 002B     		cmp	r3, #0
 308 0078 03D0     		beq	.L24
 309              		.loc 1 87 0 is_stmt 0 discriminator 1
 310 007a 7B69     		ldr	r3, [r7, #20]
 311 007c 1A68     		ldr	r2, [r3]
ARM GAS  C:\Users\91458\AppData\Local\Temp\cc71ZnWf.s 			page 8


 312 007e 7B68     		ldr	r3, [r7, #4]
 313 0080 1A60     		str	r2, [r3]
 314              	.L24:
  88:D:/iot/felix2/components/connectivity/lwm2m/core\list.c ****         target->next = target->next->next;
 315              		.loc 1 88 0 is_stmt 1
 316 0082 7B69     		ldr	r3, [r7, #20]
 317 0084 1B68     		ldr	r3, [r3]
 318 0086 1A68     		ldr	r2, [r3]
 319 0088 7B69     		ldr	r3, [r7, #20]
 320 008a 1A60     		str	r2, [r3]
 321 008c 05E0     		b	.L25
 322              	.L23:
  89:D:/iot/felix2/components/connectivity/lwm2m/core\list.c ****     }
  90:D:/iot/felix2/components/connectivity/lwm2m/core\list.c ****     else
  91:D:/iot/felix2/components/connectivity/lwm2m/core\list.c ****     {
  92:D:/iot/felix2/components/connectivity/lwm2m/core\list.c ****         if (nodeP) *nodeP = NULL;
 323              		.loc 1 92 0
 324 008e 7B68     		ldr	r3, [r7, #4]
 325 0090 002B     		cmp	r3, #0
 326 0092 02D0     		beq	.L25
 327              		.loc 1 92 0 is_stmt 0 discriminator 1
 328 0094 7B68     		ldr	r3, [r7, #4]
 329 0096 0022     		movs	r2, #0
 330 0098 1A60     		str	r2, [r3]
 331              	.L25:
  93:D:/iot/felix2/components/connectivity/lwm2m/core\list.c ****     }
  94:D:/iot/felix2/components/connectivity/lwm2m/core\list.c **** 
  95:D:/iot/felix2/components/connectivity/lwm2m/core\list.c ****     return head;
 332              		.loc 1 95 0 is_stmt 1
 333 009a FB68     		ldr	r3, [r7, #12]
 334              	.L17:
  96:D:/iot/felix2/components/connectivity/lwm2m/core\list.c **** }
 335              		.loc 1 96 0
 336 009c 1846     		mov	r0, r3
 337 009e 1C37     		adds	r7, r7, #28
 338              	.LCFI15:
 339              		.cfi_def_cfa_offset 4
 340 00a0 BD46     		mov	sp, r7
 341              	.LCFI16:
 342              		.cfi_def_cfa_register 13
 343              		@ sp needed
 344 00a2 5DF8047B 		ldr	r7, [sp], #4
 345              	.LCFI17:
 346              		.cfi_restore 7
 347              		.cfi_def_cfa_offset 0
 348 00a6 7047     		bx	lr
 349              		.cfi_endproc
 350              	.LFE136:
 352              		.section	.text.lwm2m_list_newId,"ax",%progbits
 353              		.align	1
 354              		.global	lwm2m_list_newId
 355              		.syntax unified
 356              		.thumb
 357              		.thumb_func
 358              		.fpu fpv4-sp-d16
 360              	lwm2m_list_newId:
 361              	.LFB137:
ARM GAS  C:\Users\91458\AppData\Local\Temp\cc71ZnWf.s 			page 9


  97:D:/iot/felix2/components/connectivity/lwm2m/core\list.c **** 
  98:D:/iot/felix2/components/connectivity/lwm2m/core\list.c **** uint16_t lwm2m_list_newId(lwm2m_list_t *head)
  99:D:/iot/felix2/components/connectivity/lwm2m/core\list.c **** {
 362              		.loc 1 99 0
 363              		.cfi_startproc
 364              		@ args = 0, pretend = 0, frame = 16
 365              		@ frame_needed = 1, uses_anonymous_args = 0
 366              		@ link register save eliminated.
 367 0000 80B4     		push	{r7}
 368              	.LCFI18:
 369              		.cfi_def_cfa_offset 4
 370              		.cfi_offset 7, -4
 371 0002 85B0     		sub	sp, sp, #20
 372              	.LCFI19:
 373              		.cfi_def_cfa_offset 24
 374 0004 00AF     		add	r7, sp, #0
 375              	.LCFI20:
 376              		.cfi_def_cfa_register 7
 377 0006 7860     		str	r0, [r7, #4]
 100:D:/iot/felix2/components/connectivity/lwm2m/core\list.c ****     uint16_t id;
 101:D:/iot/felix2/components/connectivity/lwm2m/core\list.c ****     lwm2m_list_t *target;
 102:D:/iot/felix2/components/connectivity/lwm2m/core\list.c **** 
 103:D:/iot/felix2/components/connectivity/lwm2m/core\list.c ****     id = 0;
 378              		.loc 1 103 0
 379 0008 0023     		movs	r3, #0
 380 000a FB81     		strh	r3, [r7, #14]	@ movhi
 104:D:/iot/felix2/components/connectivity/lwm2m/core\list.c ****     target = head;
 381              		.loc 1 104 0
 382 000c 7B68     		ldr	r3, [r7, #4]
 383 000e BB60     		str	r3, [r7, #8]
 105:D:/iot/felix2/components/connectivity/lwm2m/core\list.c **** 
 106:D:/iot/felix2/components/connectivity/lwm2m/core\list.c ****     while (target != NULL && id == target->id)
 384              		.loc 1 106 0
 385 0010 06E0     		b	.L27
 386              	.L29:
 107:D:/iot/felix2/components/connectivity/lwm2m/core\list.c ****     {
 108:D:/iot/felix2/components/connectivity/lwm2m/core\list.c ****         id = target->id + 1;
 387              		.loc 1 108 0
 388 0012 BB68     		ldr	r3, [r7, #8]
 389 0014 9B88     		ldrh	r3, [r3, #4]
 390 0016 0133     		adds	r3, r3, #1
 391 0018 FB81     		strh	r3, [r7, #14]	@ movhi
 109:D:/iot/felix2/components/connectivity/lwm2m/core\list.c ****         target = target->next;
 392              		.loc 1 109 0
 393 001a BB68     		ldr	r3, [r7, #8]
 394 001c 1B68     		ldr	r3, [r3]
 395 001e BB60     		str	r3, [r7, #8]
 396              	.L27:
 106:D:/iot/felix2/components/connectivity/lwm2m/core\list.c ****     {
 397              		.loc 1 106 0
 398 0020 BB68     		ldr	r3, [r7, #8]
 399 0022 002B     		cmp	r3, #0
 400 0024 04D0     		beq	.L28
 106:D:/iot/felix2/components/connectivity/lwm2m/core\list.c ****     {
 401              		.loc 1 106 0 is_stmt 0 discriminator 1
 402 0026 BB68     		ldr	r3, [r7, #8]
 403 0028 9B88     		ldrh	r3, [r3, #4]
ARM GAS  C:\Users\91458\AppData\Local\Temp\cc71ZnWf.s 			page 10


 404 002a FA89     		ldrh	r2, [r7, #14]
 405 002c 9A42     		cmp	r2, r3
 406 002e F0D0     		beq	.L29
 407              	.L28:
 110:D:/iot/felix2/components/connectivity/lwm2m/core\list.c ****     }
 111:D:/iot/felix2/components/connectivity/lwm2m/core\list.c **** 
 112:D:/iot/felix2/components/connectivity/lwm2m/core\list.c ****     return id;
 408              		.loc 1 112 0 is_stmt 1
 409 0030 FB89     		ldrh	r3, [r7, #14]
 113:D:/iot/felix2/components/connectivity/lwm2m/core\list.c **** }
 410              		.loc 1 113 0
 411 0032 1846     		mov	r0, r3
 412 0034 1437     		adds	r7, r7, #20
 413              	.LCFI21:
 414              		.cfi_def_cfa_offset 4
 415 0036 BD46     		mov	sp, r7
 416              	.LCFI22:
 417              		.cfi_def_cfa_register 13
 418              		@ sp needed
 419 0038 5DF8047B 		ldr	r7, [sp], #4
 420              	.LCFI23:
 421              		.cfi_restore 7
 422              		.cfi_def_cfa_offset 0
 423 003c 7047     		bx	lr
 424              		.cfi_endproc
 425              	.LFE137:
 427              		.section	.text.lwm2m_list_free,"ax",%progbits
 428              		.align	1
 429              		.global	lwm2m_list_free
 430              		.syntax unified
 431              		.thumb
 432              		.thumb_func
 433              		.fpu fpv4-sp-d16
 435              	lwm2m_list_free:
 436              	.LFB138:
 114:D:/iot/felix2/components/connectivity/lwm2m/core\list.c **** 
 115:D:/iot/felix2/components/connectivity/lwm2m/core\list.c **** void lwm2m_list_free(lwm2m_list_t *head)
 116:D:/iot/felix2/components/connectivity/lwm2m/core\list.c **** {
 437              		.loc 1 116 0
 438              		.cfi_startproc
 439              		@ args = 0, pretend = 0, frame = 16
 440              		@ frame_needed = 1, uses_anonymous_args = 0
 441 0000 80B5     		push	{r7, lr}
 442              	.LCFI24:
 443              		.cfi_def_cfa_offset 8
 444              		.cfi_offset 7, -8
 445              		.cfi_offset 14, -4
 446 0002 84B0     		sub	sp, sp, #16
 447              	.LCFI25:
 448              		.cfi_def_cfa_offset 24
 449 0004 00AF     		add	r7, sp, #0
 450              	.LCFI26:
 451              		.cfi_def_cfa_register 7
 452 0006 7860     		str	r0, [r7, #4]
 117:D:/iot/felix2/components/connectivity/lwm2m/core\list.c ****     if (head != NULL)
 453              		.loc 1 117 0
 454 0008 7B68     		ldr	r3, [r7, #4]
ARM GAS  C:\Users\91458\AppData\Local\Temp\cc71ZnWf.s 			page 11


 455 000a 002B     		cmp	r3, #0
 456 000c 08D0     		beq	.L33
 457              	.LBB2:
 118:D:/iot/felix2/components/connectivity/lwm2m/core\list.c ****     {
 119:D:/iot/felix2/components/connectivity/lwm2m/core\list.c ****         lwm2m_list_t *nextP;
 120:D:/iot/felix2/components/connectivity/lwm2m/core\list.c **** 
 121:D:/iot/felix2/components/connectivity/lwm2m/core\list.c ****         nextP = head->next;
 458              		.loc 1 121 0
 459 000e 7B68     		ldr	r3, [r7, #4]
 460 0010 1B68     		ldr	r3, [r3]
 461 0012 FB60     		str	r3, [r7, #12]
 122:D:/iot/felix2/components/connectivity/lwm2m/core\list.c ****         lwm2m_free(head);
 462              		.loc 1 122 0
 463 0014 7868     		ldr	r0, [r7, #4]
 464 0016 FFF7FEFF 		bl	lwm2m_free
 123:D:/iot/felix2/components/connectivity/lwm2m/core\list.c ****         lwm2m_list_free(nextP);
 465              		.loc 1 123 0
 466 001a F868     		ldr	r0, [r7, #12]
 467 001c FFF7FEFF 		bl	lwm2m_list_free
 468              	.L33:
 469              	.LBE2:
 124:D:/iot/felix2/components/connectivity/lwm2m/core\list.c ****     }
 125:D:/iot/felix2/components/connectivity/lwm2m/core\list.c **** }
 470              		.loc 1 125 0
 471 0020 00BF     		nop
 472 0022 1037     		adds	r7, r7, #16
 473              	.LCFI27:
 474              		.cfi_def_cfa_offset 8
 475 0024 BD46     		mov	sp, r7
 476              	.LCFI28:
 477              		.cfi_def_cfa_register 13
 478              		@ sp needed
 479 0026 80BD     		pop	{r7, pc}
 480              		.cfi_endproc
 481              	.LFE138:
 483              		.text
 484              	.Letext0:
 485              		.file 2 "d:\\liteos studio\\resources\\arm-none-eabi\\arm-none-eabi\\include\\machine\\_default_ty
 486              		.file 3 "d:\\liteos studio\\resources\\arm-none-eabi\\arm-none-eabi\\include\\sys\\_stdint.h"
 487              		.file 4 "d:\\liteos studio\\resources\\arm-none-eabi\\arm-none-eabi\\include\\sys\\lock.h"
 488              		.file 5 "d:\\liteos studio\\resources\\arm-none-eabi\\arm-none-eabi\\include\\sys\\_types.h"
 489              		.file 6 "d:\\liteos studio\\resources\\arm-none-eabi\\lib\\gcc\\arm-none-eabi\\7.3.1\\include\\std
 490              		.file 7 "d:\\liteos studio\\resources\\arm-none-eabi\\arm-none-eabi\\include\\sys\\reent.h"
 491              		.file 8 "d:\\liteos studio\\resources\\arm-none-eabi\\arm-none-eabi\\include\\time.h"
 492              		.file 9 "D:/iot/felix2/components/connectivity/lwm2m/core/er-coap-13/er-coap-13.h"
 493              		.file 10 "D:/iot/felix2/kernel/include/los_typedef.h"
 494              		.file 11 "D:/iot/felix2/arch/arm/common/cmsis/core_cm4.h"
 495              		.file 12 "D:/iot/felix2/targets/Cloud_STM32L431_BearPi/Inc/system_stm32l4xx.h"
 496              		.file 13 "D:/iot/felix2/kernel/include/los_list.h"
 497              		.file 14 "D:/iot/felix2/kernel/include/los_err.h"
 498              		.file 15 "D:/iot/felix2/arch/arm/arm-m/include/los_hwi.h"
 499              		.file 16 "D:/iot/felix2/kernel/include/los_tick.h"
 500              		.file 17 "D:/iot/felix2/kernel/include/los_event.h"
 501              		.file 18 "D:/iot/felix2/kernel/include/los_task.h"
 502              		.file 19 "D:/iot/felix2/kernel/base/include/los_task.ph"
 503              		.file 20 "D:/iot/felix2/targets/Cloud_STM32L431_BearPi/Inc/main.h"
 504              		.file 21 "D:/iot/felix2/targets/Cloud_STM32L431_BearPi/OS_CONFIG/target_config.h"
ARM GAS  C:\Users\91458\AppData\Local\Temp\cc71ZnWf.s 			page 12


 505              		.file 22 "D:/iot/felix2/kernel/include/los_config.h"
 506              		.file 23 "D:/iot/felix2/components/connectivity/lwm2m/core/liblwm2m.h"
 507              		.file 24 "d:\\liteos studio\\resources\\arm-none-eabi\\arm-none-eabi\\include\\stdlib.h"
 508              		.file 25 "d:\\liteos studio\\resources\\arm-none-eabi\\arm-none-eabi\\include\\ctype.h"
ARM GAS  C:\Users\91458\AppData\Local\Temp\cc71ZnWf.s 			page 13


DEFINED SYMBOLS
                            *ABS*:00000000 list.c
C:\Users\91458\AppData\Local\Temp\cc71ZnWf.s:18     .text.lwm2m_list_add:00000000 $t
C:\Users\91458\AppData\Local\Temp\cc71ZnWf.s:25     .text.lwm2m_list_add:00000000 lwm2m_list_add
C:\Users\91458\AppData\Local\Temp\cc71ZnWf.s:123    .text.lwm2m_list_find:00000000 $t
C:\Users\91458\AppData\Local\Temp\cc71ZnWf.s:130    .text.lwm2m_list_find:00000000 lwm2m_list_find
C:\Users\91458\AppData\Local\Temp\cc71ZnWf.s:204    .text.lwm2m_list_remove:00000000 $t
C:\Users\91458\AppData\Local\Temp\cc71ZnWf.s:211    .text.lwm2m_list_remove:00000000 lwm2m_list_remove
C:\Users\91458\AppData\Local\Temp\cc71ZnWf.s:353    .text.lwm2m_list_newId:00000000 $t
C:\Users\91458\AppData\Local\Temp\cc71ZnWf.s:360    .text.lwm2m_list_newId:00000000 lwm2m_list_newId
C:\Users\91458\AppData\Local\Temp\cc71ZnWf.s:428    .text.lwm2m_list_free:00000000 $t
C:\Users\91458\AppData\Local\Temp\cc71ZnWf.s:435    .text.lwm2m_list_free:00000000 lwm2m_list_free

UNDEFINED SYMBOLS
lwm2m_free
