ARM GAS  C:\Users\91458\AppData\Local\Temp\ccSDYSVc.s 			page 1


   1              		.cpu cortex-m4
   2              		.eabi_attribute 27, 1
   3              		.eabi_attribute 28, 1
   4              		.eabi_attribute 20, 1
   5              		.eabi_attribute 21, 1
   6              		.eabi_attribute 23, 3
   7              		.eabi_attribute 24, 1
   8              		.eabi_attribute 25, 1
   9              		.eabi_attribute 26, 1
  10              		.eabi_attribute 30, 6
  11              		.eabi_attribute 34, 1
  12              		.eabi_attribute 18, 4
  13              		.file	"los_tick.c"
  14              		.text
  15              	.Ltext0:
  16              		.cfi_sections	.debug_frame
  17              		.comm	g_ullTickCount,8,8
  18              		.comm	g_uwTicksPerSec,4,4
  19              		.comm	g_uwCyclePerSec,4,4
  20              		.comm	g_uwCyclesPerTick,4,4
  21              		.comm	g_uwSysClock,4,4
  22              		.global	g_bSysTickStart
  23              		.section	.bss.g_bSysTickStart,"aw",%nobits
  24              		.align	2
  27              	g_bSysTickStart:
  28 0000 00000000 		.space	4
  29              		.section	.text.osTickHandler,"ax",%progbits
  30              		.align	1
  31              		.global	osTickHandler
  32              		.syntax unified
  33              		.thumb
  34              		.thumb_func
  35              		.fpu fpv4-sp-d16
  37              	osTickHandler:
  38              	.LFB133:
  39              		.file 1 "D:/iot/felix2/kernel/base/core/los_tick.c"
   1:D:/iot/felix2/kernel/base/core\los_tick.c **** /*----------------------------------------------------------------------------
   2:D:/iot/felix2/kernel/base/core\los_tick.c ****  * Copyright (c) <2013-2015>, <Huawei Technologies Co., Ltd>
   3:D:/iot/felix2/kernel/base/core\los_tick.c ****  * All rights reserved.
   4:D:/iot/felix2/kernel/base/core\los_tick.c ****  * Redistribution and use in source and binary forms, with or without modification,
   5:D:/iot/felix2/kernel/base/core\los_tick.c ****  * are permitted provided that the following conditions are met:
   6:D:/iot/felix2/kernel/base/core\los_tick.c ****  * 1. Redistributions of source code must retain the above copyright notice, this list of
   7:D:/iot/felix2/kernel/base/core\los_tick.c ****  * conditions and the following disclaimer.
   8:D:/iot/felix2/kernel/base/core\los_tick.c ****  * 2. Redistributions in binary form must reproduce the above copyright notice, this list
   9:D:/iot/felix2/kernel/base/core\los_tick.c ****  * of conditions and the following disclaimer in the documentation and/or other materials
  10:D:/iot/felix2/kernel/base/core\los_tick.c ****  * provided with the distribution.
  11:D:/iot/felix2/kernel/base/core\los_tick.c ****  * 3. Neither the name of the copyright holder nor the names of its contributors may be used
  12:D:/iot/felix2/kernel/base/core\los_tick.c ****  * to endorse or promote products derived from this software without specific prior written
  13:D:/iot/felix2/kernel/base/core\los_tick.c ****  * permission.
  14:D:/iot/felix2/kernel/base/core\los_tick.c ****  * THIS SOFTWARE IS PROVIDED BY THE COPYRIGHT HOLDERS AND CONTRIBUTORS
  15:D:/iot/felix2/kernel/base/core\los_tick.c ****  * "AS IS" AND ANY EXPRESS OR IMPLIED WARRANTIES, INCLUDING, BUT NOT LIMITED TO,
  16:D:/iot/felix2/kernel/base/core\los_tick.c ****  * THE IMPLIED WARRANTIES OF MERCHANTABILITY AND FITNESS FOR A PARTICULAR
  17:D:/iot/felix2/kernel/base/core\los_tick.c ****  * PURPOSE ARE DISCLAIMED. IN NO EVENT SHALL THE COPYRIGHT HOLDER OR
  18:D:/iot/felix2/kernel/base/core\los_tick.c ****  * CONTRIBUTORS BE LIABLE FOR ANY DIRECT, INDIRECT, INCIDENTAL, SPECIAL,
  19:D:/iot/felix2/kernel/base/core\los_tick.c ****  * EXEMPLARY, OR CONSEQUENTIAL DAMAGES (INCLUDING, BUT NOT LIMITED TO,
  20:D:/iot/felix2/kernel/base/core\los_tick.c ****  * PROCUREMENT OF SUBSTITUTE GOODS OR SERVICES; LOSS OF USE, DATA, OR PROFITS;
  21:D:/iot/felix2/kernel/base/core\los_tick.c ****  * OR BUSINESS INTERRUPTION) HOWEVER CAUSED AND ON ANY THEORY OF LIABILITY,
ARM GAS  C:\Users\91458\AppData\Local\Temp\ccSDYSVc.s 			page 2


  22:D:/iot/felix2/kernel/base/core\los_tick.c ****  * WHETHER IN CONTRACT, STRICT LIABILITY, OR TORT (INCLUDING NEGLIGENCE OR
  23:D:/iot/felix2/kernel/base/core\los_tick.c ****  * OTHERWISE) ARISING IN ANY WAY OUT OF THE USE OF THIS SOFTWARE, EVEN IF
  24:D:/iot/felix2/kernel/base/core\los_tick.c ****  * ADVISED OF THE POSSIBILITY OF SUCH DAMAGE.
  25:D:/iot/felix2/kernel/base/core\los_tick.c ****  *---------------------------------------------------------------------------*/
  26:D:/iot/felix2/kernel/base/core\los_tick.c **** /*----------------------------------------------------------------------------
  27:D:/iot/felix2/kernel/base/core\los_tick.c ****  * Notice of Export Control Law
  28:D:/iot/felix2/kernel/base/core\los_tick.c ****  * ===============================================
  29:D:/iot/felix2/kernel/base/core\los_tick.c ****  * Huawei LiteOS may be subject to applicable export control laws and regulations, which might
  30:D:/iot/felix2/kernel/base/core\los_tick.c ****  * include those applicable to Huawei LiteOS of U.S. and the country in which you are located.
  31:D:/iot/felix2/kernel/base/core\los_tick.c ****  * Import, export and usage of Huawei LiteOS in any manner by you shall be in compliance with such
  32:D:/iot/felix2/kernel/base/core\los_tick.c ****  * applicable export control laws and regulations.
  33:D:/iot/felix2/kernel/base/core\los_tick.c ****  *---------------------------------------------------------------------------*/
  34:D:/iot/felix2/kernel/base/core\los_tick.c **** 
  35:D:/iot/felix2/kernel/base/core\los_tick.c **** #include "los_tick.inc"
  36:D:/iot/felix2/kernel/base/core\los_tick.c **** #include "los_base.ph"
  37:D:/iot/felix2/kernel/base/core\los_tick.c **** #include "los_swtmr.ph"
  38:D:/iot/felix2/kernel/base/core\los_tick.c **** #include "los_task.ph"
  39:D:/iot/felix2/kernel/base/core\los_tick.c **** #include "los_timeslice.ph"
  40:D:/iot/felix2/kernel/base/core\los_tick.c **** #if (LOSCFG_KERNEL_TICKLESS == YES)
  41:D:/iot/felix2/kernel/base/core\los_tick.c **** #include "los_tickless.ph"
  42:D:/iot/felix2/kernel/base/core\los_tick.c **** #endif
  43:D:/iot/felix2/kernel/base/core\los_tick.c **** 
  44:D:/iot/felix2/kernel/base/core\los_tick.c **** #ifdef __cplusplus
  45:D:/iot/felix2/kernel/base/core\los_tick.c **** #if __cplusplus
  46:D:/iot/felix2/kernel/base/core\los_tick.c **** extern "C" {
  47:D:/iot/felix2/kernel/base/core\los_tick.c **** #endif /* __cplusplus */
  48:D:/iot/felix2/kernel/base/core\los_tick.c **** #endif /* __cplusplus */
  49:D:/iot/felix2/kernel/base/core\los_tick.c **** 
  50:D:/iot/felix2/kernel/base/core\los_tick.c **** 
  51:D:/iot/felix2/kernel/base/core\los_tick.c **** LITE_OS_SEC_BSS UINT64      g_ullTickCount;
  52:D:/iot/felix2/kernel/base/core\los_tick.c **** LITE_OS_SEC_BSS UINT32      g_uwTicksPerSec;
  53:D:/iot/felix2/kernel/base/core\los_tick.c **** LITE_OS_SEC_BSS UINT32      g_uwCyclePerSec;
  54:D:/iot/felix2/kernel/base/core\los_tick.c **** LITE_OS_SEC_BSS UINT32      g_uwCyclesPerTick;
  55:D:/iot/felix2/kernel/base/core\los_tick.c **** LITE_OS_SEC_BSS UINT32      g_uwSysClock;
  56:D:/iot/felix2/kernel/base/core\los_tick.c **** LITE_OS_SEC_DATA_INIT BOOL  g_bSysTickStart = FALSE;
  57:D:/iot/felix2/kernel/base/core\los_tick.c **** 
  58:D:/iot/felix2/kernel/base/core\los_tick.c **** #if (LOSCFG_KERNEL_TICKLESS == YES)
  59:D:/iot/felix2/kernel/base/core\los_tick.c **** /*****************************************************************************
  60:D:/iot/felix2/kernel/base/core\los_tick.c ****  Description : Tick interruption handler
  61:D:/iot/felix2/kernel/base/core\los_tick.c ****  Input       : None
  62:D:/iot/felix2/kernel/base/core\los_tick.c ****  Output      : None
  63:D:/iot/felix2/kernel/base/core\los_tick.c ****  Return      : None
  64:D:/iot/felix2/kernel/base/core\los_tick.c ****  *****************************************************************************/
  65:D:/iot/felix2/kernel/base/core\los_tick.c **** LITE_OS_SEC_TEXT VOID osTickHandlerLoop(UINT32 uwElapseTicks)
  66:D:/iot/felix2/kernel/base/core\los_tick.c **** {
  67:D:/iot/felix2/kernel/base/core\los_tick.c ****     UINT32 uwIndex;
  68:D:/iot/felix2/kernel/base/core\los_tick.c **** 
  69:D:/iot/felix2/kernel/base/core\los_tick.c ****     for (uwIndex = 0; uwIndex < uwElapseTicks; uwIndex++)
  70:D:/iot/felix2/kernel/base/core\los_tick.c ****     {
  71:D:/iot/felix2/kernel/base/core\los_tick.c **** #if (LOSCFG_BASE_CORE_TICK_HW_TIME == YES)
  72:D:/iot/felix2/kernel/base/core\los_tick.c ****         platform_tick_handler();
  73:D:/iot/felix2/kernel/base/core\los_tick.c **** #endif
  74:D:/iot/felix2/kernel/base/core\los_tick.c **** 
  75:D:/iot/felix2/kernel/base/core\los_tick.c ****         g_ullTickCount ++;
  76:D:/iot/felix2/kernel/base/core\los_tick.c **** 
  77:D:/iot/felix2/kernel/base/core\los_tick.c **** #if(LOSCFG_BASE_CORE_TIMESLICE == YES)
  78:D:/iot/felix2/kernel/base/core\los_tick.c ****         osTimesliceCheck();
ARM GAS  C:\Users\91458\AppData\Local\Temp\ccSDYSVc.s 			page 3


  79:D:/iot/felix2/kernel/base/core\los_tick.c **** #endif
  80:D:/iot/felix2/kernel/base/core\los_tick.c ****         osTaskScan();   //task timeout scan
  81:D:/iot/felix2/kernel/base/core\los_tick.c **** #if (LOSCFG_BASE_CORE_SWTMR == YES)
  82:D:/iot/felix2/kernel/base/core\los_tick.c ****         (VOID)osSwtmrScan();
  83:D:/iot/felix2/kernel/base/core\los_tick.c **** #endif
  84:D:/iot/felix2/kernel/base/core\los_tick.c ****     }
  85:D:/iot/felix2/kernel/base/core\los_tick.c **** }
  86:D:/iot/felix2/kernel/base/core\los_tick.c **** 
  87:D:/iot/felix2/kernel/base/core\los_tick.c **** #endif
  88:D:/iot/felix2/kernel/base/core\los_tick.c **** 
  89:D:/iot/felix2/kernel/base/core\los_tick.c **** /*****************************************************************************
  90:D:/iot/felix2/kernel/base/core\los_tick.c ****  Description : Tick interruption handler
  91:D:/iot/felix2/kernel/base/core\los_tick.c ****  Input       : None
  92:D:/iot/felix2/kernel/base/core\los_tick.c ****  Output      : None
  93:D:/iot/felix2/kernel/base/core\los_tick.c ****  Return      : None
  94:D:/iot/felix2/kernel/base/core\los_tick.c ****  *****************************************************************************/
  95:D:/iot/felix2/kernel/base/core\los_tick.c **** LITE_OS_SEC_TEXT VOID osTickHandler(VOID)
  96:D:/iot/felix2/kernel/base/core\los_tick.c **** {
  40              		.loc 1 96 0
  41              		.cfi_startproc
  42              		@ args = 0, pretend = 0, frame = 0
  43              		@ frame_needed = 1, uses_anonymous_args = 0
  44 0000 98B5     		push	{r3, r4, r7, lr}
  45              	.LCFI0:
  46              		.cfi_def_cfa_offset 16
  47              		.cfi_offset 3, -16
  48              		.cfi_offset 4, -12
  49              		.cfi_offset 7, -8
  50              		.cfi_offset 14, -4
  51 0002 00AF     		add	r7, sp, #0
  52              	.LCFI1:
  53              		.cfi_def_cfa_register 7
  97:D:/iot/felix2/kernel/base/core\los_tick.c **** #if (LOSCFG_KERNEL_TICKLESS == YES)
  98:D:/iot/felix2/kernel/base/core\los_tick.c ****     if (g_bReloadSysTickFlag)
  99:D:/iot/felix2/kernel/base/core\los_tick.c ****     {
 100:D:/iot/felix2/kernel/base/core\los_tick.c ****         LOS_SysTickReload(OS_SYS_CLOCK / LOSCFG_BASE_CORE_TICK_PER_SECOND);
 101:D:/iot/felix2/kernel/base/core\los_tick.c ****         g_bReloadSysTickFlag = 0;
 102:D:/iot/felix2/kernel/base/core\los_tick.c ****     }
 103:D:/iot/felix2/kernel/base/core\los_tick.c ****     g_bTickIrqFlag = g_bTicklessFlag;
 104:D:/iot/felix2/kernel/base/core\los_tick.c **** 
 105:D:/iot/felix2/kernel/base/core\los_tick.c ****     #if (LOSCFG_PLATFORM_HWI == NO)
 106:D:/iot/felix2/kernel/base/core\los_tick.c ****     if (g_uwSysTickIntFlag == TICKLESS_OS_TICK_INT_WAIT)
 107:D:/iot/felix2/kernel/base/core\los_tick.c ****     {
 108:D:/iot/felix2/kernel/base/core\los_tick.c ****         g_uwSysTickIntFlag = TICKLESS_OS_TICK_INT_SET;
 109:D:/iot/felix2/kernel/base/core\los_tick.c ****     }
 110:D:/iot/felix2/kernel/base/core\los_tick.c ****     #endif
 111:D:/iot/felix2/kernel/base/core\los_tick.c **** #endif
 112:D:/iot/felix2/kernel/base/core\los_tick.c **** 
 113:D:/iot/felix2/kernel/base/core\los_tick.c **** #if (LOSCFG_BASE_CORE_TICK_HW_TIME == YES)
 114:D:/iot/felix2/kernel/base/core\los_tick.c ****     platform_tick_handler();
 115:D:/iot/felix2/kernel/base/core\los_tick.c **** #endif
 116:D:/iot/felix2/kernel/base/core\los_tick.c **** 
 117:D:/iot/felix2/kernel/base/core\los_tick.c ****     g_ullTickCount ++;
  54              		.loc 1 117 0
  55 0004 084B     		ldr	r3, .L2
  56 0006 D3E90012 		ldrd	r1, [r3]
  57 000a 4B1C     		adds	r3, r1, #1
ARM GAS  C:\Users\91458\AppData\Local\Temp\ccSDYSVc.s 			page 4


  58 000c 42F10004 		adc	r4, r2, #0
  59 0010 054A     		ldr	r2, .L2
  60 0012 C2E90034 		strd	r3, [r2]
 118:D:/iot/felix2/kernel/base/core\los_tick.c **** 
 119:D:/iot/felix2/kernel/base/core\los_tick.c **** #if(LOSCFG_BASE_CORE_TIMESLICE == YES)
 120:D:/iot/felix2/kernel/base/core\los_tick.c ****     osTimesliceCheck();
  61              		.loc 1 120 0
  62 0016 FFF7FEFF 		bl	osTimesliceCheck
 121:D:/iot/felix2/kernel/base/core\los_tick.c **** #endif
 122:D:/iot/felix2/kernel/base/core\los_tick.c **** 
 123:D:/iot/felix2/kernel/base/core\los_tick.c ****     osTaskScan();   //task timeout scan
  63              		.loc 1 123 0
  64 001a FFF7FEFF 		bl	osTaskScan
 124:D:/iot/felix2/kernel/base/core\los_tick.c **** 
 125:D:/iot/felix2/kernel/base/core\los_tick.c **** #if (LOSCFG_BASE_CORE_SWTMR == YES)
 126:D:/iot/felix2/kernel/base/core\los_tick.c ****     (VOID)osSwtmrScan();
  65              		.loc 1 126 0
  66 001e FFF7FEFF 		bl	osSwtmrScan
 127:D:/iot/felix2/kernel/base/core\los_tick.c **** #endif
 128:D:/iot/felix2/kernel/base/core\los_tick.c **** }
  67              		.loc 1 128 0
  68 0022 00BF     		nop
  69 0024 98BD     		pop	{r3, r4, r7, pc}
  70              	.L3:
  71 0026 00BF     		.align	2
  72              	.L2:
  73 0028 00000000 		.word	g_ullTickCount
  74              		.cfi_endproc
  75              	.LFE133:
  77              		.section	.text.LOS_SysClockGet,"ax",%progbits
  78              		.align	1
  79              		.global	LOS_SysClockGet
  80              		.syntax unified
  81              		.thumb
  82              		.thumb_func
  83              		.fpu fpv4-sp-d16
  85              	LOS_SysClockGet:
  86              	.LFB134:
 129:D:/iot/felix2/kernel/base/core\los_tick.c **** 
 130:D:/iot/felix2/kernel/base/core\los_tick.c **** LITE_OS_SEC_TEXT UINT32 LOS_SysClockGet(void)
 131:D:/iot/felix2/kernel/base/core\los_tick.c **** {
  87              		.loc 1 131 0
  88              		.cfi_startproc
  89              		@ args = 0, pretend = 0, frame = 0
  90              		@ frame_needed = 1, uses_anonymous_args = 0
  91              		@ link register save eliminated.
  92 0000 80B4     		push	{r7}
  93              	.LCFI2:
  94              		.cfi_def_cfa_offset 4
  95              		.cfi_offset 7, -4
  96 0002 00AF     		add	r7, sp, #0
  97              	.LCFI3:
  98              		.cfi_def_cfa_register 7
 132:D:/iot/felix2/kernel/base/core\los_tick.c ****     return g_uwSysClock;
  99              		.loc 1 132 0
 100 0004 034B     		ldr	r3, .L6
 101 0006 1B68     		ldr	r3, [r3]
ARM GAS  C:\Users\91458\AppData\Local\Temp\ccSDYSVc.s 			page 5


 133:D:/iot/felix2/kernel/base/core\los_tick.c **** }
 102              		.loc 1 133 0
 103 0008 1846     		mov	r0, r3
 104 000a BD46     		mov	sp, r7
 105              	.LCFI4:
 106              		.cfi_def_cfa_register 13
 107              		@ sp needed
 108 000c 5DF8047B 		ldr	r7, [sp], #4
 109              	.LCFI5:
 110              		.cfi_restore 7
 111              		.cfi_def_cfa_offset 0
 112 0010 7047     		bx	lr
 113              	.L7:
 114 0012 00BF     		.align	2
 115              	.L6:
 116 0014 00000000 		.word	g_uwSysClock
 117              		.cfi_endproc
 118              	.LFE134:
 120              		.text
 121              	.Letext0:
 122              		.file 2 "d:\\liteos studio\\resources\\arm-none-eabi\\arm-none-eabi\\include\\machine\\_default_ty
 123              		.file 3 "d:\\liteos studio\\resources\\arm-none-eabi\\arm-none-eabi\\include\\sys\\lock.h"
 124              		.file 4 "d:\\liteos studio\\resources\\arm-none-eabi\\arm-none-eabi\\include\\sys\\_types.h"
 125              		.file 5 "d:\\liteos studio\\resources\\arm-none-eabi\\lib\\gcc\\arm-none-eabi\\7.3.1\\include\\std
 126              		.file 6 "d:\\liteos studio\\resources\\arm-none-eabi\\arm-none-eabi\\include\\sys\\reent.h"
 127              		.file 7 "D:/iot/felix2/kernel/include/los_typedef.h"
 128              		.file 8 "d:\\liteos studio\\resources\\arm-none-eabi\\arm-none-eabi\\include\\sys\\_stdint.h"
 129              		.file 9 "D:/iot/felix2/arch/arm/common/cmsis/core_cm4.h"
 130              		.file 10 "D:/iot/felix2/targets/Cloud_STM32L431_BearPi/Inc/system_stm32l4xx.h"
 131              		.file 11 "D:/iot/felix2/arch/arm/arm-m/include/los_hwi.h"
 132              		.file 12 "D:/iot/felix2/kernel/include/los_list.h"
 133              		.file 13 "D:/iot/felix2/kernel/include/los_event.h"
 134              		.file 14 "D:/iot/felix2/kernel/include/los_task.h"
 135              		.file 15 "D:/iot/felix2/kernel/base/include/los_task.ph"
 136              		.file 16 "D:/iot/felix2/targets/Cloud_STM32L431_BearPi/Inc/main.h"
 137              		.file 17 "D:/iot/felix2/targets/Cloud_STM32L431_BearPi/OS_CONFIG/target_config.h"
 138              		.file 18 "D:/iot/felix2/kernel/include/los_config.h"
 139              		.file 19 "D:/iot/felix2/kernel/include/los_err.h"
 140              		.file 20 "D:/iot/felix2/kernel/include/los_tick.h"
 141              		.file 21 "D:/iot/felix2/kernel/base/include/los_tick.ph"
 142              		.file 22 "D:/iot/felix2/kernel/include/los_swtmr.h"
 143              		.file 23 "D:/iot/felix2/kernel/base/include/los_swtmr.ph"
ARM GAS  C:\Users\91458\AppData\Local\Temp\ccSDYSVc.s 			page 6


DEFINED SYMBOLS
                            *ABS*:00000000 los_tick.c
                            *COM*:00000008 g_ullTickCount
                            *COM*:00000004 g_uwTicksPerSec
                            *COM*:00000004 g_uwCyclePerSec
                            *COM*:00000004 g_uwCyclesPerTick
                            *COM*:00000004 g_uwSysClock
C:\Users\91458\AppData\Local\Temp\ccSDYSVc.s:27     .bss.g_bSysTickStart:00000000 g_bSysTickStart
C:\Users\91458\AppData\Local\Temp\ccSDYSVc.s:24     .bss.g_bSysTickStart:00000000 $d
C:\Users\91458\AppData\Local\Temp\ccSDYSVc.s:30     .text.osTickHandler:00000000 $t
C:\Users\91458\AppData\Local\Temp\ccSDYSVc.s:37     .text.osTickHandler:00000000 osTickHandler
C:\Users\91458\AppData\Local\Temp\ccSDYSVc.s:73     .text.osTickHandler:00000028 $d
C:\Users\91458\AppData\Local\Temp\ccSDYSVc.s:78     .text.LOS_SysClockGet:00000000 $t
C:\Users\91458\AppData\Local\Temp\ccSDYSVc.s:85     .text.LOS_SysClockGet:00000000 LOS_SysClockGet
C:\Users\91458\AppData\Local\Temp\ccSDYSVc.s:116    .text.LOS_SysClockGet:00000014 $d

UNDEFINED SYMBOLS
osTimesliceCheck
osTaskScan
osSwtmrScan
