ARM GAS  C:\Users\91458\AppData\Local\Temp\ccbnB6W0.s 			page 1


   1              		.cpu cortex-m4
   2              		.eabi_attribute 27, 1
   3              		.eabi_attribute 28, 1
   4              		.eabi_attribute 20, 1
   5              		.eabi_attribute 21, 1
   6              		.eabi_attribute 23, 3
   7              		.eabi_attribute 24, 1
   8              		.eabi_attribute 25, 1
   9              		.eabi_attribute 26, 1
  10              		.eabi_attribute 30, 6
  11              		.eabi_attribute 34, 1
  12              		.eabi_attribute 18, 4
  13              		.file	"los_tickless.c"
  14              		.text
  15              	.Ltext0:
  16              		.cfi_sections	.debug_frame
  17              	.Letext0:
  18              		.file 1 "d:\\liteos studio\\resources\\arm-none-eabi\\arm-none-eabi\\include\\machine\\_default_ty
  19              		.file 2 "d:\\liteos studio\\resources\\arm-none-eabi\\arm-none-eabi\\include\\sys\\lock.h"
  20              		.file 3 "d:\\liteos studio\\resources\\arm-none-eabi\\arm-none-eabi\\include\\sys\\_types.h"
  21              		.file 4 "d:\\liteos studio\\resources\\arm-none-eabi\\lib\\gcc\\arm-none-eabi\\7.3.1\\include\\std
  22              		.file 5 "d:\\liteos studio\\resources\\arm-none-eabi\\arm-none-eabi\\include\\sys\\reent.h"
  23              		.file 6 "D:/iot/felix2/kernel/include/los_typedef.h"
  24              		.file 7 "d:\\liteos studio\\resources\\arm-none-eabi\\arm-none-eabi\\include\\sys\\_stdint.h"
  25              		.file 8 "D:/iot/felix2/arch/arm/common/cmsis/core_cm4.h"
  26              		.file 9 "D:/iot/felix2/targets/Cloud_STM32L431_BearPi/Inc/system_stm32l4xx.h"
  27              		.file 10 "D:/iot/felix2/kernel/include/los_list.h"
  28              		.file 11 "D:/iot/felix2/kernel/include/los_err.h"
  29              		.file 12 "D:/iot/felix2/kernel/include/los_tick.h"
  30              		.file 13 "D:/iot/felix2/kernel/include/los_event.h"
  31              		.file 14 "D:/iot/felix2/kernel/include/los_task.h"
  32              		.file 15 "D:/iot/felix2/kernel/base/include/los_task.ph"
  33              		.file 16 "D:/iot/felix2/targets/Cloud_STM32L431_BearPi/Inc/main.h"
  34              		.file 17 "D:/iot/felix2/targets/Cloud_STM32L431_BearPi/OS_CONFIG/target_config.h"
  35              		.file 18 "D:/iot/felix2/kernel/include/los_config.h"
  36              		.file 19 "D:/iot/felix2/arch/arm/arm-m/include/los_hwi.h"
  37              		.file 20 "D:/iot/felix2/kernel/base/include/los_tick.ph"
  38              		.file 21 "D:/iot/felix2/kernel/extended/include/los_tickless.ph"
ARM GAS  C:\Users\91458\AppData\Local\Temp\ccbnB6W0.s 			page 2


DEFINED SYMBOLS
                            *ABS*:00000000 los_tickless.c

NO UNDEFINED SYMBOLS
