ARM GAS  C:\Users\91458\AppData\Local\Temp\ccA5j7cg.s 			page 1


   1              		.cpu cortex-m4
   2              		.eabi_attribute 27, 1
   3              		.eabi_attribute 28, 1
   4              		.eabi_attribute 20, 1
   5              		.eabi_attribute 21, 1
   6              		.eabi_attribute 23, 3
   7              		.eabi_attribute 24, 1
   8              		.eabi_attribute 25, 1
   9              		.eabi_attribute 26, 1
  10              		.eabi_attribute 30, 6
  11              		.eabi_attribute 34, 1
  12              		.eabi_attribute 18, 4
  13              		.file	"los_nb_api.c"
  14              		.text
  15              	.Ltext0:
  16              		.cfi_sections	.debug_frame
  17              		.section	.rodata
  18              		.align	2
  19              	.LC4:
  20 0000 63616C6C 		.ascii	"call nb_hw_detect,ret is %d\012\000"
  20      206E625F 
  20      68775F64 
  20      65746563 
  20      742C7265 
  21 001d 000000   		.align	2
  22              	.LC0:
  23 0020 6E625F6E 		.ascii	"nb_neul95\000"
  23      65756C39 
  23      3500
  24 002a 0000     		.align	2
  25              	.LC1:
  26 002c 0D0A00   		.ascii	"\015\012\000"
  27 002f 00       		.align	2
  28              	.LC3:
  29 0030 20000000 		.word	.LC0
  30 0034 04000000 		.word	4
  31 0038 80250000 		.word	9600
  32 003c 04000000 		.word	4
  33 0040 00080000 		.word	2048
  34 0044 2C000000 		.word	.LC1
  35 0048 2C000000 		.word	.LC1
  36 004c 01000000 		.word	1
  37 0050 10270000 		.word	10000
  38              		.section	.text.los_nb_init,"ax",%progbits
  39              		.align	1
  40              		.global	los_nb_init
  41              		.syntax unified
  42              		.thumb
  43              		.thumb_func
  44              		.fpu fpv4-sp-d16
  46              	los_nb_init:
  47              	.LFB134:
  48              		.file 1 "D:/iot/felix2/components/connectivity/nb_iot/los_nb_api.c"
   1:D:/iot/felix2/components/connectivity/nb_iot\los_nb_api.c **** /*----------------------------------------------------------------------------
   2:D:/iot/felix2/components/connectivity/nb_iot\los_nb_api.c ****  * Copyright (c) <2016-2018>, <Huawei Technologies Co., Ltd>
   3:D:/iot/felix2/components/connectivity/nb_iot\los_nb_api.c ****  * All rights reserved.
   4:D:/iot/felix2/components/connectivity/nb_iot\los_nb_api.c ****  * Redistribution and use in source and binary forms, with or without modification,
ARM GAS  C:\Users\91458\AppData\Local\Temp\ccA5j7cg.s 			page 2


   5:D:/iot/felix2/components/connectivity/nb_iot\los_nb_api.c ****  * are permitted provided that the following conditions are met:
   6:D:/iot/felix2/components/connectivity/nb_iot\los_nb_api.c ****  * 1. Redistributions of source code must retain the above copyright notice, this list of
   7:D:/iot/felix2/components/connectivity/nb_iot\los_nb_api.c ****  * conditions and the following disclaimer.
   8:D:/iot/felix2/components/connectivity/nb_iot\los_nb_api.c ****  * 2. Redistributions in binary form must reproduce the above copyright notice, this list
   9:D:/iot/felix2/components/connectivity/nb_iot\los_nb_api.c ****  * of conditions and the following disclaimer in the documentation and/or other materials
  10:D:/iot/felix2/components/connectivity/nb_iot\los_nb_api.c ****  * provided with the distribution.
  11:D:/iot/felix2/components/connectivity/nb_iot\los_nb_api.c ****  * 3. Neither the name of the copyright holder nor the names of its contributors may be used
  12:D:/iot/felix2/components/connectivity/nb_iot\los_nb_api.c ****  * to endorse or promote products derived from this software without specific prior written
  13:D:/iot/felix2/components/connectivity/nb_iot\los_nb_api.c ****  * permission.
  14:D:/iot/felix2/components/connectivity/nb_iot\los_nb_api.c ****  * THIS SOFTWARE IS PROVIDED BY THE COPYRIGHT HOLDERS AND CONTRIBUTORS
  15:D:/iot/felix2/components/connectivity/nb_iot\los_nb_api.c ****  * "AS IS" AND ANY EXPRESS OR IMPLIED WARRANTIES, INCLUDING, BUT NOT LIMITED TO,
  16:D:/iot/felix2/components/connectivity/nb_iot\los_nb_api.c ****  * THE IMPLIED WARRANTIES OF MERCHANTABILITY AND FITNESS FOR A PARTICULAR
  17:D:/iot/felix2/components/connectivity/nb_iot\los_nb_api.c ****  * PURPOSE ARE DISCLAIMED. IN NO EVENT SHALL THE COPYRIGHT HOLDER OR
  18:D:/iot/felix2/components/connectivity/nb_iot\los_nb_api.c ****  * CONTRIBUTORS BE LIABLE FOR ANY DIRECT, INDIRECT, INCIDENTAL, SPECIAL,
  19:D:/iot/felix2/components/connectivity/nb_iot\los_nb_api.c ****  * EXEMPLARY, OR CONSEQUENTIAL DAMAGES (INCLUDING, BUT NOT LIMITED TO,
  20:D:/iot/felix2/components/connectivity/nb_iot\los_nb_api.c ****  * PROCUREMENT OF SUBSTITUTE GOODS OR SERVICES; LOSS OF USE, DATA, OR PROFITS;
  21:D:/iot/felix2/components/connectivity/nb_iot\los_nb_api.c ****  * OR BUSINESS INTERRUPTION) HOWEVER CAUSED AND ON ANY THEORY OF LIABILITY,
  22:D:/iot/felix2/components/connectivity/nb_iot\los_nb_api.c ****  * WHETHER IN CONTRACT, STRICT LIABILITY, OR TORT (INCLUDING NEGLIGENCE OR
  23:D:/iot/felix2/components/connectivity/nb_iot\los_nb_api.c ****  * OTHERWISE) ARISING IN ANY WAY OUT OF THE USE OF THIS SOFTWARE, EVEN IF
  24:D:/iot/felix2/components/connectivity/nb_iot\los_nb_api.c ****  * ADVISED OF THE POSSIBILITY OF SUCH DAMAGE.
  25:D:/iot/felix2/components/connectivity/nb_iot\los_nb_api.c ****  *---------------------------------------------------------------------------*/
  26:D:/iot/felix2/components/connectivity/nb_iot\los_nb_api.c **** /*----------------------------------------------------------------------------
  27:D:/iot/felix2/components/connectivity/nb_iot\los_nb_api.c ****  * Notice of Export Control Law
  28:D:/iot/felix2/components/connectivity/nb_iot\los_nb_api.c ****  * ===============================================
  29:D:/iot/felix2/components/connectivity/nb_iot\los_nb_api.c ****  * Huawei LiteOS may be subject to applicable export control laws and regulations, which might
  30:D:/iot/felix2/components/connectivity/nb_iot\los_nb_api.c ****  * include those applicable to Huawei LiteOS of U.S. and the country in which you are located.
  31:D:/iot/felix2/components/connectivity/nb_iot\los_nb_api.c ****  * Import, export and usage of Huawei LiteOS in any manner by you shall be in compliance with such
  32:D:/iot/felix2/components/connectivity/nb_iot\los_nb_api.c ****  * applicable export control laws and regulations.
  33:D:/iot/felix2/components/connectivity/nb_iot\los_nb_api.c ****  *---------------------------------------------------------------------------*/
  34:D:/iot/felix2/components/connectivity/nb_iot\los_nb_api.c **** 
  35:D:/iot/felix2/components/connectivity/nb_iot\los_nb_api.c **** #if defined(WITH_AT_FRAMEWORK)
  36:D:/iot/felix2/components/connectivity/nb_iot\los_nb_api.c **** #include "nb_iot/los_nb_api.h"
  37:D:/iot/felix2/components/connectivity/nb_iot\los_nb_api.c **** #include "at_frame/at_api.h"
  38:D:/iot/felix2/components/connectivity/nb_iot\los_nb_api.c **** //#include "atiny_socket.h"
  39:D:/iot/felix2/components/connectivity/nb_iot\los_nb_api.c **** #include "at_device/bc95.h"
  40:D:/iot/felix2/components/connectivity/nb_iot\los_nb_api.c **** 
  41:D:/iot/felix2/components/connectivity/nb_iot\los_nb_api.c **** int los_nb_init(const int8_t* host, const int8_t* port, sec_param_s* psk)
  42:D:/iot/felix2/components/connectivity/nb_iot\los_nb_api.c **** {
  49              		.loc 1 42 0
  50              		.cfi_startproc
  51              		@ args = 0, pretend = 0, frame = 64
  52              		@ frame_needed = 1, uses_anonymous_args = 0
  53 0000 B0B5     		push	{r4, r5, r7, lr}
  54              	.LCFI0:
  55              		.cfi_def_cfa_offset 16
  56              		.cfi_offset 4, -16
  57              		.cfi_offset 5, -12
  58              		.cfi_offset 7, -8
  59              		.cfi_offset 14, -4
  60 0002 90B0     		sub	sp, sp, #64
  61              	.LCFI1:
  62              		.cfi_def_cfa_offset 80
  63 0004 00AF     		add	r7, sp, #0
  64              	.LCFI2:
  65              		.cfi_def_cfa_register 7
  66 0006 F860     		str	r0, [r7, #12]
  67 0008 B960     		str	r1, [r7, #8]
ARM GAS  C:\Users\91458\AppData\Local\Temp\ccA5j7cg.s 			page 3


  68 000a 7A60     		str	r2, [r7, #4]
  43:D:/iot/felix2/components/connectivity/nb_iot\los_nb_api.c ****     int ret;
  44:D:/iot/felix2/components/connectivity/nb_iot\los_nb_api.c ****     int timecnt = 0;
  69              		.loc 1 44 0
  70 000c 0023     		movs	r3, #0
  71 000e BB63     		str	r3, [r7, #56]
  45:D:/iot/felix2/components/connectivity/nb_iot\los_nb_api.c ****     //if(port == NULL)
  46:D:/iot/felix2/components/connectivity/nb_iot\los_nb_api.c ****         //return -1;
  47:D:/iot/felix2/components/connectivity/nb_iot\los_nb_api.c ****     /*when used nb with agenttiny*/
  48:D:/iot/felix2/components/connectivity/nb_iot\los_nb_api.c ****     /*the following para is replaced by call nb_int()*/
  49:D:/iot/felix2/components/connectivity/nb_iot\los_nb_api.c ****     at_config at_user_conf = {
  72              		.loc 1 49 0
  73 0010 294B     		ldr	r3, .L15
  74 0012 07F11404 		add	r4, r7, #20
  75 0016 1D46     		mov	r5, r3
  76 0018 0FCD     		ldmia	r5!, {r0, r1, r2, r3}
  77 001a 0FC4     		stmia	r4!, {r0, r1, r2, r3}
  78 001c 0FCD     		ldmia	r5!, {r0, r1, r2, r3}
  79 001e 0FC4     		stmia	r4!, {r0, r1, r2, r3}
  80 0020 2B68     		ldr	r3, [r5]
  81 0022 2360     		str	r3, [r4]
  50:D:/iot/felix2/components/connectivity/nb_iot\los_nb_api.c ****         .name = AT_MODU_NAME,
  51:D:/iot/felix2/components/connectivity/nb_iot\los_nb_api.c ****         .usart_port = AT_USART_PORT,
  52:D:/iot/felix2/components/connectivity/nb_iot\los_nb_api.c ****         .buardrate = AT_BUARDRATE,
  53:D:/iot/felix2/components/connectivity/nb_iot\los_nb_api.c ****         .linkid_num = AT_MAX_LINK_NUM,
  54:D:/iot/felix2/components/connectivity/nb_iot\los_nb_api.c ****         .user_buf_len = MAX_AT_USERDATA_LEN,
  55:D:/iot/felix2/components/connectivity/nb_iot\los_nb_api.c ****         .cmd_begin = AT_CMD_BEGIN,
  56:D:/iot/felix2/components/connectivity/nb_iot\los_nb_api.c ****         .line_end = AT_LINE_END,
  57:D:/iot/felix2/components/connectivity/nb_iot\los_nb_api.c ****         .mux_mode = 1, //support multi connection mode
  58:D:/iot/felix2/components/connectivity/nb_iot\los_nb_api.c ****         .timeout = AT_CMD_TIMEOUT,   //  ms
  59:D:/iot/felix2/components/connectivity/nb_iot\los_nb_api.c ****     };
  60:D:/iot/felix2/components/connectivity/nb_iot\los_nb_api.c ****     
  61:D:/iot/felix2/components/connectivity/nb_iot\los_nb_api.c ****     at.init(&at_user_conf);
  82              		.loc 1 61 0
  83 0024 254B     		ldr	r3, .L15+4
  84 0026 5B6C     		ldr	r3, [r3, #68]
  85 0028 07F11402 		add	r2, r7, #20
  86 002c 1046     		mov	r0, r2
  87 002e 9847     		blx	r3
  88              	.LVL0:
  62:D:/iot/felix2/components/connectivity/nb_iot\los_nb_api.c **** 
  63:D:/iot/felix2/components/connectivity/nb_iot\los_nb_api.c ****     nb_reboot();
  89              		.loc 1 63 0
  90 0030 FFF7FEFF 		bl	nb_reboot
  64:D:/iot/felix2/components/connectivity/nb_iot\los_nb_api.c ****     //LOS_TaskDelay(2000);
  65:D:/iot/felix2/components/connectivity/nb_iot\los_nb_api.c ****     if(psk != NULL)//encryption v1.9
  91              		.loc 1 65 0
  92 0034 7B68     		ldr	r3, [r7, #4]
  93 0036 002B     		cmp	r3, #0
  94 0038 0ED0     		beq	.L6
  66:D:/iot/felix2/components/connectivity/nb_iot\los_nb_api.c ****     {
  67:D:/iot/felix2/components/connectivity/nb_iot\los_nb_api.c ****         if(psk->setpsk)
  95              		.loc 1 67 0
  96 003a 7B68     		ldr	r3, [r7, #4]
  97 003c 1B7A     		ldrb	r3, [r3, #8]	@ zero_extendqisi2
  98 003e 002B     		cmp	r3, #0
  99 0040 08D0     		beq	.L3
ARM GAS  C:\Users\91458\AppData\Local\Temp\ccA5j7cg.s 			page 4


  68:D:/iot/felix2/components/connectivity/nb_iot\los_nb_api.c ****             nb_send_psk(psk->pskid, psk->psk);
 100              		.loc 1 68 0
 101 0042 7B68     		ldr	r3, [r7, #4]
 102 0044 5A68     		ldr	r2, [r3, #4]
 103 0046 7B68     		ldr	r3, [r7, #4]
 104 0048 1B68     		ldr	r3, [r3]
 105 004a 1946     		mov	r1, r3
 106 004c 1046     		mov	r0, r2
 107 004e FFF7FEFF 		bl	nb_send_psk
 108 0052 01E0     		b	.L6
 109              	.L3:
  69:D:/iot/felix2/components/connectivity/nb_iot\los_nb_api.c ****         else
  70:D:/iot/felix2/components/connectivity/nb_iot\los_nb_api.c ****             nb_set_no_encrypt();
 110              		.loc 1 70 0
 111 0054 FFF7FEFF 		bl	nb_set_no_encrypt
 112              	.L6:
  71:D:/iot/felix2/components/connectivity/nb_iot\los_nb_api.c ****     }
  72:D:/iot/felix2/components/connectivity/nb_iot\los_nb_api.c **** 
  73:D:/iot/felix2/components/connectivity/nb_iot\los_nb_api.c ****     while(1)
  74:D:/iot/felix2/components/connectivity/nb_iot\los_nb_api.c ****     {
  75:D:/iot/felix2/components/connectivity/nb_iot\los_nb_api.c ****         ret = nb_hw_detect();
 113              		.loc 1 75 0
 114 0058 FFF7FEFF 		bl	nb_hw_detect
 115 005c F863     		str	r0, [r7, #60]
  76:D:/iot/felix2/components/connectivity/nb_iot\los_nb_api.c ****         printf("call nb_hw_detect,ret is %d\n",ret);
 116              		.loc 1 76 0
 117 005e F96B     		ldr	r1, [r7, #60]
 118 0060 1748     		ldr	r0, .L15+8
 119 0062 FFF7FEFF 		bl	printf
  77:D:/iot/felix2/components/connectivity/nb_iot\los_nb_api.c ****         if(ret == AT_OK)
 120              		.loc 1 77 0
 121 0066 FB6B     		ldr	r3, [r7, #60]
 122 0068 002B     		cmp	r3, #0
 123 006a 00D0     		beq	.L14
  75:D:/iot/felix2/components/connectivity/nb_iot\los_nb_api.c ****         printf("call nb_hw_detect,ret is %d\n",ret);
 124              		.loc 1 75 0
 125 006c F4E7     		b	.L6
 126              	.L14:
  78:D:/iot/felix2/components/connectivity/nb_iot\los_nb_api.c ****             break;
 127              		.loc 1 78 0
 128 006e 00BF     		nop
  79:D:/iot/felix2/components/connectivity/nb_iot\los_nb_api.c ****         //LOS_TaskDelay(1000);
  80:D:/iot/felix2/components/connectivity/nb_iot\los_nb_api.c ****     }
  81:D:/iot/felix2/components/connectivity/nb_iot\los_nb_api.c ****     //nb_get_auto_connect();
  82:D:/iot/felix2/components/connectivity/nb_iot\los_nb_api.c ****     //nb_connect(NULL, NULL, NULL);
  83:D:/iot/felix2/components/connectivity/nb_iot\los_nb_api.c **** 
  84:D:/iot/felix2/components/connectivity/nb_iot\los_nb_api.c **** 	while(timecnt < 120)
 129              		.loc 1 84 0
 130 0070 0FE0     		b	.L7
 131              	.L10:
  85:D:/iot/felix2/components/connectivity/nb_iot\los_nb_api.c **** 	{
  86:D:/iot/felix2/components/connectivity/nb_iot\los_nb_api.c **** 		ret = nb_get_netstat();
 132              		.loc 1 86 0
 133 0072 FFF7FEFF 		bl	nb_get_netstat
 134 0076 F863     		str	r0, [r7, #60]
  87:D:/iot/felix2/components/connectivity/nb_iot\los_nb_api.c **** 		nb_check_csq();
 135              		.loc 1 87 0
ARM GAS  C:\Users\91458\AppData\Local\Temp\ccA5j7cg.s 			page 5


 136 0078 FFF7FEFF 		bl	nb_check_csq
  88:D:/iot/felix2/components/connectivity/nb_iot\los_nb_api.c **** 		if(ret != AT_FAILED)
 137              		.loc 1 88 0
 138 007c FB6B     		ldr	r3, [r7, #60]
 139 007e B3F1FF3F 		cmp	r3, #-1
 140 0082 03D0     		beq	.L8
  89:D:/iot/felix2/components/connectivity/nb_iot\los_nb_api.c **** 		{
  90:D:/iot/felix2/components/connectivity/nb_iot\los_nb_api.c **** 			ret = nb_query_ip();
 141              		.loc 1 90 0
 142 0084 FFF7FEFF 		bl	nb_query_ip
 143 0088 F863     		str	r0, [r7, #60]
  91:D:/iot/felix2/components/connectivity/nb_iot\los_nb_api.c **** 			break;
 144              		.loc 1 91 0
 145 008a 05E0     		b	.L9
 146              	.L8:
  92:D:/iot/felix2/components/connectivity/nb_iot\los_nb_api.c **** 		}
  93:D:/iot/felix2/components/connectivity/nb_iot\los_nb_api.c **** 		//LOS_TaskDelay(1000);
  94:D:/iot/felix2/components/connectivity/nb_iot\los_nb_api.c **** 		timecnt++;
 147              		.loc 1 94 0
 148 008c BB6B     		ldr	r3, [r7, #56]
 149 008e 0133     		adds	r3, r3, #1
 150 0090 BB63     		str	r3, [r7, #56]
 151              	.L7:
  84:D:/iot/felix2/components/connectivity/nb_iot\los_nb_api.c **** 	{
 152              		.loc 1 84 0
 153 0092 BB6B     		ldr	r3, [r7, #56]
 154 0094 772B     		cmp	r3, #119
 155 0096 ECDD     		ble	.L10
 156              	.L9:
  95:D:/iot/felix2/components/connectivity/nb_iot\los_nb_api.c **** 	}
  96:D:/iot/felix2/components/connectivity/nb_iot\los_nb_api.c **** 	if(ret != AT_FAILED)
 157              		.loc 1 96 0
 158 0098 FB6B     		ldr	r3, [r7, #60]
 159 009a B3F1FF3F 		cmp	r3, #-1
 160 009e 01D0     		beq	.L11
  97:D:/iot/felix2/components/connectivity/nb_iot\los_nb_api.c **** 	{
  98:D:/iot/felix2/components/connectivity/nb_iot\los_nb_api.c **** 		nb_query_ip();
 161              		.loc 1 98 0
 162 00a0 FFF7FEFF 		bl	nb_query_ip
 163              	.L11:
  99:D:/iot/felix2/components/connectivity/nb_iot\los_nb_api.c **** 	}
 100:D:/iot/felix2/components/connectivity/nb_iot\los_nb_api.c **** 	ret = nb_set_cdpserver((char *)host, (char *)port);
 164              		.loc 1 100 0
 165 00a4 B968     		ldr	r1, [r7, #8]
 166 00a6 F868     		ldr	r0, [r7, #12]
 167 00a8 FFF7FEFF 		bl	nb_set_cdpserver
 168 00ac F863     		str	r0, [r7, #60]
 101:D:/iot/felix2/components/connectivity/nb_iot\los_nb_api.c ****     return ret;
 169              		.loc 1 101 0
 170 00ae FB6B     		ldr	r3, [r7, #60]
 102:D:/iot/felix2/components/connectivity/nb_iot\los_nb_api.c **** }
 171              		.loc 1 102 0
 172 00b0 1846     		mov	r0, r3
 173 00b2 4037     		adds	r7, r7, #64
 174              	.LCFI3:
 175              		.cfi_def_cfa_offset 16
 176 00b4 BD46     		mov	sp, r7
ARM GAS  C:\Users\91458\AppData\Local\Temp\ccA5j7cg.s 			page 6


 177              	.LCFI4:
 178              		.cfi_def_cfa_register 13
 179              		@ sp needed
 180 00b6 B0BD     		pop	{r4, r5, r7, pc}
 181              	.L16:
 182              		.align	2
 183              	.L15:
 184 00b8 30000000 		.word	.LC3
 185 00bc 00000000 		.word	at
 186 00c0 00000000 		.word	.LC4
 187              		.cfi_endproc
 188              	.LFE134:
 190              		.section	.text.los_nb_report,"ax",%progbits
 191              		.align	1
 192              		.global	los_nb_report
 193              		.syntax unified
 194              		.thumb
 195              		.thumb_func
 196              		.fpu fpv4-sp-d16
 198              	los_nb_report:
 199              	.LFB135:
 103:D:/iot/felix2/components/connectivity/nb_iot\los_nb_api.c **** 
 104:D:/iot/felix2/components/connectivity/nb_iot\los_nb_api.c **** int los_nb_report(const char* buf, int len)
 105:D:/iot/felix2/components/connectivity/nb_iot\los_nb_api.c **** {
 200              		.loc 1 105 0
 201              		.cfi_startproc
 202              		@ args = 0, pretend = 0, frame = 8
 203              		@ frame_needed = 1, uses_anonymous_args = 0
 204 0000 80B5     		push	{r7, lr}
 205              	.LCFI5:
 206              		.cfi_def_cfa_offset 8
 207              		.cfi_offset 7, -8
 208              		.cfi_offset 14, -4
 209 0002 82B0     		sub	sp, sp, #8
 210              	.LCFI6:
 211              		.cfi_def_cfa_offset 16
 212 0004 00AF     		add	r7, sp, #0
 213              	.LCFI7:
 214              		.cfi_def_cfa_register 7
 215 0006 7860     		str	r0, [r7, #4]
 216 0008 3960     		str	r1, [r7]
 106:D:/iot/felix2/components/connectivity/nb_iot\los_nb_api.c ****     if(buf == NULL || len <= 0)
 217              		.loc 1 106 0
 218 000a 7B68     		ldr	r3, [r7, #4]
 219 000c 002B     		cmp	r3, #0
 220 000e 02D0     		beq	.L18
 221              		.loc 1 106 0 is_stmt 0 discriminator 1
 222 0010 3B68     		ldr	r3, [r7]
 223 0012 002B     		cmp	r3, #0
 224 0014 02DC     		bgt	.L19
 225              	.L18:
 107:D:/iot/felix2/components/connectivity/nb_iot\los_nb_api.c ****         return -1;
 226              		.loc 1 107 0 is_stmt 1
 227 0016 4FF0FF33 		mov	r3, #-1
 228 001a 04E0     		b	.L20
 229              	.L19:
 108:D:/iot/felix2/components/connectivity/nb_iot\los_nb_api.c ****     return nb_send_payload(buf, len);
ARM GAS  C:\Users\91458\AppData\Local\Temp\ccA5j7cg.s 			page 7


 230              		.loc 1 108 0
 231 001c 3968     		ldr	r1, [r7]
 232 001e 7868     		ldr	r0, [r7, #4]
 233 0020 FFF7FEFF 		bl	nb_send_payload
 234 0024 0346     		mov	r3, r0
 235              	.L20:
 109:D:/iot/felix2/components/connectivity/nb_iot\los_nb_api.c **** }
 236              		.loc 1 109 0
 237 0026 1846     		mov	r0, r3
 238 0028 0837     		adds	r7, r7, #8
 239              	.LCFI8:
 240              		.cfi_def_cfa_offset 8
 241 002a BD46     		mov	sp, r7
 242              	.LCFI9:
 243              		.cfi_def_cfa_register 13
 244              		@ sp needed
 245 002c 80BD     		pop	{r7, pc}
 246              		.cfi_endproc
 247              	.LFE135:
 249              		.section	.text.los_nb_notify,"ax",%progbits
 250              		.align	1
 251              		.global	los_nb_notify
 252              		.syntax unified
 253              		.thumb
 254              		.thumb_func
 255              		.fpu fpv4-sp-d16
 257              	los_nb_notify:
 258              	.LFB136:
 110:D:/iot/felix2/components/connectivity/nb_iot\los_nb_api.c **** 
 111:D:/iot/felix2/components/connectivity/nb_iot\los_nb_api.c **** int los_nb_notify(char* featurestr,int cmdlen, oob_callback callback, oob_cmd_match cmd_match)
 112:D:/iot/felix2/components/connectivity/nb_iot\los_nb_api.c **** {
 259              		.loc 1 112 0
 260              		.cfi_startproc
 261              		@ args = 0, pretend = 0, frame = 16
 262              		@ frame_needed = 1, uses_anonymous_args = 0
 263 0000 90B5     		push	{r4, r7, lr}
 264              	.LCFI10:
 265              		.cfi_def_cfa_offset 12
 266              		.cfi_offset 4, -12
 267              		.cfi_offset 7, -8
 268              		.cfi_offset 14, -4
 269 0002 85B0     		sub	sp, sp, #20
 270              	.LCFI11:
 271              		.cfi_def_cfa_offset 32
 272 0004 00AF     		add	r7, sp, #0
 273              	.LCFI12:
 274              		.cfi_def_cfa_register 7
 275 0006 F860     		str	r0, [r7, #12]
 276 0008 B960     		str	r1, [r7, #8]
 277 000a 7A60     		str	r2, [r7, #4]
 278 000c 3B60     		str	r3, [r7]
 113:D:/iot/felix2/components/connectivity/nb_iot\los_nb_api.c ****     if(featurestr == NULL ||cmdlen <= 0 || cmdlen >= OOB_CMD_LEN - 1)
 279              		.loc 1 113 0
 280 000e FB68     		ldr	r3, [r7, #12]
 281 0010 002B     		cmp	r3, #0
 282 0012 05D0     		beq	.L22
 283              		.loc 1 113 0 is_stmt 0 discriminator 1
ARM GAS  C:\Users\91458\AppData\Local\Temp\ccA5j7cg.s 			page 8


 284 0014 BB68     		ldr	r3, [r7, #8]
 285 0016 002B     		cmp	r3, #0
 286 0018 02DD     		ble	.L22
 287              		.loc 1 113 0 discriminator 2
 288 001a BB68     		ldr	r3, [r7, #8]
 289 001c 262B     		cmp	r3, #38
 290 001e 02DD     		ble	.L23
 291              	.L22:
 114:D:/iot/felix2/components/connectivity/nb_iot\los_nb_api.c ****         return -1;
 292              		.loc 1 114 0 is_stmt 1
 293 0020 4FF0FF33 		mov	r3, #-1
 294 0024 07E0     		b	.L24
 295              	.L23:
 115:D:/iot/felix2/components/connectivity/nb_iot\los_nb_api.c ****     return at.oob_register(featurestr,cmdlen, callback,cmd_match);
 296              		.loc 1 115 0
 297 0026 064B     		ldr	r3, .L25
 298 0028 5C6D     		ldr	r4, [r3, #84]
 299 002a 3B68     		ldr	r3, [r7]
 300 002c 7A68     		ldr	r2, [r7, #4]
 301 002e B968     		ldr	r1, [r7, #8]
 302 0030 F868     		ldr	r0, [r7, #12]
 303 0032 A047     		blx	r4
 304              	.LVL1:
 305 0034 0346     		mov	r3, r0
 306              	.L24:
 116:D:/iot/felix2/components/connectivity/nb_iot\los_nb_api.c **** }
 307              		.loc 1 116 0
 308 0036 1846     		mov	r0, r3
 309 0038 1437     		adds	r7, r7, #20
 310              	.LCFI13:
 311              		.cfi_def_cfa_offset 12
 312 003a BD46     		mov	sp, r7
 313              	.LCFI14:
 314              		.cfi_def_cfa_register 13
 315              		@ sp needed
 316 003c 90BD     		pop	{r4, r7, pc}
 317              	.L26:
 318 003e 00BF     		.align	2
 319              	.L25:
 320 0040 00000000 		.word	at
 321              		.cfi_endproc
 322              	.LFE136:
 324              		.section	.text.los_nb_deinit,"ax",%progbits
 325              		.align	1
 326              		.global	los_nb_deinit
 327              		.syntax unified
 328              		.thumb
 329              		.thumb_func
 330              		.fpu fpv4-sp-d16
 332              	los_nb_deinit:
 333              	.LFB137:
 117:D:/iot/felix2/components/connectivity/nb_iot\los_nb_api.c **** 
 118:D:/iot/felix2/components/connectivity/nb_iot\los_nb_api.c **** int los_nb_deinit(void)
 119:D:/iot/felix2/components/connectivity/nb_iot\los_nb_api.c **** {
 334              		.loc 1 119 0
 335              		.cfi_startproc
 336              		@ args = 0, pretend = 0, frame = 0
ARM GAS  C:\Users\91458\AppData\Local\Temp\ccA5j7cg.s 			page 9


 337              		@ frame_needed = 1, uses_anonymous_args = 0
 338 0000 80B5     		push	{r7, lr}
 339              	.LCFI15:
 340              		.cfi_def_cfa_offset 8
 341              		.cfi_offset 7, -8
 342              		.cfi_offset 14, -4
 343 0002 00AF     		add	r7, sp, #0
 344              	.LCFI16:
 345              		.cfi_def_cfa_register 7
 120:D:/iot/felix2/components/connectivity/nb_iot\los_nb_api.c ****     nb_reboot();
 346              		.loc 1 120 0
 347 0004 FFF7FEFF 		bl	nb_reboot
 121:D:/iot/felix2/components/connectivity/nb_iot\los_nb_api.c **** 	at.deinit();
 348              		.loc 1 121 0
 349 0008 024B     		ldr	r3, .L29
 350 000a 9B6D     		ldr	r3, [r3, #88]
 351 000c 9847     		blx	r3
 352              	.LVL2:
 122:D:/iot/felix2/components/connectivity/nb_iot\los_nb_api.c **** 	return 0;
 353              		.loc 1 122 0
 354 000e 0023     		movs	r3, #0
 123:D:/iot/felix2/components/connectivity/nb_iot\los_nb_api.c **** }
 355              		.loc 1 123 0
 356 0010 1846     		mov	r0, r3
 357 0012 80BD     		pop	{r7, pc}
 358              	.L30:
 359              		.align	2
 360              	.L29:
 361 0014 00000000 		.word	at
 362              		.cfi_endproc
 363              	.LFE137:
 365              		.text
 366              	.Letext0:
 367              		.file 2 "d:\\liteos studio\\resources\\arm-none-eabi\\arm-none-eabi\\include\\machine\\_default_ty
 368              		.file 3 "d:\\liteos studio\\resources\\arm-none-eabi\\arm-none-eabi\\include\\sys\\lock.h"
 369              		.file 4 "d:\\liteos studio\\resources\\arm-none-eabi\\arm-none-eabi\\include\\sys\\_types.h"
 370              		.file 5 "d:\\liteos studio\\resources\\arm-none-eabi\\lib\\gcc\\arm-none-eabi\\7.3.1\\include\\std
 371              		.file 6 "d:\\liteos studio\\resources\\arm-none-eabi\\arm-none-eabi\\include\\sys\\reent.h"
 372              		.file 7 "D:/iot/felix2/kernel/include/los_typedef.h"
 373              		.file 8 "d:\\liteos studio\\resources\\arm-none-eabi\\arm-none-eabi\\include\\sys\\_stdint.h"
 374              		.file 9 "D:/iot/felix2/arch/arm/common/cmsis/core_cm4.h"
 375              		.file 10 "D:/iot/felix2/targets/Cloud_STM32L431_BearPi/Inc/system_stm32l4xx.h"
 376              		.file 11 "D:/iot/felix2/arch/arm/arm-m/include/los_hwi.h"
 377              		.file 12 "D:/iot/felix2/kernel/include/los_list.h"
 378              		.file 13 "D:/iot/felix2/kernel/include/los_err.h"
 379              		.file 14 "D:/iot/felix2/kernel/include/los_tick.h"
 380              		.file 15 "D:/iot/felix2/kernel/include/los_event.h"
 381              		.file 16 "D:/iot/felix2/kernel/include/los_task.h"
 382              		.file 17 "D:/iot/felix2/kernel/base/include/los_task.ph"
 383              		.file 18 "D:/iot/felix2/targets/Cloud_STM32L431_BearPi/Inc/main.h"
 384              		.file 19 "D:/iot/felix2/targets/Cloud_STM32L431_BearPi/OS_CONFIG/target_config.h"
 385              		.file 20 "D:/iot/felix2/kernel/include/los_config.h"
 386              		.file 21 "D:/iot/felix2/include/at_frame/at_main.h"
 387              		.file 22 "D:/iot/felix2/include/nb_iot/los_nb_api.h"
ARM GAS  C:\Users\91458\AppData\Local\Temp\ccA5j7cg.s 			page 10


DEFINED SYMBOLS
                            *ABS*:00000000 los_nb_api.c
C:\Users\91458\AppData\Local\Temp\ccA5j7cg.s:18     .rodata:00000000 $d
C:\Users\91458\AppData\Local\Temp\ccA5j7cg.s:39     .text.los_nb_init:00000000 $t
C:\Users\91458\AppData\Local\Temp\ccA5j7cg.s:46     .text.los_nb_init:00000000 los_nb_init
C:\Users\91458\AppData\Local\Temp\ccA5j7cg.s:184    .text.los_nb_init:000000b8 $d
C:\Users\91458\AppData\Local\Temp\ccA5j7cg.s:191    .text.los_nb_report:00000000 $t
C:\Users\91458\AppData\Local\Temp\ccA5j7cg.s:198    .text.los_nb_report:00000000 los_nb_report
C:\Users\91458\AppData\Local\Temp\ccA5j7cg.s:250    .text.los_nb_notify:00000000 $t
C:\Users\91458\AppData\Local\Temp\ccA5j7cg.s:257    .text.los_nb_notify:00000000 los_nb_notify
C:\Users\91458\AppData\Local\Temp\ccA5j7cg.s:320    .text.los_nb_notify:00000040 $d
C:\Users\91458\AppData\Local\Temp\ccA5j7cg.s:325    .text.los_nb_deinit:00000000 $t
C:\Users\91458\AppData\Local\Temp\ccA5j7cg.s:332    .text.los_nb_deinit:00000000 los_nb_deinit
C:\Users\91458\AppData\Local\Temp\ccA5j7cg.s:361    .text.los_nb_deinit:00000014 $d

UNDEFINED SYMBOLS
nb_reboot
nb_send_psk
nb_set_no_encrypt
nb_hw_detect
printf
nb_get_netstat
nb_check_csq
nb_query_ip
nb_set_cdpserver
at
nb_send_payload
