ARM GAS  C:\Users\91458\AppData\Local\Temp\ccQPc2zY.s 			page 1


   1              		.cpu cortex-m4
   2              		.eabi_attribute 27, 1
   3              		.eabi_attribute 28, 1
   4              		.eabi_attribute 20, 1
   5              		.eabi_attribute 21, 1
   6              		.eabi_attribute 23, 3
   7              		.eabi_attribute 24, 1
   8              		.eabi_attribute 25, 1
   9              		.eabi_attribute 26, 1
  10              		.eabi_attribute 30, 6
  11              		.eabi_attribute 34, 1
  12              		.eabi_attribute 18, 4
  13              		.file	"stm32l4xx_hal_i2c_ex.c"
  14              		.text
  15              	.Ltext0:
  16              		.cfi_sections	.debug_frame
  17              		.section	.text.HAL_I2CEx_ConfigAnalogFilter,"ax",%progbits
  18              		.align	1
  19              		.global	HAL_I2CEx_ConfigAnalogFilter
  20              		.syntax unified
  21              		.thumb
  22              		.thumb_func
  23              		.fpu fpv4-sp-d16
  25              	HAL_I2CEx_ConfigAnalogFilter:
  26              	.LFB133:
  27              		.file 1 "D:/iot/felix2/targets/Cloud_STM32L431_BearPi/Drivers/STM32L4xx_HAL_Driver/Src/stm32l4xx_h
   1:D:/iot/felix2/targets/Cloud_STM32L431_BearPi/Drivers/STM32L4xx_HAL_Driver/Src\stm32l4xx_hal_i2c_ex.c **** /**
   2:D:/iot/felix2/targets/Cloud_STM32L431_BearPi/Drivers/STM32L4xx_HAL_Driver/Src\stm32l4xx_hal_i2c_ex.c ****   ******************************************************************************
   3:D:/iot/felix2/targets/Cloud_STM32L431_BearPi/Drivers/STM32L4xx_HAL_Driver/Src\stm32l4xx_hal_i2c_ex.c ****   * @file    stm32l4xx_hal_i2c_ex.c
   4:D:/iot/felix2/targets/Cloud_STM32L431_BearPi/Drivers/STM32L4xx_HAL_Driver/Src\stm32l4xx_hal_i2c_ex.c ****   * @author  MCD Application Team
   5:D:/iot/felix2/targets/Cloud_STM32L431_BearPi/Drivers/STM32L4xx_HAL_Driver/Src\stm32l4xx_hal_i2c_ex.c ****   * @brief   I2C Extended HAL module driver.
   6:D:/iot/felix2/targets/Cloud_STM32L431_BearPi/Drivers/STM32L4xx_HAL_Driver/Src\stm32l4xx_hal_i2c_ex.c ****   *          This file provides firmware functions to manage the following
   7:D:/iot/felix2/targets/Cloud_STM32L431_BearPi/Drivers/STM32L4xx_HAL_Driver/Src\stm32l4xx_hal_i2c_ex.c ****   *          functionalities of I2C Extended peripheral:
   8:D:/iot/felix2/targets/Cloud_STM32L431_BearPi/Drivers/STM32L4xx_HAL_Driver/Src\stm32l4xx_hal_i2c_ex.c ****   *           + Extended features functions
   9:D:/iot/felix2/targets/Cloud_STM32L431_BearPi/Drivers/STM32L4xx_HAL_Driver/Src\stm32l4xx_hal_i2c_ex.c ****   *
  10:D:/iot/felix2/targets/Cloud_STM32L431_BearPi/Drivers/STM32L4xx_HAL_Driver/Src\stm32l4xx_hal_i2c_ex.c ****   @verbatim
  11:D:/iot/felix2/targets/Cloud_STM32L431_BearPi/Drivers/STM32L4xx_HAL_Driver/Src\stm32l4xx_hal_i2c_ex.c ****   ==============================================================================
  12:D:/iot/felix2/targets/Cloud_STM32L431_BearPi/Drivers/STM32L4xx_HAL_Driver/Src\stm32l4xx_hal_i2c_ex.c ****                ##### I2C peripheral Extended features  #####
  13:D:/iot/felix2/targets/Cloud_STM32L431_BearPi/Drivers/STM32L4xx_HAL_Driver/Src\stm32l4xx_hal_i2c_ex.c ****   ==============================================================================
  14:D:/iot/felix2/targets/Cloud_STM32L431_BearPi/Drivers/STM32L4xx_HAL_Driver/Src\stm32l4xx_hal_i2c_ex.c **** 
  15:D:/iot/felix2/targets/Cloud_STM32L431_BearPi/Drivers/STM32L4xx_HAL_Driver/Src\stm32l4xx_hal_i2c_ex.c ****   [..] Comparing to other previous devices, the I2C interface for STM32L4xx
  16:D:/iot/felix2/targets/Cloud_STM32L431_BearPi/Drivers/STM32L4xx_HAL_Driver/Src\stm32l4xx_hal_i2c_ex.c ****        devices contains the following additional features
  17:D:/iot/felix2/targets/Cloud_STM32L431_BearPi/Drivers/STM32L4xx_HAL_Driver/Src\stm32l4xx_hal_i2c_ex.c **** 
  18:D:/iot/felix2/targets/Cloud_STM32L431_BearPi/Drivers/STM32L4xx_HAL_Driver/Src\stm32l4xx_hal_i2c_ex.c ****        (+) Possibility to disable or enable Analog Noise Filter
  19:D:/iot/felix2/targets/Cloud_STM32L431_BearPi/Drivers/STM32L4xx_HAL_Driver/Src\stm32l4xx_hal_i2c_ex.c ****        (+) Use of a configured Digital Noise Filter
  20:D:/iot/felix2/targets/Cloud_STM32L431_BearPi/Drivers/STM32L4xx_HAL_Driver/Src\stm32l4xx_hal_i2c_ex.c ****        (+) Disable or enable wakeup from Stop mode(s)
  21:D:/iot/felix2/targets/Cloud_STM32L431_BearPi/Drivers/STM32L4xx_HAL_Driver/Src\stm32l4xx_hal_i2c_ex.c ****        (+) Disable or enable Fast Mode Plus
  22:D:/iot/felix2/targets/Cloud_STM32L431_BearPi/Drivers/STM32L4xx_HAL_Driver/Src\stm32l4xx_hal_i2c_ex.c **** 
  23:D:/iot/felix2/targets/Cloud_STM32L431_BearPi/Drivers/STM32L4xx_HAL_Driver/Src\stm32l4xx_hal_i2c_ex.c ****                      ##### How to use this driver #####
  24:D:/iot/felix2/targets/Cloud_STM32L431_BearPi/Drivers/STM32L4xx_HAL_Driver/Src\stm32l4xx_hal_i2c_ex.c ****   ==============================================================================
  25:D:/iot/felix2/targets/Cloud_STM32L431_BearPi/Drivers/STM32L4xx_HAL_Driver/Src\stm32l4xx_hal_i2c_ex.c ****   [..] This driver provides functions to configure Noise Filter and Wake Up Feature
  26:D:/iot/felix2/targets/Cloud_STM32L431_BearPi/Drivers/STM32L4xx_HAL_Driver/Src\stm32l4xx_hal_i2c_ex.c ****     (#) Configure I2C Analog noise filter using the function HAL_I2CEx_ConfigAnalogFilter()
  27:D:/iot/felix2/targets/Cloud_STM32L431_BearPi/Drivers/STM32L4xx_HAL_Driver/Src\stm32l4xx_hal_i2c_ex.c ****     (#) Configure I2C Digital noise filter using the function HAL_I2CEx_ConfigDigitalFilter()
  28:D:/iot/felix2/targets/Cloud_STM32L431_BearPi/Drivers/STM32L4xx_HAL_Driver/Src\stm32l4xx_hal_i2c_ex.c ****     (#) Configure the enable or disable of I2C Wake Up Mode using the functions :
  29:D:/iot/felix2/targets/Cloud_STM32L431_BearPi/Drivers/STM32L4xx_HAL_Driver/Src\stm32l4xx_hal_i2c_ex.c ****           (++) HAL_I2CEx_EnableWakeUp()
  30:D:/iot/felix2/targets/Cloud_STM32L431_BearPi/Drivers/STM32L4xx_HAL_Driver/Src\stm32l4xx_hal_i2c_ex.c ****           (++) HAL_I2CEx_DisableWakeUp()
  31:D:/iot/felix2/targets/Cloud_STM32L431_BearPi/Drivers/STM32L4xx_HAL_Driver/Src\stm32l4xx_hal_i2c_ex.c ****     (#) Configure the enable or disable of fast mode plus driving capability using the functions :
ARM GAS  C:\Users\91458\AppData\Local\Temp\ccQPc2zY.s 			page 2


  32:D:/iot/felix2/targets/Cloud_STM32L431_BearPi/Drivers/STM32L4xx_HAL_Driver/Src\stm32l4xx_hal_i2c_ex.c ****           (++) HAL_I2CEx_EnableFastModePlus()
  33:D:/iot/felix2/targets/Cloud_STM32L431_BearPi/Drivers/STM32L4xx_HAL_Driver/Src\stm32l4xx_hal_i2c_ex.c ****           (++) HAL_I2CEx_DisableFastModePlus()
  34:D:/iot/felix2/targets/Cloud_STM32L431_BearPi/Drivers/STM32L4xx_HAL_Driver/Src\stm32l4xx_hal_i2c_ex.c ****   @endverbatim
  35:D:/iot/felix2/targets/Cloud_STM32L431_BearPi/Drivers/STM32L4xx_HAL_Driver/Src\stm32l4xx_hal_i2c_ex.c ****   ******************************************************************************
  36:D:/iot/felix2/targets/Cloud_STM32L431_BearPi/Drivers/STM32L4xx_HAL_Driver/Src\stm32l4xx_hal_i2c_ex.c ****   * @attention
  37:D:/iot/felix2/targets/Cloud_STM32L431_BearPi/Drivers/STM32L4xx_HAL_Driver/Src\stm32l4xx_hal_i2c_ex.c ****   *
  38:D:/iot/felix2/targets/Cloud_STM32L431_BearPi/Drivers/STM32L4xx_HAL_Driver/Src\stm32l4xx_hal_i2c_ex.c ****   * <h2><center>&copy; COPYRIGHT(c) 2017 STMicroelectronics</center></h2>
  39:D:/iot/felix2/targets/Cloud_STM32L431_BearPi/Drivers/STM32L4xx_HAL_Driver/Src\stm32l4xx_hal_i2c_ex.c ****   *
  40:D:/iot/felix2/targets/Cloud_STM32L431_BearPi/Drivers/STM32L4xx_HAL_Driver/Src\stm32l4xx_hal_i2c_ex.c ****   * Redistribution and use in source and binary forms, with or without modification,
  41:D:/iot/felix2/targets/Cloud_STM32L431_BearPi/Drivers/STM32L4xx_HAL_Driver/Src\stm32l4xx_hal_i2c_ex.c ****   * are permitted provided that the following conditions are met:
  42:D:/iot/felix2/targets/Cloud_STM32L431_BearPi/Drivers/STM32L4xx_HAL_Driver/Src\stm32l4xx_hal_i2c_ex.c ****   *   1. Redistributions of source code must retain the above copyright notice,
  43:D:/iot/felix2/targets/Cloud_STM32L431_BearPi/Drivers/STM32L4xx_HAL_Driver/Src\stm32l4xx_hal_i2c_ex.c ****   *      this list of conditions and the following disclaimer.
  44:D:/iot/felix2/targets/Cloud_STM32L431_BearPi/Drivers/STM32L4xx_HAL_Driver/Src\stm32l4xx_hal_i2c_ex.c ****   *   2. Redistributions in binary form must reproduce the above copyright notice,
  45:D:/iot/felix2/targets/Cloud_STM32L431_BearPi/Drivers/STM32L4xx_HAL_Driver/Src\stm32l4xx_hal_i2c_ex.c ****   *      this list of conditions and the following disclaimer in the documentation
  46:D:/iot/felix2/targets/Cloud_STM32L431_BearPi/Drivers/STM32L4xx_HAL_Driver/Src\stm32l4xx_hal_i2c_ex.c ****   *      and/or other materials provided with the distribution.
  47:D:/iot/felix2/targets/Cloud_STM32L431_BearPi/Drivers/STM32L4xx_HAL_Driver/Src\stm32l4xx_hal_i2c_ex.c ****   *   3. Neither the name of STMicroelectronics nor the names of its contributors
  48:D:/iot/felix2/targets/Cloud_STM32L431_BearPi/Drivers/STM32L4xx_HAL_Driver/Src\stm32l4xx_hal_i2c_ex.c ****   *      may be used to endorse or promote products derived from this software
  49:D:/iot/felix2/targets/Cloud_STM32L431_BearPi/Drivers/STM32L4xx_HAL_Driver/Src\stm32l4xx_hal_i2c_ex.c ****   *      without specific prior written permission.
  50:D:/iot/felix2/targets/Cloud_STM32L431_BearPi/Drivers/STM32L4xx_HAL_Driver/Src\stm32l4xx_hal_i2c_ex.c ****   *
  51:D:/iot/felix2/targets/Cloud_STM32L431_BearPi/Drivers/STM32L4xx_HAL_Driver/Src\stm32l4xx_hal_i2c_ex.c ****   * THIS SOFTWARE IS PROVIDED BY THE COPYRIGHT HOLDERS AND CONTRIBUTORS "AS IS"
  52:D:/iot/felix2/targets/Cloud_STM32L431_BearPi/Drivers/STM32L4xx_HAL_Driver/Src\stm32l4xx_hal_i2c_ex.c ****   * AND ANY EXPRESS OR IMPLIED WARRANTIES, INCLUDING, BUT NOT LIMITED TO, THE
  53:D:/iot/felix2/targets/Cloud_STM32L431_BearPi/Drivers/STM32L4xx_HAL_Driver/Src\stm32l4xx_hal_i2c_ex.c ****   * IMPLIED WARRANTIES OF MERCHANTABILITY AND FITNESS FOR A PARTICULAR PURPOSE ARE
  54:D:/iot/felix2/targets/Cloud_STM32L431_BearPi/Drivers/STM32L4xx_HAL_Driver/Src\stm32l4xx_hal_i2c_ex.c ****   * DISCLAIMED. IN NO EVENT SHALL THE COPYRIGHT HOLDER OR CONTRIBUTORS BE LIABLE
  55:D:/iot/felix2/targets/Cloud_STM32L431_BearPi/Drivers/STM32L4xx_HAL_Driver/Src\stm32l4xx_hal_i2c_ex.c ****   * FOR ANY DIRECT, INDIRECT, INCIDENTAL, SPECIAL, EXEMPLARY, OR CONSEQUENTIAL
  56:D:/iot/felix2/targets/Cloud_STM32L431_BearPi/Drivers/STM32L4xx_HAL_Driver/Src\stm32l4xx_hal_i2c_ex.c ****   * DAMAGES (INCLUDING, BUT NOT LIMITED TO, PROCUREMENT OF SUBSTITUTE GOODS OR
  57:D:/iot/felix2/targets/Cloud_STM32L431_BearPi/Drivers/STM32L4xx_HAL_Driver/Src\stm32l4xx_hal_i2c_ex.c ****   * SERVICES; LOSS OF USE, DATA, OR PROFITS; OR BUSINESS INTERRUPTION) HOWEVER
  58:D:/iot/felix2/targets/Cloud_STM32L431_BearPi/Drivers/STM32L4xx_HAL_Driver/Src\stm32l4xx_hal_i2c_ex.c ****   * CAUSED AND ON ANY THEORY OF LIABILITY, WHETHER IN CONTRACT, STRICT LIABILITY,
  59:D:/iot/felix2/targets/Cloud_STM32L431_BearPi/Drivers/STM32L4xx_HAL_Driver/Src\stm32l4xx_hal_i2c_ex.c ****   * OR TORT (INCLUDING NEGLIGENCE OR OTHERWISE) ARISING IN ANY WAY OUT OF THE USE
  60:D:/iot/felix2/targets/Cloud_STM32L431_BearPi/Drivers/STM32L4xx_HAL_Driver/Src\stm32l4xx_hal_i2c_ex.c ****   * OF THIS SOFTWARE, EVEN IF ADVISED OF THE POSSIBILITY OF SUCH DAMAGE.
  61:D:/iot/felix2/targets/Cloud_STM32L431_BearPi/Drivers/STM32L4xx_HAL_Driver/Src\stm32l4xx_hal_i2c_ex.c ****   *
  62:D:/iot/felix2/targets/Cloud_STM32L431_BearPi/Drivers/STM32L4xx_HAL_Driver/Src\stm32l4xx_hal_i2c_ex.c ****   ******************************************************************************
  63:D:/iot/felix2/targets/Cloud_STM32L431_BearPi/Drivers/STM32L4xx_HAL_Driver/Src\stm32l4xx_hal_i2c_ex.c ****   */
  64:D:/iot/felix2/targets/Cloud_STM32L431_BearPi/Drivers/STM32L4xx_HAL_Driver/Src\stm32l4xx_hal_i2c_ex.c **** 
  65:D:/iot/felix2/targets/Cloud_STM32L431_BearPi/Drivers/STM32L4xx_HAL_Driver/Src\stm32l4xx_hal_i2c_ex.c **** /* Includes ------------------------------------------------------------------*/
  66:D:/iot/felix2/targets/Cloud_STM32L431_BearPi/Drivers/STM32L4xx_HAL_Driver/Src\stm32l4xx_hal_i2c_ex.c **** #include "stm32l4xx_hal.h"
  67:D:/iot/felix2/targets/Cloud_STM32L431_BearPi/Drivers/STM32L4xx_HAL_Driver/Src\stm32l4xx_hal_i2c_ex.c **** 
  68:D:/iot/felix2/targets/Cloud_STM32L431_BearPi/Drivers/STM32L4xx_HAL_Driver/Src\stm32l4xx_hal_i2c_ex.c **** /** @addtogroup STM32L4xx_HAL_Driver
  69:D:/iot/felix2/targets/Cloud_STM32L431_BearPi/Drivers/STM32L4xx_HAL_Driver/Src\stm32l4xx_hal_i2c_ex.c ****   * @{
  70:D:/iot/felix2/targets/Cloud_STM32L431_BearPi/Drivers/STM32L4xx_HAL_Driver/Src\stm32l4xx_hal_i2c_ex.c ****   */
  71:D:/iot/felix2/targets/Cloud_STM32L431_BearPi/Drivers/STM32L4xx_HAL_Driver/Src\stm32l4xx_hal_i2c_ex.c **** 
  72:D:/iot/felix2/targets/Cloud_STM32L431_BearPi/Drivers/STM32L4xx_HAL_Driver/Src\stm32l4xx_hal_i2c_ex.c **** /** @defgroup I2CEx I2CEx
  73:D:/iot/felix2/targets/Cloud_STM32L431_BearPi/Drivers/STM32L4xx_HAL_Driver/Src\stm32l4xx_hal_i2c_ex.c ****   * @brief I2C Extended HAL module driver
  74:D:/iot/felix2/targets/Cloud_STM32L431_BearPi/Drivers/STM32L4xx_HAL_Driver/Src\stm32l4xx_hal_i2c_ex.c ****   * @{
  75:D:/iot/felix2/targets/Cloud_STM32L431_BearPi/Drivers/STM32L4xx_HAL_Driver/Src\stm32l4xx_hal_i2c_ex.c ****   */
  76:D:/iot/felix2/targets/Cloud_STM32L431_BearPi/Drivers/STM32L4xx_HAL_Driver/Src\stm32l4xx_hal_i2c_ex.c **** 
  77:D:/iot/felix2/targets/Cloud_STM32L431_BearPi/Drivers/STM32L4xx_HAL_Driver/Src\stm32l4xx_hal_i2c_ex.c **** #ifdef HAL_I2C_MODULE_ENABLED
  78:D:/iot/felix2/targets/Cloud_STM32L431_BearPi/Drivers/STM32L4xx_HAL_Driver/Src\stm32l4xx_hal_i2c_ex.c **** 
  79:D:/iot/felix2/targets/Cloud_STM32L431_BearPi/Drivers/STM32L4xx_HAL_Driver/Src\stm32l4xx_hal_i2c_ex.c **** /* Private typedef -----------------------------------------------------------*/
  80:D:/iot/felix2/targets/Cloud_STM32L431_BearPi/Drivers/STM32L4xx_HAL_Driver/Src\stm32l4xx_hal_i2c_ex.c **** /* Private define ------------------------------------------------------------*/
  81:D:/iot/felix2/targets/Cloud_STM32L431_BearPi/Drivers/STM32L4xx_HAL_Driver/Src\stm32l4xx_hal_i2c_ex.c **** /* Private macro -------------------------------------------------------------*/
  82:D:/iot/felix2/targets/Cloud_STM32L431_BearPi/Drivers/STM32L4xx_HAL_Driver/Src\stm32l4xx_hal_i2c_ex.c **** /* Private variables ---------------------------------------------------------*/
  83:D:/iot/felix2/targets/Cloud_STM32L431_BearPi/Drivers/STM32L4xx_HAL_Driver/Src\stm32l4xx_hal_i2c_ex.c **** /* Private function prototypes -----------------------------------------------*/
  84:D:/iot/felix2/targets/Cloud_STM32L431_BearPi/Drivers/STM32L4xx_HAL_Driver/Src\stm32l4xx_hal_i2c_ex.c **** /* Private functions ---------------------------------------------------------*/
  85:D:/iot/felix2/targets/Cloud_STM32L431_BearPi/Drivers/STM32L4xx_HAL_Driver/Src\stm32l4xx_hal_i2c_ex.c **** 
  86:D:/iot/felix2/targets/Cloud_STM32L431_BearPi/Drivers/STM32L4xx_HAL_Driver/Src\stm32l4xx_hal_i2c_ex.c **** /** @defgroup I2CEx_Exported_Functions I2C Extended Exported Functions
  87:D:/iot/felix2/targets/Cloud_STM32L431_BearPi/Drivers/STM32L4xx_HAL_Driver/Src\stm32l4xx_hal_i2c_ex.c ****   * @{
  88:D:/iot/felix2/targets/Cloud_STM32L431_BearPi/Drivers/STM32L4xx_HAL_Driver/Src\stm32l4xx_hal_i2c_ex.c ****   */
ARM GAS  C:\Users\91458\AppData\Local\Temp\ccQPc2zY.s 			page 3


  89:D:/iot/felix2/targets/Cloud_STM32L431_BearPi/Drivers/STM32L4xx_HAL_Driver/Src\stm32l4xx_hal_i2c_ex.c **** 
  90:D:/iot/felix2/targets/Cloud_STM32L431_BearPi/Drivers/STM32L4xx_HAL_Driver/Src\stm32l4xx_hal_i2c_ex.c **** /** @defgroup I2CEx_Exported_Functions_Group1 Extended features functions
  91:D:/iot/felix2/targets/Cloud_STM32L431_BearPi/Drivers/STM32L4xx_HAL_Driver/Src\stm32l4xx_hal_i2c_ex.c ****   * @brief    Extended features functions
  92:D:/iot/felix2/targets/Cloud_STM32L431_BearPi/Drivers/STM32L4xx_HAL_Driver/Src\stm32l4xx_hal_i2c_ex.c ****  *
  93:D:/iot/felix2/targets/Cloud_STM32L431_BearPi/Drivers/STM32L4xx_HAL_Driver/Src\stm32l4xx_hal_i2c_ex.c **** @verbatim
  94:D:/iot/felix2/targets/Cloud_STM32L431_BearPi/Drivers/STM32L4xx_HAL_Driver/Src\stm32l4xx_hal_i2c_ex.c ****  ===============================================================================
  95:D:/iot/felix2/targets/Cloud_STM32L431_BearPi/Drivers/STM32L4xx_HAL_Driver/Src\stm32l4xx_hal_i2c_ex.c ****                       ##### Extended features functions #####
  96:D:/iot/felix2/targets/Cloud_STM32L431_BearPi/Drivers/STM32L4xx_HAL_Driver/Src\stm32l4xx_hal_i2c_ex.c ****  ===============================================================================
  97:D:/iot/felix2/targets/Cloud_STM32L431_BearPi/Drivers/STM32L4xx_HAL_Driver/Src\stm32l4xx_hal_i2c_ex.c ****     [..] This section provides functions allowing to:
  98:D:/iot/felix2/targets/Cloud_STM32L431_BearPi/Drivers/STM32L4xx_HAL_Driver/Src\stm32l4xx_hal_i2c_ex.c ****       (+) Configure Noise Filters
  99:D:/iot/felix2/targets/Cloud_STM32L431_BearPi/Drivers/STM32L4xx_HAL_Driver/Src\stm32l4xx_hal_i2c_ex.c ****       (+) Configure Wake Up Feature
 100:D:/iot/felix2/targets/Cloud_STM32L431_BearPi/Drivers/STM32L4xx_HAL_Driver/Src\stm32l4xx_hal_i2c_ex.c ****       (+) Configure Fast Mode Plus
 101:D:/iot/felix2/targets/Cloud_STM32L431_BearPi/Drivers/STM32L4xx_HAL_Driver/Src\stm32l4xx_hal_i2c_ex.c **** 
 102:D:/iot/felix2/targets/Cloud_STM32L431_BearPi/Drivers/STM32L4xx_HAL_Driver/Src\stm32l4xx_hal_i2c_ex.c **** @endverbatim
 103:D:/iot/felix2/targets/Cloud_STM32L431_BearPi/Drivers/STM32L4xx_HAL_Driver/Src\stm32l4xx_hal_i2c_ex.c ****   * @{
 104:D:/iot/felix2/targets/Cloud_STM32L431_BearPi/Drivers/STM32L4xx_HAL_Driver/Src\stm32l4xx_hal_i2c_ex.c ****   */
 105:D:/iot/felix2/targets/Cloud_STM32L431_BearPi/Drivers/STM32L4xx_HAL_Driver/Src\stm32l4xx_hal_i2c_ex.c **** 
 106:D:/iot/felix2/targets/Cloud_STM32L431_BearPi/Drivers/STM32L4xx_HAL_Driver/Src\stm32l4xx_hal_i2c_ex.c **** /**
 107:D:/iot/felix2/targets/Cloud_STM32L431_BearPi/Drivers/STM32L4xx_HAL_Driver/Src\stm32l4xx_hal_i2c_ex.c ****   * @brief  Configure I2C Analog noise filter.
 108:D:/iot/felix2/targets/Cloud_STM32L431_BearPi/Drivers/STM32L4xx_HAL_Driver/Src\stm32l4xx_hal_i2c_ex.c ****   * @param  hi2c Pointer to a I2C_HandleTypeDef structure that contains
 109:D:/iot/felix2/targets/Cloud_STM32L431_BearPi/Drivers/STM32L4xx_HAL_Driver/Src\stm32l4xx_hal_i2c_ex.c ****   *                the configuration information for the specified I2Cx peripheral.
 110:D:/iot/felix2/targets/Cloud_STM32L431_BearPi/Drivers/STM32L4xx_HAL_Driver/Src\stm32l4xx_hal_i2c_ex.c ****   * @param  AnalogFilter New state of the Analog filter.
 111:D:/iot/felix2/targets/Cloud_STM32L431_BearPi/Drivers/STM32L4xx_HAL_Driver/Src\stm32l4xx_hal_i2c_ex.c ****   * @retval HAL status
 112:D:/iot/felix2/targets/Cloud_STM32L431_BearPi/Drivers/STM32L4xx_HAL_Driver/Src\stm32l4xx_hal_i2c_ex.c ****   */
 113:D:/iot/felix2/targets/Cloud_STM32L431_BearPi/Drivers/STM32L4xx_HAL_Driver/Src\stm32l4xx_hal_i2c_ex.c **** HAL_StatusTypeDef HAL_I2CEx_ConfigAnalogFilter(I2C_HandleTypeDef *hi2c, uint32_t AnalogFilter)
 114:D:/iot/felix2/targets/Cloud_STM32L431_BearPi/Drivers/STM32L4xx_HAL_Driver/Src\stm32l4xx_hal_i2c_ex.c **** {
  28              		.loc 1 114 0
  29              		.cfi_startproc
  30              		@ args = 0, pretend = 0, frame = 8
  31              		@ frame_needed = 1, uses_anonymous_args = 0
  32              		@ link register save eliminated.
  33 0000 80B4     		push	{r7}
  34              	.LCFI0:
  35              		.cfi_def_cfa_offset 4
  36              		.cfi_offset 7, -4
  37 0002 83B0     		sub	sp, sp, #12
  38              	.LCFI1:
  39              		.cfi_def_cfa_offset 16
  40 0004 00AF     		add	r7, sp, #0
  41              	.LCFI2:
  42              		.cfi_def_cfa_register 7
  43 0006 7860     		str	r0, [r7, #4]
  44 0008 3960     		str	r1, [r7]
 115:D:/iot/felix2/targets/Cloud_STM32L431_BearPi/Drivers/STM32L4xx_HAL_Driver/Src\stm32l4xx_hal_i2c_ex.c ****   /* Check the parameters */
 116:D:/iot/felix2/targets/Cloud_STM32L431_BearPi/Drivers/STM32L4xx_HAL_Driver/Src\stm32l4xx_hal_i2c_ex.c ****   assert_param(IS_I2C_ALL_INSTANCE(hi2c->Instance));
 117:D:/iot/felix2/targets/Cloud_STM32L431_BearPi/Drivers/STM32L4xx_HAL_Driver/Src\stm32l4xx_hal_i2c_ex.c ****   assert_param(IS_I2C_ANALOG_FILTER(AnalogFilter));
 118:D:/iot/felix2/targets/Cloud_STM32L431_BearPi/Drivers/STM32L4xx_HAL_Driver/Src\stm32l4xx_hal_i2c_ex.c **** 
 119:D:/iot/felix2/targets/Cloud_STM32L431_BearPi/Drivers/STM32L4xx_HAL_Driver/Src\stm32l4xx_hal_i2c_ex.c ****   if (hi2c->State == HAL_I2C_STATE_READY)
  45              		.loc 1 119 0
  46 000a 7B68     		ldr	r3, [r7, #4]
  47 000c 93F84130 		ldrb	r3, [r3, #65]
  48 0010 DBB2     		uxtb	r3, r3
  49 0012 202B     		cmp	r3, #32
  50 0014 38D1     		bne	.L2
 120:D:/iot/felix2/targets/Cloud_STM32L431_BearPi/Drivers/STM32L4xx_HAL_Driver/Src\stm32l4xx_hal_i2c_ex.c ****   {
 121:D:/iot/felix2/targets/Cloud_STM32L431_BearPi/Drivers/STM32L4xx_HAL_Driver/Src\stm32l4xx_hal_i2c_ex.c ****     /* Process Locked */
 122:D:/iot/felix2/targets/Cloud_STM32L431_BearPi/Drivers/STM32L4xx_HAL_Driver/Src\stm32l4xx_hal_i2c_ex.c ****     __HAL_LOCK(hi2c);
ARM GAS  C:\Users\91458\AppData\Local\Temp\ccQPc2zY.s 			page 4


  51              		.loc 1 122 0
  52 0016 7B68     		ldr	r3, [r7, #4]
  53 0018 93F84030 		ldrb	r3, [r3, #64]	@ zero_extendqisi2
  54 001c 012B     		cmp	r3, #1
  55 001e 01D1     		bne	.L3
  56              		.loc 1 122 0 is_stmt 0 discriminator 1
  57 0020 0223     		movs	r3, #2
  58 0022 32E0     		b	.L4
  59              	.L3:
  60              		.loc 1 122 0 discriminator 2
  61 0024 7B68     		ldr	r3, [r7, #4]
  62 0026 0122     		movs	r2, #1
  63 0028 83F84020 		strb	r2, [r3, #64]
 123:D:/iot/felix2/targets/Cloud_STM32L431_BearPi/Drivers/STM32L4xx_HAL_Driver/Src\stm32l4xx_hal_i2c_ex.c **** 
 124:D:/iot/felix2/targets/Cloud_STM32L431_BearPi/Drivers/STM32L4xx_HAL_Driver/Src\stm32l4xx_hal_i2c_ex.c ****     hi2c->State = HAL_I2C_STATE_BUSY;
  64              		.loc 1 124 0 is_stmt 1 discriminator 2
  65 002c 7B68     		ldr	r3, [r7, #4]
  66 002e 2422     		movs	r2, #36
  67 0030 83F84120 		strb	r2, [r3, #65]
 125:D:/iot/felix2/targets/Cloud_STM32L431_BearPi/Drivers/STM32L4xx_HAL_Driver/Src\stm32l4xx_hal_i2c_ex.c **** 
 126:D:/iot/felix2/targets/Cloud_STM32L431_BearPi/Drivers/STM32L4xx_HAL_Driver/Src\stm32l4xx_hal_i2c_ex.c ****     /* Disable the selected I2C peripheral */
 127:D:/iot/felix2/targets/Cloud_STM32L431_BearPi/Drivers/STM32L4xx_HAL_Driver/Src\stm32l4xx_hal_i2c_ex.c ****     __HAL_I2C_DISABLE(hi2c);
  68              		.loc 1 127 0 discriminator 2
  69 0034 7B68     		ldr	r3, [r7, #4]
  70 0036 1B68     		ldr	r3, [r3]
  71 0038 1A68     		ldr	r2, [r3]
  72 003a 7B68     		ldr	r3, [r7, #4]
  73 003c 1B68     		ldr	r3, [r3]
  74 003e 22F00102 		bic	r2, r2, #1
  75 0042 1A60     		str	r2, [r3]
 128:D:/iot/felix2/targets/Cloud_STM32L431_BearPi/Drivers/STM32L4xx_HAL_Driver/Src\stm32l4xx_hal_i2c_ex.c **** 
 129:D:/iot/felix2/targets/Cloud_STM32L431_BearPi/Drivers/STM32L4xx_HAL_Driver/Src\stm32l4xx_hal_i2c_ex.c ****     /* Reset I2Cx ANOFF bit */
 130:D:/iot/felix2/targets/Cloud_STM32L431_BearPi/Drivers/STM32L4xx_HAL_Driver/Src\stm32l4xx_hal_i2c_ex.c ****     hi2c->Instance->CR1 &= ~(I2C_CR1_ANFOFF);
  76              		.loc 1 130 0 discriminator 2
  77 0044 7B68     		ldr	r3, [r7, #4]
  78 0046 1B68     		ldr	r3, [r3]
  79 0048 1A68     		ldr	r2, [r3]
  80 004a 7B68     		ldr	r3, [r7, #4]
  81 004c 1B68     		ldr	r3, [r3]
  82 004e 22F48052 		bic	r2, r2, #4096
  83 0052 1A60     		str	r2, [r3]
 131:D:/iot/felix2/targets/Cloud_STM32L431_BearPi/Drivers/STM32L4xx_HAL_Driver/Src\stm32l4xx_hal_i2c_ex.c **** 
 132:D:/iot/felix2/targets/Cloud_STM32L431_BearPi/Drivers/STM32L4xx_HAL_Driver/Src\stm32l4xx_hal_i2c_ex.c ****     /* Set analog filter bit*/
 133:D:/iot/felix2/targets/Cloud_STM32L431_BearPi/Drivers/STM32L4xx_HAL_Driver/Src\stm32l4xx_hal_i2c_ex.c ****     hi2c->Instance->CR1 |= AnalogFilter;
  84              		.loc 1 133 0 discriminator 2
  85 0054 7B68     		ldr	r3, [r7, #4]
  86 0056 1B68     		ldr	r3, [r3]
  87 0058 1968     		ldr	r1, [r3]
  88 005a 7B68     		ldr	r3, [r7, #4]
  89 005c 1B68     		ldr	r3, [r3]
  90 005e 3A68     		ldr	r2, [r7]
  91 0060 0A43     		orrs	r2, r2, r1
  92 0062 1A60     		str	r2, [r3]
 134:D:/iot/felix2/targets/Cloud_STM32L431_BearPi/Drivers/STM32L4xx_HAL_Driver/Src\stm32l4xx_hal_i2c_ex.c **** 
 135:D:/iot/felix2/targets/Cloud_STM32L431_BearPi/Drivers/STM32L4xx_HAL_Driver/Src\stm32l4xx_hal_i2c_ex.c ****     __HAL_I2C_ENABLE(hi2c);
  93              		.loc 1 135 0 discriminator 2
  94 0064 7B68     		ldr	r3, [r7, #4]
ARM GAS  C:\Users\91458\AppData\Local\Temp\ccQPc2zY.s 			page 5


  95 0066 1B68     		ldr	r3, [r3]
  96 0068 1A68     		ldr	r2, [r3]
  97 006a 7B68     		ldr	r3, [r7, #4]
  98 006c 1B68     		ldr	r3, [r3]
  99 006e 42F00102 		orr	r2, r2, #1
 100 0072 1A60     		str	r2, [r3]
 136:D:/iot/felix2/targets/Cloud_STM32L431_BearPi/Drivers/STM32L4xx_HAL_Driver/Src\stm32l4xx_hal_i2c_ex.c **** 
 137:D:/iot/felix2/targets/Cloud_STM32L431_BearPi/Drivers/STM32L4xx_HAL_Driver/Src\stm32l4xx_hal_i2c_ex.c ****     hi2c->State = HAL_I2C_STATE_READY;
 101              		.loc 1 137 0 discriminator 2
 102 0074 7B68     		ldr	r3, [r7, #4]
 103 0076 2022     		movs	r2, #32
 104 0078 83F84120 		strb	r2, [r3, #65]
 138:D:/iot/felix2/targets/Cloud_STM32L431_BearPi/Drivers/STM32L4xx_HAL_Driver/Src\stm32l4xx_hal_i2c_ex.c **** 
 139:D:/iot/felix2/targets/Cloud_STM32L431_BearPi/Drivers/STM32L4xx_HAL_Driver/Src\stm32l4xx_hal_i2c_ex.c ****     /* Process Unlocked */
 140:D:/iot/felix2/targets/Cloud_STM32L431_BearPi/Drivers/STM32L4xx_HAL_Driver/Src\stm32l4xx_hal_i2c_ex.c ****     __HAL_UNLOCK(hi2c);
 105              		.loc 1 140 0 discriminator 2
 106 007c 7B68     		ldr	r3, [r7, #4]
 107 007e 0022     		movs	r2, #0
 108 0080 83F84020 		strb	r2, [r3, #64]
 141:D:/iot/felix2/targets/Cloud_STM32L431_BearPi/Drivers/STM32L4xx_HAL_Driver/Src\stm32l4xx_hal_i2c_ex.c **** 
 142:D:/iot/felix2/targets/Cloud_STM32L431_BearPi/Drivers/STM32L4xx_HAL_Driver/Src\stm32l4xx_hal_i2c_ex.c ****     return HAL_OK;
 109              		.loc 1 142 0 discriminator 2
 110 0084 0023     		movs	r3, #0
 111 0086 00E0     		b	.L4
 112              	.L2:
 143:D:/iot/felix2/targets/Cloud_STM32L431_BearPi/Drivers/STM32L4xx_HAL_Driver/Src\stm32l4xx_hal_i2c_ex.c ****   }
 144:D:/iot/felix2/targets/Cloud_STM32L431_BearPi/Drivers/STM32L4xx_HAL_Driver/Src\stm32l4xx_hal_i2c_ex.c ****   else
 145:D:/iot/felix2/targets/Cloud_STM32L431_BearPi/Drivers/STM32L4xx_HAL_Driver/Src\stm32l4xx_hal_i2c_ex.c ****   {
 146:D:/iot/felix2/targets/Cloud_STM32L431_BearPi/Drivers/STM32L4xx_HAL_Driver/Src\stm32l4xx_hal_i2c_ex.c ****     return HAL_BUSY;
 113              		.loc 1 146 0
 114 0088 0223     		movs	r3, #2
 115              	.L4:
 147:D:/iot/felix2/targets/Cloud_STM32L431_BearPi/Drivers/STM32L4xx_HAL_Driver/Src\stm32l4xx_hal_i2c_ex.c ****   }
 148:D:/iot/felix2/targets/Cloud_STM32L431_BearPi/Drivers/STM32L4xx_HAL_Driver/Src\stm32l4xx_hal_i2c_ex.c **** }
 116              		.loc 1 148 0
 117 008a 1846     		mov	r0, r3
 118 008c 0C37     		adds	r7, r7, #12
 119              	.LCFI3:
 120              		.cfi_def_cfa_offset 4
 121 008e BD46     		mov	sp, r7
 122              	.LCFI4:
 123              		.cfi_def_cfa_register 13
 124              		@ sp needed
 125 0090 5DF8047B 		ldr	r7, [sp], #4
 126              	.LCFI5:
 127              		.cfi_restore 7
 128              		.cfi_def_cfa_offset 0
 129 0094 7047     		bx	lr
 130              		.cfi_endproc
 131              	.LFE133:
 133              		.section	.text.HAL_I2CEx_ConfigDigitalFilter,"ax",%progbits
 134              		.align	1
 135              		.global	HAL_I2CEx_ConfigDigitalFilter
 136              		.syntax unified
 137              		.thumb
 138              		.thumb_func
 139              		.fpu fpv4-sp-d16
ARM GAS  C:\Users\91458\AppData\Local\Temp\ccQPc2zY.s 			page 6


 141              	HAL_I2CEx_ConfigDigitalFilter:
 142              	.LFB134:
 149:D:/iot/felix2/targets/Cloud_STM32L431_BearPi/Drivers/STM32L4xx_HAL_Driver/Src\stm32l4xx_hal_i2c_ex.c **** 
 150:D:/iot/felix2/targets/Cloud_STM32L431_BearPi/Drivers/STM32L4xx_HAL_Driver/Src\stm32l4xx_hal_i2c_ex.c **** /**
 151:D:/iot/felix2/targets/Cloud_STM32L431_BearPi/Drivers/STM32L4xx_HAL_Driver/Src\stm32l4xx_hal_i2c_ex.c ****   * @brief  Configure I2C Digital noise filter.
 152:D:/iot/felix2/targets/Cloud_STM32L431_BearPi/Drivers/STM32L4xx_HAL_Driver/Src\stm32l4xx_hal_i2c_ex.c ****   * @param  hi2c Pointer to a I2C_HandleTypeDef structure that contains
 153:D:/iot/felix2/targets/Cloud_STM32L431_BearPi/Drivers/STM32L4xx_HAL_Driver/Src\stm32l4xx_hal_i2c_ex.c ****   *                the configuration information for the specified I2Cx peripheral.
 154:D:/iot/felix2/targets/Cloud_STM32L431_BearPi/Drivers/STM32L4xx_HAL_Driver/Src\stm32l4xx_hal_i2c_ex.c ****   * @param  DigitalFilter Coefficient of digital noise filter between Min_Data=0x00 and Max_Data=0x
 155:D:/iot/felix2/targets/Cloud_STM32L431_BearPi/Drivers/STM32L4xx_HAL_Driver/Src\stm32l4xx_hal_i2c_ex.c ****   * @retval HAL status
 156:D:/iot/felix2/targets/Cloud_STM32L431_BearPi/Drivers/STM32L4xx_HAL_Driver/Src\stm32l4xx_hal_i2c_ex.c ****   */
 157:D:/iot/felix2/targets/Cloud_STM32L431_BearPi/Drivers/STM32L4xx_HAL_Driver/Src\stm32l4xx_hal_i2c_ex.c **** HAL_StatusTypeDef HAL_I2CEx_ConfigDigitalFilter(I2C_HandleTypeDef *hi2c, uint32_t DigitalFilter)
 158:D:/iot/felix2/targets/Cloud_STM32L431_BearPi/Drivers/STM32L4xx_HAL_Driver/Src\stm32l4xx_hal_i2c_ex.c **** {
 143              		.loc 1 158 0
 144              		.cfi_startproc
 145              		@ args = 0, pretend = 0, frame = 16
 146              		@ frame_needed = 1, uses_anonymous_args = 0
 147              		@ link register save eliminated.
 148 0000 80B4     		push	{r7}
 149              	.LCFI6:
 150              		.cfi_def_cfa_offset 4
 151              		.cfi_offset 7, -4
 152 0002 85B0     		sub	sp, sp, #20
 153              	.LCFI7:
 154              		.cfi_def_cfa_offset 24
 155 0004 00AF     		add	r7, sp, #0
 156              	.LCFI8:
 157              		.cfi_def_cfa_register 7
 158 0006 7860     		str	r0, [r7, #4]
 159 0008 3960     		str	r1, [r7]
 159:D:/iot/felix2/targets/Cloud_STM32L431_BearPi/Drivers/STM32L4xx_HAL_Driver/Src\stm32l4xx_hal_i2c_ex.c ****   uint32_t tmpreg;
 160:D:/iot/felix2/targets/Cloud_STM32L431_BearPi/Drivers/STM32L4xx_HAL_Driver/Src\stm32l4xx_hal_i2c_ex.c **** 
 161:D:/iot/felix2/targets/Cloud_STM32L431_BearPi/Drivers/STM32L4xx_HAL_Driver/Src\stm32l4xx_hal_i2c_ex.c ****   /* Check the parameters */
 162:D:/iot/felix2/targets/Cloud_STM32L431_BearPi/Drivers/STM32L4xx_HAL_Driver/Src\stm32l4xx_hal_i2c_ex.c ****   assert_param(IS_I2C_ALL_INSTANCE(hi2c->Instance));
 163:D:/iot/felix2/targets/Cloud_STM32L431_BearPi/Drivers/STM32L4xx_HAL_Driver/Src\stm32l4xx_hal_i2c_ex.c ****   assert_param(IS_I2C_DIGITAL_FILTER(DigitalFilter));
 164:D:/iot/felix2/targets/Cloud_STM32L431_BearPi/Drivers/STM32L4xx_HAL_Driver/Src\stm32l4xx_hal_i2c_ex.c **** 
 165:D:/iot/felix2/targets/Cloud_STM32L431_BearPi/Drivers/STM32L4xx_HAL_Driver/Src\stm32l4xx_hal_i2c_ex.c ****   if (hi2c->State == HAL_I2C_STATE_READY)
 160              		.loc 1 165 0
 161 000a 7B68     		ldr	r3, [r7, #4]
 162 000c 93F84130 		ldrb	r3, [r3, #65]
 163 0010 DBB2     		uxtb	r3, r3
 164 0012 202B     		cmp	r3, #32
 165 0014 39D1     		bne	.L6
 166:D:/iot/felix2/targets/Cloud_STM32L431_BearPi/Drivers/STM32L4xx_HAL_Driver/Src\stm32l4xx_hal_i2c_ex.c ****   {
 167:D:/iot/felix2/targets/Cloud_STM32L431_BearPi/Drivers/STM32L4xx_HAL_Driver/Src\stm32l4xx_hal_i2c_ex.c ****     /* Process Locked */
 168:D:/iot/felix2/targets/Cloud_STM32L431_BearPi/Drivers/STM32L4xx_HAL_Driver/Src\stm32l4xx_hal_i2c_ex.c ****     __HAL_LOCK(hi2c);
 166              		.loc 1 168 0
 167 0016 7B68     		ldr	r3, [r7, #4]
 168 0018 93F84030 		ldrb	r3, [r3, #64]	@ zero_extendqisi2
 169 001c 012B     		cmp	r3, #1
 170 001e 01D1     		bne	.L7
 171              		.loc 1 168 0 is_stmt 0 discriminator 1
 172 0020 0223     		movs	r3, #2
 173 0022 33E0     		b	.L8
 174              	.L7:
 175              		.loc 1 168 0 discriminator 2
 176 0024 7B68     		ldr	r3, [r7, #4]
 177 0026 0122     		movs	r2, #1
ARM GAS  C:\Users\91458\AppData\Local\Temp\ccQPc2zY.s 			page 7


 178 0028 83F84020 		strb	r2, [r3, #64]
 169:D:/iot/felix2/targets/Cloud_STM32L431_BearPi/Drivers/STM32L4xx_HAL_Driver/Src\stm32l4xx_hal_i2c_ex.c **** 
 170:D:/iot/felix2/targets/Cloud_STM32L431_BearPi/Drivers/STM32L4xx_HAL_Driver/Src\stm32l4xx_hal_i2c_ex.c ****     hi2c->State = HAL_I2C_STATE_BUSY;
 179              		.loc 1 170 0 is_stmt 1 discriminator 2
 180 002c 7B68     		ldr	r3, [r7, #4]
 181 002e 2422     		movs	r2, #36
 182 0030 83F84120 		strb	r2, [r3, #65]
 171:D:/iot/felix2/targets/Cloud_STM32L431_BearPi/Drivers/STM32L4xx_HAL_Driver/Src\stm32l4xx_hal_i2c_ex.c **** 
 172:D:/iot/felix2/targets/Cloud_STM32L431_BearPi/Drivers/STM32L4xx_HAL_Driver/Src\stm32l4xx_hal_i2c_ex.c ****     /* Disable the selected I2C peripheral */
 173:D:/iot/felix2/targets/Cloud_STM32L431_BearPi/Drivers/STM32L4xx_HAL_Driver/Src\stm32l4xx_hal_i2c_ex.c ****     __HAL_I2C_DISABLE(hi2c);
 183              		.loc 1 173 0 discriminator 2
 184 0034 7B68     		ldr	r3, [r7, #4]
 185 0036 1B68     		ldr	r3, [r3]
 186 0038 1A68     		ldr	r2, [r3]
 187 003a 7B68     		ldr	r3, [r7, #4]
 188 003c 1B68     		ldr	r3, [r3]
 189 003e 22F00102 		bic	r2, r2, #1
 190 0042 1A60     		str	r2, [r3]
 174:D:/iot/felix2/targets/Cloud_STM32L431_BearPi/Drivers/STM32L4xx_HAL_Driver/Src\stm32l4xx_hal_i2c_ex.c **** 
 175:D:/iot/felix2/targets/Cloud_STM32L431_BearPi/Drivers/STM32L4xx_HAL_Driver/Src\stm32l4xx_hal_i2c_ex.c ****     /* Get the old register value */
 176:D:/iot/felix2/targets/Cloud_STM32L431_BearPi/Drivers/STM32L4xx_HAL_Driver/Src\stm32l4xx_hal_i2c_ex.c ****     tmpreg = hi2c->Instance->CR1;
 191              		.loc 1 176 0 discriminator 2
 192 0044 7B68     		ldr	r3, [r7, #4]
 193 0046 1B68     		ldr	r3, [r3]
 194 0048 1B68     		ldr	r3, [r3]
 195 004a FB60     		str	r3, [r7, #12]
 177:D:/iot/felix2/targets/Cloud_STM32L431_BearPi/Drivers/STM32L4xx_HAL_Driver/Src\stm32l4xx_hal_i2c_ex.c **** 
 178:D:/iot/felix2/targets/Cloud_STM32L431_BearPi/Drivers/STM32L4xx_HAL_Driver/Src\stm32l4xx_hal_i2c_ex.c ****     /* Reset I2Cx DNF bits [11:8] */
 179:D:/iot/felix2/targets/Cloud_STM32L431_BearPi/Drivers/STM32L4xx_HAL_Driver/Src\stm32l4xx_hal_i2c_ex.c ****     tmpreg &= ~(I2C_CR1_DNF);
 196              		.loc 1 179 0 discriminator 2
 197 004c FB68     		ldr	r3, [r7, #12]
 198 004e 23F47063 		bic	r3, r3, #3840
 199 0052 FB60     		str	r3, [r7, #12]
 180:D:/iot/felix2/targets/Cloud_STM32L431_BearPi/Drivers/STM32L4xx_HAL_Driver/Src\stm32l4xx_hal_i2c_ex.c **** 
 181:D:/iot/felix2/targets/Cloud_STM32L431_BearPi/Drivers/STM32L4xx_HAL_Driver/Src\stm32l4xx_hal_i2c_ex.c ****     /* Set I2Cx DNF coefficient */
 182:D:/iot/felix2/targets/Cloud_STM32L431_BearPi/Drivers/STM32L4xx_HAL_Driver/Src\stm32l4xx_hal_i2c_ex.c ****     tmpreg |= DigitalFilter << 8U;
 200              		.loc 1 182 0 discriminator 2
 201 0054 3B68     		ldr	r3, [r7]
 202 0056 1B02     		lsls	r3, r3, #8
 203 0058 FA68     		ldr	r2, [r7, #12]
 204 005a 1343     		orrs	r3, r3, r2
 205 005c FB60     		str	r3, [r7, #12]
 183:D:/iot/felix2/targets/Cloud_STM32L431_BearPi/Drivers/STM32L4xx_HAL_Driver/Src\stm32l4xx_hal_i2c_ex.c **** 
 184:D:/iot/felix2/targets/Cloud_STM32L431_BearPi/Drivers/STM32L4xx_HAL_Driver/Src\stm32l4xx_hal_i2c_ex.c ****     /* Store the new register value */
 185:D:/iot/felix2/targets/Cloud_STM32L431_BearPi/Drivers/STM32L4xx_HAL_Driver/Src\stm32l4xx_hal_i2c_ex.c ****     hi2c->Instance->CR1 = tmpreg;
 206              		.loc 1 185 0 discriminator 2
 207 005e 7B68     		ldr	r3, [r7, #4]
 208 0060 1B68     		ldr	r3, [r3]
 209 0062 FA68     		ldr	r2, [r7, #12]
 210 0064 1A60     		str	r2, [r3]
 186:D:/iot/felix2/targets/Cloud_STM32L431_BearPi/Drivers/STM32L4xx_HAL_Driver/Src\stm32l4xx_hal_i2c_ex.c **** 
 187:D:/iot/felix2/targets/Cloud_STM32L431_BearPi/Drivers/STM32L4xx_HAL_Driver/Src\stm32l4xx_hal_i2c_ex.c ****     __HAL_I2C_ENABLE(hi2c);
 211              		.loc 1 187 0 discriminator 2
 212 0066 7B68     		ldr	r3, [r7, #4]
 213 0068 1B68     		ldr	r3, [r3]
 214 006a 1A68     		ldr	r2, [r3]
 215 006c 7B68     		ldr	r3, [r7, #4]
ARM GAS  C:\Users\91458\AppData\Local\Temp\ccQPc2zY.s 			page 8


 216 006e 1B68     		ldr	r3, [r3]
 217 0070 42F00102 		orr	r2, r2, #1
 218 0074 1A60     		str	r2, [r3]
 188:D:/iot/felix2/targets/Cloud_STM32L431_BearPi/Drivers/STM32L4xx_HAL_Driver/Src\stm32l4xx_hal_i2c_ex.c **** 
 189:D:/iot/felix2/targets/Cloud_STM32L431_BearPi/Drivers/STM32L4xx_HAL_Driver/Src\stm32l4xx_hal_i2c_ex.c ****     hi2c->State = HAL_I2C_STATE_READY;
 219              		.loc 1 189 0 discriminator 2
 220 0076 7B68     		ldr	r3, [r7, #4]
 221 0078 2022     		movs	r2, #32
 222 007a 83F84120 		strb	r2, [r3, #65]
 190:D:/iot/felix2/targets/Cloud_STM32L431_BearPi/Drivers/STM32L4xx_HAL_Driver/Src\stm32l4xx_hal_i2c_ex.c **** 
 191:D:/iot/felix2/targets/Cloud_STM32L431_BearPi/Drivers/STM32L4xx_HAL_Driver/Src\stm32l4xx_hal_i2c_ex.c ****     /* Process Unlocked */
 192:D:/iot/felix2/targets/Cloud_STM32L431_BearPi/Drivers/STM32L4xx_HAL_Driver/Src\stm32l4xx_hal_i2c_ex.c ****     __HAL_UNLOCK(hi2c);
 223              		.loc 1 192 0 discriminator 2
 224 007e 7B68     		ldr	r3, [r7, #4]
 225 0080 0022     		movs	r2, #0
 226 0082 83F84020 		strb	r2, [r3, #64]
 193:D:/iot/felix2/targets/Cloud_STM32L431_BearPi/Drivers/STM32L4xx_HAL_Driver/Src\stm32l4xx_hal_i2c_ex.c **** 
 194:D:/iot/felix2/targets/Cloud_STM32L431_BearPi/Drivers/STM32L4xx_HAL_Driver/Src\stm32l4xx_hal_i2c_ex.c ****     return HAL_OK;
 227              		.loc 1 194 0 discriminator 2
 228 0086 0023     		movs	r3, #0
 229 0088 00E0     		b	.L8
 230              	.L6:
 195:D:/iot/felix2/targets/Cloud_STM32L431_BearPi/Drivers/STM32L4xx_HAL_Driver/Src\stm32l4xx_hal_i2c_ex.c ****   }
 196:D:/iot/felix2/targets/Cloud_STM32L431_BearPi/Drivers/STM32L4xx_HAL_Driver/Src\stm32l4xx_hal_i2c_ex.c ****   else
 197:D:/iot/felix2/targets/Cloud_STM32L431_BearPi/Drivers/STM32L4xx_HAL_Driver/Src\stm32l4xx_hal_i2c_ex.c ****   {
 198:D:/iot/felix2/targets/Cloud_STM32L431_BearPi/Drivers/STM32L4xx_HAL_Driver/Src\stm32l4xx_hal_i2c_ex.c ****     return HAL_BUSY;
 231              		.loc 1 198 0
 232 008a 0223     		movs	r3, #2
 233              	.L8:
 199:D:/iot/felix2/targets/Cloud_STM32L431_BearPi/Drivers/STM32L4xx_HAL_Driver/Src\stm32l4xx_hal_i2c_ex.c ****   }
 200:D:/iot/felix2/targets/Cloud_STM32L431_BearPi/Drivers/STM32L4xx_HAL_Driver/Src\stm32l4xx_hal_i2c_ex.c **** }
 234              		.loc 1 200 0
 235 008c 1846     		mov	r0, r3
 236 008e 1437     		adds	r7, r7, #20
 237              	.LCFI9:
 238              		.cfi_def_cfa_offset 4
 239 0090 BD46     		mov	sp, r7
 240              	.LCFI10:
 241              		.cfi_def_cfa_register 13
 242              		@ sp needed
 243 0092 5DF8047B 		ldr	r7, [sp], #4
 244              	.LCFI11:
 245              		.cfi_restore 7
 246              		.cfi_def_cfa_offset 0
 247 0096 7047     		bx	lr
 248              		.cfi_endproc
 249              	.LFE134:
 251              		.section	.text.HAL_I2CEx_EnableWakeUp,"ax",%progbits
 252              		.align	1
 253              		.global	HAL_I2CEx_EnableWakeUp
 254              		.syntax unified
 255              		.thumb
 256              		.thumb_func
 257              		.fpu fpv4-sp-d16
 259              	HAL_I2CEx_EnableWakeUp:
 260              	.LFB135:
 201:D:/iot/felix2/targets/Cloud_STM32L431_BearPi/Drivers/STM32L4xx_HAL_Driver/Src\stm32l4xx_hal_i2c_ex.c **** 
ARM GAS  C:\Users\91458\AppData\Local\Temp\ccQPc2zY.s 			page 9


 202:D:/iot/felix2/targets/Cloud_STM32L431_BearPi/Drivers/STM32L4xx_HAL_Driver/Src\stm32l4xx_hal_i2c_ex.c **** /**
 203:D:/iot/felix2/targets/Cloud_STM32L431_BearPi/Drivers/STM32L4xx_HAL_Driver/Src\stm32l4xx_hal_i2c_ex.c ****   * @brief  Enable I2C wakeup from Stop mode(s).
 204:D:/iot/felix2/targets/Cloud_STM32L431_BearPi/Drivers/STM32L4xx_HAL_Driver/Src\stm32l4xx_hal_i2c_ex.c ****   * @param  hi2c Pointer to a I2C_HandleTypeDef structure that contains
 205:D:/iot/felix2/targets/Cloud_STM32L431_BearPi/Drivers/STM32L4xx_HAL_Driver/Src\stm32l4xx_hal_i2c_ex.c ****   *                the configuration information for the specified I2Cx peripheral.
 206:D:/iot/felix2/targets/Cloud_STM32L431_BearPi/Drivers/STM32L4xx_HAL_Driver/Src\stm32l4xx_hal_i2c_ex.c ****   * @retval HAL status
 207:D:/iot/felix2/targets/Cloud_STM32L431_BearPi/Drivers/STM32L4xx_HAL_Driver/Src\stm32l4xx_hal_i2c_ex.c ****   */
 208:D:/iot/felix2/targets/Cloud_STM32L431_BearPi/Drivers/STM32L4xx_HAL_Driver/Src\stm32l4xx_hal_i2c_ex.c **** HAL_StatusTypeDef HAL_I2CEx_EnableWakeUp(I2C_HandleTypeDef *hi2c)
 209:D:/iot/felix2/targets/Cloud_STM32L431_BearPi/Drivers/STM32L4xx_HAL_Driver/Src\stm32l4xx_hal_i2c_ex.c **** {
 261              		.loc 1 209 0
 262              		.cfi_startproc
 263              		@ args = 0, pretend = 0, frame = 8
 264              		@ frame_needed = 1, uses_anonymous_args = 0
 265              		@ link register save eliminated.
 266 0000 80B4     		push	{r7}
 267              	.LCFI12:
 268              		.cfi_def_cfa_offset 4
 269              		.cfi_offset 7, -4
 270 0002 83B0     		sub	sp, sp, #12
 271              	.LCFI13:
 272              		.cfi_def_cfa_offset 16
 273 0004 00AF     		add	r7, sp, #0
 274              	.LCFI14:
 275              		.cfi_def_cfa_register 7
 276 0006 7860     		str	r0, [r7, #4]
 210:D:/iot/felix2/targets/Cloud_STM32L431_BearPi/Drivers/STM32L4xx_HAL_Driver/Src\stm32l4xx_hal_i2c_ex.c ****   /* Check the parameters */
 211:D:/iot/felix2/targets/Cloud_STM32L431_BearPi/Drivers/STM32L4xx_HAL_Driver/Src\stm32l4xx_hal_i2c_ex.c ****   assert_param(IS_I2C_WAKEUP_FROMSTOP_INSTANCE(hi2c->Instance));
 212:D:/iot/felix2/targets/Cloud_STM32L431_BearPi/Drivers/STM32L4xx_HAL_Driver/Src\stm32l4xx_hal_i2c_ex.c **** 
 213:D:/iot/felix2/targets/Cloud_STM32L431_BearPi/Drivers/STM32L4xx_HAL_Driver/Src\stm32l4xx_hal_i2c_ex.c ****   if (hi2c->State == HAL_I2C_STATE_READY)
 277              		.loc 1 213 0
 278 0008 7B68     		ldr	r3, [r7, #4]
 279 000a 93F84130 		ldrb	r3, [r3, #65]
 280 000e DBB2     		uxtb	r3, r3
 281 0010 202B     		cmp	r3, #32
 282 0012 30D1     		bne	.L10
 214:D:/iot/felix2/targets/Cloud_STM32L431_BearPi/Drivers/STM32L4xx_HAL_Driver/Src\stm32l4xx_hal_i2c_ex.c ****   {
 215:D:/iot/felix2/targets/Cloud_STM32L431_BearPi/Drivers/STM32L4xx_HAL_Driver/Src\stm32l4xx_hal_i2c_ex.c ****     /* Process Locked */
 216:D:/iot/felix2/targets/Cloud_STM32L431_BearPi/Drivers/STM32L4xx_HAL_Driver/Src\stm32l4xx_hal_i2c_ex.c ****     __HAL_LOCK(hi2c);
 283              		.loc 1 216 0
 284 0014 7B68     		ldr	r3, [r7, #4]
 285 0016 93F84030 		ldrb	r3, [r3, #64]	@ zero_extendqisi2
 286 001a 012B     		cmp	r3, #1
 287 001c 01D1     		bne	.L11
 288              		.loc 1 216 0 is_stmt 0 discriminator 1
 289 001e 0223     		movs	r3, #2
 290 0020 2AE0     		b	.L12
 291              	.L11:
 292              		.loc 1 216 0 discriminator 2
 293 0022 7B68     		ldr	r3, [r7, #4]
 294 0024 0122     		movs	r2, #1
 295 0026 83F84020 		strb	r2, [r3, #64]
 217:D:/iot/felix2/targets/Cloud_STM32L431_BearPi/Drivers/STM32L4xx_HAL_Driver/Src\stm32l4xx_hal_i2c_ex.c **** 
 218:D:/iot/felix2/targets/Cloud_STM32L431_BearPi/Drivers/STM32L4xx_HAL_Driver/Src\stm32l4xx_hal_i2c_ex.c ****     hi2c->State = HAL_I2C_STATE_BUSY;
 296              		.loc 1 218 0 is_stmt 1 discriminator 2
 297 002a 7B68     		ldr	r3, [r7, #4]
 298 002c 2422     		movs	r2, #36
 299 002e 83F84120 		strb	r2, [r3, #65]
 219:D:/iot/felix2/targets/Cloud_STM32L431_BearPi/Drivers/STM32L4xx_HAL_Driver/Src\stm32l4xx_hal_i2c_ex.c **** 
ARM GAS  C:\Users\91458\AppData\Local\Temp\ccQPc2zY.s 			page 10


 220:D:/iot/felix2/targets/Cloud_STM32L431_BearPi/Drivers/STM32L4xx_HAL_Driver/Src\stm32l4xx_hal_i2c_ex.c ****     /* Disable the selected I2C peripheral */
 221:D:/iot/felix2/targets/Cloud_STM32L431_BearPi/Drivers/STM32L4xx_HAL_Driver/Src\stm32l4xx_hal_i2c_ex.c ****     __HAL_I2C_DISABLE(hi2c);
 300              		.loc 1 221 0 discriminator 2
 301 0032 7B68     		ldr	r3, [r7, #4]
 302 0034 1B68     		ldr	r3, [r3]
 303 0036 1A68     		ldr	r2, [r3]
 304 0038 7B68     		ldr	r3, [r7, #4]
 305 003a 1B68     		ldr	r3, [r3]
 306 003c 22F00102 		bic	r2, r2, #1
 307 0040 1A60     		str	r2, [r3]
 222:D:/iot/felix2/targets/Cloud_STM32L431_BearPi/Drivers/STM32L4xx_HAL_Driver/Src\stm32l4xx_hal_i2c_ex.c **** 
 223:D:/iot/felix2/targets/Cloud_STM32L431_BearPi/Drivers/STM32L4xx_HAL_Driver/Src\stm32l4xx_hal_i2c_ex.c ****     /* Enable wakeup from stop mode */
 224:D:/iot/felix2/targets/Cloud_STM32L431_BearPi/Drivers/STM32L4xx_HAL_Driver/Src\stm32l4xx_hal_i2c_ex.c ****     hi2c->Instance->CR1 |= I2C_CR1_WUPEN;
 308              		.loc 1 224 0 discriminator 2
 309 0042 7B68     		ldr	r3, [r7, #4]
 310 0044 1B68     		ldr	r3, [r3]
 311 0046 1A68     		ldr	r2, [r3]
 312 0048 7B68     		ldr	r3, [r7, #4]
 313 004a 1B68     		ldr	r3, [r3]
 314 004c 42F48022 		orr	r2, r2, #262144
 315 0050 1A60     		str	r2, [r3]
 225:D:/iot/felix2/targets/Cloud_STM32L431_BearPi/Drivers/STM32L4xx_HAL_Driver/Src\stm32l4xx_hal_i2c_ex.c **** 
 226:D:/iot/felix2/targets/Cloud_STM32L431_BearPi/Drivers/STM32L4xx_HAL_Driver/Src\stm32l4xx_hal_i2c_ex.c ****     __HAL_I2C_ENABLE(hi2c);
 316              		.loc 1 226 0 discriminator 2
 317 0052 7B68     		ldr	r3, [r7, #4]
 318 0054 1B68     		ldr	r3, [r3]
 319 0056 1A68     		ldr	r2, [r3]
 320 0058 7B68     		ldr	r3, [r7, #4]
 321 005a 1B68     		ldr	r3, [r3]
 322 005c 42F00102 		orr	r2, r2, #1
 323 0060 1A60     		str	r2, [r3]
 227:D:/iot/felix2/targets/Cloud_STM32L431_BearPi/Drivers/STM32L4xx_HAL_Driver/Src\stm32l4xx_hal_i2c_ex.c **** 
 228:D:/iot/felix2/targets/Cloud_STM32L431_BearPi/Drivers/STM32L4xx_HAL_Driver/Src\stm32l4xx_hal_i2c_ex.c ****     hi2c->State = HAL_I2C_STATE_READY;
 324              		.loc 1 228 0 discriminator 2
 325 0062 7B68     		ldr	r3, [r7, #4]
 326 0064 2022     		movs	r2, #32
 327 0066 83F84120 		strb	r2, [r3, #65]
 229:D:/iot/felix2/targets/Cloud_STM32L431_BearPi/Drivers/STM32L4xx_HAL_Driver/Src\stm32l4xx_hal_i2c_ex.c **** 
 230:D:/iot/felix2/targets/Cloud_STM32L431_BearPi/Drivers/STM32L4xx_HAL_Driver/Src\stm32l4xx_hal_i2c_ex.c ****     /* Process Unlocked */
 231:D:/iot/felix2/targets/Cloud_STM32L431_BearPi/Drivers/STM32L4xx_HAL_Driver/Src\stm32l4xx_hal_i2c_ex.c ****     __HAL_UNLOCK(hi2c);
 328              		.loc 1 231 0 discriminator 2
 329 006a 7B68     		ldr	r3, [r7, #4]
 330 006c 0022     		movs	r2, #0
 331 006e 83F84020 		strb	r2, [r3, #64]
 232:D:/iot/felix2/targets/Cloud_STM32L431_BearPi/Drivers/STM32L4xx_HAL_Driver/Src\stm32l4xx_hal_i2c_ex.c **** 
 233:D:/iot/felix2/targets/Cloud_STM32L431_BearPi/Drivers/STM32L4xx_HAL_Driver/Src\stm32l4xx_hal_i2c_ex.c ****     return HAL_OK;
 332              		.loc 1 233 0 discriminator 2
 333 0072 0023     		movs	r3, #0
 334 0074 00E0     		b	.L12
 335              	.L10:
 234:D:/iot/felix2/targets/Cloud_STM32L431_BearPi/Drivers/STM32L4xx_HAL_Driver/Src\stm32l4xx_hal_i2c_ex.c ****   }
 235:D:/iot/felix2/targets/Cloud_STM32L431_BearPi/Drivers/STM32L4xx_HAL_Driver/Src\stm32l4xx_hal_i2c_ex.c ****   else
 236:D:/iot/felix2/targets/Cloud_STM32L431_BearPi/Drivers/STM32L4xx_HAL_Driver/Src\stm32l4xx_hal_i2c_ex.c ****   {
 237:D:/iot/felix2/targets/Cloud_STM32L431_BearPi/Drivers/STM32L4xx_HAL_Driver/Src\stm32l4xx_hal_i2c_ex.c ****     return HAL_BUSY;
 336              		.loc 1 237 0
 337 0076 0223     		movs	r3, #2
 338              	.L12:
ARM GAS  C:\Users\91458\AppData\Local\Temp\ccQPc2zY.s 			page 11


 238:D:/iot/felix2/targets/Cloud_STM32L431_BearPi/Drivers/STM32L4xx_HAL_Driver/Src\stm32l4xx_hal_i2c_ex.c ****   }
 239:D:/iot/felix2/targets/Cloud_STM32L431_BearPi/Drivers/STM32L4xx_HAL_Driver/Src\stm32l4xx_hal_i2c_ex.c **** }
 339              		.loc 1 239 0
 340 0078 1846     		mov	r0, r3
 341 007a 0C37     		adds	r7, r7, #12
 342              	.LCFI15:
 343              		.cfi_def_cfa_offset 4
 344 007c BD46     		mov	sp, r7
 345              	.LCFI16:
 346              		.cfi_def_cfa_register 13
 347              		@ sp needed
 348 007e 5DF8047B 		ldr	r7, [sp], #4
 349              	.LCFI17:
 350              		.cfi_restore 7
 351              		.cfi_def_cfa_offset 0
 352 0082 7047     		bx	lr
 353              		.cfi_endproc
 354              	.LFE135:
 356              		.section	.text.HAL_I2CEx_DisableWakeUp,"ax",%progbits
 357              		.align	1
 358              		.global	HAL_I2CEx_DisableWakeUp
 359              		.syntax unified
 360              		.thumb
 361              		.thumb_func
 362              		.fpu fpv4-sp-d16
 364              	HAL_I2CEx_DisableWakeUp:
 365              	.LFB136:
 240:D:/iot/felix2/targets/Cloud_STM32L431_BearPi/Drivers/STM32L4xx_HAL_Driver/Src\stm32l4xx_hal_i2c_ex.c **** 
 241:D:/iot/felix2/targets/Cloud_STM32L431_BearPi/Drivers/STM32L4xx_HAL_Driver/Src\stm32l4xx_hal_i2c_ex.c **** /**
 242:D:/iot/felix2/targets/Cloud_STM32L431_BearPi/Drivers/STM32L4xx_HAL_Driver/Src\stm32l4xx_hal_i2c_ex.c ****   * @brief  Disable I2C wakeup from Stop mode(s).
 243:D:/iot/felix2/targets/Cloud_STM32L431_BearPi/Drivers/STM32L4xx_HAL_Driver/Src\stm32l4xx_hal_i2c_ex.c ****   * @param  hi2c Pointer to a I2C_HandleTypeDef structure that contains
 244:D:/iot/felix2/targets/Cloud_STM32L431_BearPi/Drivers/STM32L4xx_HAL_Driver/Src\stm32l4xx_hal_i2c_ex.c ****   *                the configuration information for the specified I2Cx peripheral.
 245:D:/iot/felix2/targets/Cloud_STM32L431_BearPi/Drivers/STM32L4xx_HAL_Driver/Src\stm32l4xx_hal_i2c_ex.c ****   * @retval HAL status
 246:D:/iot/felix2/targets/Cloud_STM32L431_BearPi/Drivers/STM32L4xx_HAL_Driver/Src\stm32l4xx_hal_i2c_ex.c ****   */
 247:D:/iot/felix2/targets/Cloud_STM32L431_BearPi/Drivers/STM32L4xx_HAL_Driver/Src\stm32l4xx_hal_i2c_ex.c **** HAL_StatusTypeDef HAL_I2CEx_DisableWakeUp(I2C_HandleTypeDef *hi2c)
 248:D:/iot/felix2/targets/Cloud_STM32L431_BearPi/Drivers/STM32L4xx_HAL_Driver/Src\stm32l4xx_hal_i2c_ex.c **** {
 366              		.loc 1 248 0
 367              		.cfi_startproc
 368              		@ args = 0, pretend = 0, frame = 8
 369              		@ frame_needed = 1, uses_anonymous_args = 0
 370              		@ link register save eliminated.
 371 0000 80B4     		push	{r7}
 372              	.LCFI18:
 373              		.cfi_def_cfa_offset 4
 374              		.cfi_offset 7, -4
 375 0002 83B0     		sub	sp, sp, #12
 376              	.LCFI19:
 377              		.cfi_def_cfa_offset 16
 378 0004 00AF     		add	r7, sp, #0
 379              	.LCFI20:
 380              		.cfi_def_cfa_register 7
 381 0006 7860     		str	r0, [r7, #4]
 249:D:/iot/felix2/targets/Cloud_STM32L431_BearPi/Drivers/STM32L4xx_HAL_Driver/Src\stm32l4xx_hal_i2c_ex.c ****   /* Check the parameters */
 250:D:/iot/felix2/targets/Cloud_STM32L431_BearPi/Drivers/STM32L4xx_HAL_Driver/Src\stm32l4xx_hal_i2c_ex.c ****   assert_param(IS_I2C_WAKEUP_FROMSTOP_INSTANCE(hi2c->Instance));
 251:D:/iot/felix2/targets/Cloud_STM32L431_BearPi/Drivers/STM32L4xx_HAL_Driver/Src\stm32l4xx_hal_i2c_ex.c **** 
 252:D:/iot/felix2/targets/Cloud_STM32L431_BearPi/Drivers/STM32L4xx_HAL_Driver/Src\stm32l4xx_hal_i2c_ex.c ****   if (hi2c->State == HAL_I2C_STATE_READY)
 382              		.loc 1 252 0
ARM GAS  C:\Users\91458\AppData\Local\Temp\ccQPc2zY.s 			page 12


 383 0008 7B68     		ldr	r3, [r7, #4]
 384 000a 93F84130 		ldrb	r3, [r3, #65]
 385 000e DBB2     		uxtb	r3, r3
 386 0010 202B     		cmp	r3, #32
 387 0012 30D1     		bne	.L14
 253:D:/iot/felix2/targets/Cloud_STM32L431_BearPi/Drivers/STM32L4xx_HAL_Driver/Src\stm32l4xx_hal_i2c_ex.c ****   {
 254:D:/iot/felix2/targets/Cloud_STM32L431_BearPi/Drivers/STM32L4xx_HAL_Driver/Src\stm32l4xx_hal_i2c_ex.c ****     /* Process Locked */
 255:D:/iot/felix2/targets/Cloud_STM32L431_BearPi/Drivers/STM32L4xx_HAL_Driver/Src\stm32l4xx_hal_i2c_ex.c ****     __HAL_LOCK(hi2c);
 388              		.loc 1 255 0
 389 0014 7B68     		ldr	r3, [r7, #4]
 390 0016 93F84030 		ldrb	r3, [r3, #64]	@ zero_extendqisi2
 391 001a 012B     		cmp	r3, #1
 392 001c 01D1     		bne	.L15
 393              		.loc 1 255 0 is_stmt 0 discriminator 1
 394 001e 0223     		movs	r3, #2
 395 0020 2AE0     		b	.L16
 396              	.L15:
 397              		.loc 1 255 0 discriminator 2
 398 0022 7B68     		ldr	r3, [r7, #4]
 399 0024 0122     		movs	r2, #1
 400 0026 83F84020 		strb	r2, [r3, #64]
 256:D:/iot/felix2/targets/Cloud_STM32L431_BearPi/Drivers/STM32L4xx_HAL_Driver/Src\stm32l4xx_hal_i2c_ex.c **** 
 257:D:/iot/felix2/targets/Cloud_STM32L431_BearPi/Drivers/STM32L4xx_HAL_Driver/Src\stm32l4xx_hal_i2c_ex.c ****     hi2c->State = HAL_I2C_STATE_BUSY;
 401              		.loc 1 257 0 is_stmt 1 discriminator 2
 402 002a 7B68     		ldr	r3, [r7, #4]
 403 002c 2422     		movs	r2, #36
 404 002e 83F84120 		strb	r2, [r3, #65]
 258:D:/iot/felix2/targets/Cloud_STM32L431_BearPi/Drivers/STM32L4xx_HAL_Driver/Src\stm32l4xx_hal_i2c_ex.c **** 
 259:D:/iot/felix2/targets/Cloud_STM32L431_BearPi/Drivers/STM32L4xx_HAL_Driver/Src\stm32l4xx_hal_i2c_ex.c ****     /* Disable the selected I2C peripheral */
 260:D:/iot/felix2/targets/Cloud_STM32L431_BearPi/Drivers/STM32L4xx_HAL_Driver/Src\stm32l4xx_hal_i2c_ex.c ****     __HAL_I2C_DISABLE(hi2c);
 405              		.loc 1 260 0 discriminator 2
 406 0032 7B68     		ldr	r3, [r7, #4]
 407 0034 1B68     		ldr	r3, [r3]
 408 0036 1A68     		ldr	r2, [r3]
 409 0038 7B68     		ldr	r3, [r7, #4]
 410 003a 1B68     		ldr	r3, [r3]
 411 003c 22F00102 		bic	r2, r2, #1
 412 0040 1A60     		str	r2, [r3]
 261:D:/iot/felix2/targets/Cloud_STM32L431_BearPi/Drivers/STM32L4xx_HAL_Driver/Src\stm32l4xx_hal_i2c_ex.c **** 
 262:D:/iot/felix2/targets/Cloud_STM32L431_BearPi/Drivers/STM32L4xx_HAL_Driver/Src\stm32l4xx_hal_i2c_ex.c ****     /* Enable wakeup from stop mode */
 263:D:/iot/felix2/targets/Cloud_STM32L431_BearPi/Drivers/STM32L4xx_HAL_Driver/Src\stm32l4xx_hal_i2c_ex.c ****     hi2c->Instance->CR1 &= ~(I2C_CR1_WUPEN);
 413              		.loc 1 263 0 discriminator 2
 414 0042 7B68     		ldr	r3, [r7, #4]
 415 0044 1B68     		ldr	r3, [r3]
 416 0046 1A68     		ldr	r2, [r3]
 417 0048 7B68     		ldr	r3, [r7, #4]
 418 004a 1B68     		ldr	r3, [r3]
 419 004c 22F48022 		bic	r2, r2, #262144
 420 0050 1A60     		str	r2, [r3]
 264:D:/iot/felix2/targets/Cloud_STM32L431_BearPi/Drivers/STM32L4xx_HAL_Driver/Src\stm32l4xx_hal_i2c_ex.c **** 
 265:D:/iot/felix2/targets/Cloud_STM32L431_BearPi/Drivers/STM32L4xx_HAL_Driver/Src\stm32l4xx_hal_i2c_ex.c ****     __HAL_I2C_ENABLE(hi2c);
 421              		.loc 1 265 0 discriminator 2
 422 0052 7B68     		ldr	r3, [r7, #4]
 423 0054 1B68     		ldr	r3, [r3]
 424 0056 1A68     		ldr	r2, [r3]
 425 0058 7B68     		ldr	r3, [r7, #4]
 426 005a 1B68     		ldr	r3, [r3]
ARM GAS  C:\Users\91458\AppData\Local\Temp\ccQPc2zY.s 			page 13


 427 005c 42F00102 		orr	r2, r2, #1
 428 0060 1A60     		str	r2, [r3]
 266:D:/iot/felix2/targets/Cloud_STM32L431_BearPi/Drivers/STM32L4xx_HAL_Driver/Src\stm32l4xx_hal_i2c_ex.c **** 
 267:D:/iot/felix2/targets/Cloud_STM32L431_BearPi/Drivers/STM32L4xx_HAL_Driver/Src\stm32l4xx_hal_i2c_ex.c ****     hi2c->State = HAL_I2C_STATE_READY;
 429              		.loc 1 267 0 discriminator 2
 430 0062 7B68     		ldr	r3, [r7, #4]
 431 0064 2022     		movs	r2, #32
 432 0066 83F84120 		strb	r2, [r3, #65]
 268:D:/iot/felix2/targets/Cloud_STM32L431_BearPi/Drivers/STM32L4xx_HAL_Driver/Src\stm32l4xx_hal_i2c_ex.c **** 
 269:D:/iot/felix2/targets/Cloud_STM32L431_BearPi/Drivers/STM32L4xx_HAL_Driver/Src\stm32l4xx_hal_i2c_ex.c ****     /* Process Unlocked */
 270:D:/iot/felix2/targets/Cloud_STM32L431_BearPi/Drivers/STM32L4xx_HAL_Driver/Src\stm32l4xx_hal_i2c_ex.c ****     __HAL_UNLOCK(hi2c);
 433              		.loc 1 270 0 discriminator 2
 434 006a 7B68     		ldr	r3, [r7, #4]
 435 006c 0022     		movs	r2, #0
 436 006e 83F84020 		strb	r2, [r3, #64]
 271:D:/iot/felix2/targets/Cloud_STM32L431_BearPi/Drivers/STM32L4xx_HAL_Driver/Src\stm32l4xx_hal_i2c_ex.c **** 
 272:D:/iot/felix2/targets/Cloud_STM32L431_BearPi/Drivers/STM32L4xx_HAL_Driver/Src\stm32l4xx_hal_i2c_ex.c ****     return HAL_OK;
 437              		.loc 1 272 0 discriminator 2
 438 0072 0023     		movs	r3, #0
 439 0074 00E0     		b	.L16
 440              	.L14:
 273:D:/iot/felix2/targets/Cloud_STM32L431_BearPi/Drivers/STM32L4xx_HAL_Driver/Src\stm32l4xx_hal_i2c_ex.c ****   }
 274:D:/iot/felix2/targets/Cloud_STM32L431_BearPi/Drivers/STM32L4xx_HAL_Driver/Src\stm32l4xx_hal_i2c_ex.c ****   else
 275:D:/iot/felix2/targets/Cloud_STM32L431_BearPi/Drivers/STM32L4xx_HAL_Driver/Src\stm32l4xx_hal_i2c_ex.c ****   {
 276:D:/iot/felix2/targets/Cloud_STM32L431_BearPi/Drivers/STM32L4xx_HAL_Driver/Src\stm32l4xx_hal_i2c_ex.c ****     return HAL_BUSY;
 441              		.loc 1 276 0
 442 0076 0223     		movs	r3, #2
 443              	.L16:
 277:D:/iot/felix2/targets/Cloud_STM32L431_BearPi/Drivers/STM32L4xx_HAL_Driver/Src\stm32l4xx_hal_i2c_ex.c ****   }
 278:D:/iot/felix2/targets/Cloud_STM32L431_BearPi/Drivers/STM32L4xx_HAL_Driver/Src\stm32l4xx_hal_i2c_ex.c **** }
 444              		.loc 1 278 0
 445 0078 1846     		mov	r0, r3
 446 007a 0C37     		adds	r7, r7, #12
 447              	.LCFI21:
 448              		.cfi_def_cfa_offset 4
 449 007c BD46     		mov	sp, r7
 450              	.LCFI22:
 451              		.cfi_def_cfa_register 13
 452              		@ sp needed
 453 007e 5DF8047B 		ldr	r7, [sp], #4
 454              	.LCFI23:
 455              		.cfi_restore 7
 456              		.cfi_def_cfa_offset 0
 457 0082 7047     		bx	lr
 458              		.cfi_endproc
 459              	.LFE136:
 461              		.section	.text.HAL_I2CEx_EnableFastModePlus,"ax",%progbits
 462              		.align	1
 463              		.global	HAL_I2CEx_EnableFastModePlus
 464              		.syntax unified
 465              		.thumb
 466              		.thumb_func
 467              		.fpu fpv4-sp-d16
 469              	HAL_I2CEx_EnableFastModePlus:
 470              	.LFB137:
 279:D:/iot/felix2/targets/Cloud_STM32L431_BearPi/Drivers/STM32L4xx_HAL_Driver/Src\stm32l4xx_hal_i2c_ex.c **** 
 280:D:/iot/felix2/targets/Cloud_STM32L431_BearPi/Drivers/STM32L4xx_HAL_Driver/Src\stm32l4xx_hal_i2c_ex.c **** /**
ARM GAS  C:\Users\91458\AppData\Local\Temp\ccQPc2zY.s 			page 14


 281:D:/iot/felix2/targets/Cloud_STM32L431_BearPi/Drivers/STM32L4xx_HAL_Driver/Src\stm32l4xx_hal_i2c_ex.c ****   * @brief Enable the I2C fast mode plus driving capability.
 282:D:/iot/felix2/targets/Cloud_STM32L431_BearPi/Drivers/STM32L4xx_HAL_Driver/Src\stm32l4xx_hal_i2c_ex.c ****   * @param ConfigFastModePlus Selects the pin.
 283:D:/iot/felix2/targets/Cloud_STM32L431_BearPi/Drivers/STM32L4xx_HAL_Driver/Src\stm32l4xx_hal_i2c_ex.c ****   *   This parameter can be one of the @ref I2CEx_FastModePlus values
 284:D:/iot/felix2/targets/Cloud_STM32L431_BearPi/Drivers/STM32L4xx_HAL_Driver/Src\stm32l4xx_hal_i2c_ex.c ****   * @note  For I2C1, fast mode plus driving capability can be enabled on all selected
 285:D:/iot/felix2/targets/Cloud_STM32L431_BearPi/Drivers/STM32L4xx_HAL_Driver/Src\stm32l4xx_hal_i2c_ex.c ****   *        I2C1 pins using I2C_FASTMODEPLUS_I2C1 parameter or independently
 286:D:/iot/felix2/targets/Cloud_STM32L431_BearPi/Drivers/STM32L4xx_HAL_Driver/Src\stm32l4xx_hal_i2c_ex.c ****   *        on each one of the following pins PB6, PB7, PB8 and PB9.
 287:D:/iot/felix2/targets/Cloud_STM32L431_BearPi/Drivers/STM32L4xx_HAL_Driver/Src\stm32l4xx_hal_i2c_ex.c ****   * @note  For remaining I2C1 pins (PA14, PA15...) fast mode plus driving capability
 288:D:/iot/felix2/targets/Cloud_STM32L431_BearPi/Drivers/STM32L4xx_HAL_Driver/Src\stm32l4xx_hal_i2c_ex.c ****   *        can be enabled only by using I2C_FASTMODEPLUS_I2C1 parameter.
 289:D:/iot/felix2/targets/Cloud_STM32L431_BearPi/Drivers/STM32L4xx_HAL_Driver/Src\stm32l4xx_hal_i2c_ex.c ****   * @note  For all I2C2 pins fast mode plus driving capability can be enabled
 290:D:/iot/felix2/targets/Cloud_STM32L431_BearPi/Drivers/STM32L4xx_HAL_Driver/Src\stm32l4xx_hal_i2c_ex.c ****   *        only by using I2C_FASTMODEPLUS_I2C2 parameter.
 291:D:/iot/felix2/targets/Cloud_STM32L431_BearPi/Drivers/STM32L4xx_HAL_Driver/Src\stm32l4xx_hal_i2c_ex.c ****   * @note  For all I2C3 pins fast mode plus driving capability can be enabled
 292:D:/iot/felix2/targets/Cloud_STM32L431_BearPi/Drivers/STM32L4xx_HAL_Driver/Src\stm32l4xx_hal_i2c_ex.c ****   *        only by using I2C_FASTMODEPLUS_I2C3 parameter.
 293:D:/iot/felix2/targets/Cloud_STM32L431_BearPi/Drivers/STM32L4xx_HAL_Driver/Src\stm32l4xx_hal_i2c_ex.c ****   * @note  For all I2C4 pins fast mode plus driving capability can be enabled
 294:D:/iot/felix2/targets/Cloud_STM32L431_BearPi/Drivers/STM32L4xx_HAL_Driver/Src\stm32l4xx_hal_i2c_ex.c ****   *        only by using I2C_FASTMODEPLUS_I2C4 parameter.
 295:D:/iot/felix2/targets/Cloud_STM32L431_BearPi/Drivers/STM32L4xx_HAL_Driver/Src\stm32l4xx_hal_i2c_ex.c ****   * @retval None
 296:D:/iot/felix2/targets/Cloud_STM32L431_BearPi/Drivers/STM32L4xx_HAL_Driver/Src\stm32l4xx_hal_i2c_ex.c ****   */
 297:D:/iot/felix2/targets/Cloud_STM32L431_BearPi/Drivers/STM32L4xx_HAL_Driver/Src\stm32l4xx_hal_i2c_ex.c **** void HAL_I2CEx_EnableFastModePlus(uint32_t ConfigFastModePlus)
 298:D:/iot/felix2/targets/Cloud_STM32L431_BearPi/Drivers/STM32L4xx_HAL_Driver/Src\stm32l4xx_hal_i2c_ex.c **** {
 471              		.loc 1 298 0
 472              		.cfi_startproc
 473              		@ args = 0, pretend = 0, frame = 16
 474              		@ frame_needed = 1, uses_anonymous_args = 0
 475              		@ link register save eliminated.
 476 0000 80B4     		push	{r7}
 477              	.LCFI24:
 478              		.cfi_def_cfa_offset 4
 479              		.cfi_offset 7, -4
 480 0002 85B0     		sub	sp, sp, #20
 481              	.LCFI25:
 482              		.cfi_def_cfa_offset 24
 483 0004 00AF     		add	r7, sp, #0
 484              	.LCFI26:
 485              		.cfi_def_cfa_register 7
 486 0006 7860     		str	r0, [r7, #4]
 487              	.LBB2:
 299:D:/iot/felix2/targets/Cloud_STM32L431_BearPi/Drivers/STM32L4xx_HAL_Driver/Src\stm32l4xx_hal_i2c_ex.c ****   /* Check the parameter */
 300:D:/iot/felix2/targets/Cloud_STM32L431_BearPi/Drivers/STM32L4xx_HAL_Driver/Src\stm32l4xx_hal_i2c_ex.c ****   assert_param(IS_I2C_FASTMODEPLUS(ConfigFastModePlus));
 301:D:/iot/felix2/targets/Cloud_STM32L431_BearPi/Drivers/STM32L4xx_HAL_Driver/Src\stm32l4xx_hal_i2c_ex.c **** 
 302:D:/iot/felix2/targets/Cloud_STM32L431_BearPi/Drivers/STM32L4xx_HAL_Driver/Src\stm32l4xx_hal_i2c_ex.c ****   /* Enable SYSCFG clock */
 303:D:/iot/felix2/targets/Cloud_STM32L431_BearPi/Drivers/STM32L4xx_HAL_Driver/Src\stm32l4xx_hal_i2c_ex.c ****   __HAL_RCC_SYSCFG_CLK_ENABLE();
 488              		.loc 1 303 0
 489 0008 0B4B     		ldr	r3, .L18
 490 000a 1B6E     		ldr	r3, [r3, #96]
 491 000c 0A4A     		ldr	r2, .L18
 492 000e 43F00103 		orr	r3, r3, #1
 493 0012 1366     		str	r3, [r2, #96]
 494 0014 084B     		ldr	r3, .L18
 495 0016 1B6E     		ldr	r3, [r3, #96]
 496 0018 03F00103 		and	r3, r3, #1
 497 001c FB60     		str	r3, [r7, #12]
 498 001e FB68     		ldr	r3, [r7, #12]
 499              	.LBE2:
 304:D:/iot/felix2/targets/Cloud_STM32L431_BearPi/Drivers/STM32L4xx_HAL_Driver/Src\stm32l4xx_hal_i2c_ex.c **** 
 305:D:/iot/felix2/targets/Cloud_STM32L431_BearPi/Drivers/STM32L4xx_HAL_Driver/Src\stm32l4xx_hal_i2c_ex.c ****   /* Enable fast mode plus driving capability for selected pin */
 306:D:/iot/felix2/targets/Cloud_STM32L431_BearPi/Drivers/STM32L4xx_HAL_Driver/Src\stm32l4xx_hal_i2c_ex.c ****   SET_BIT(SYSCFG->CFGR1, (uint32_t)ConfigFastModePlus);
 500              		.loc 1 306 0
 501 0020 064B     		ldr	r3, .L18+4
ARM GAS  C:\Users\91458\AppData\Local\Temp\ccQPc2zY.s 			page 15


 502 0022 5A68     		ldr	r2, [r3, #4]
 503 0024 0549     		ldr	r1, .L18+4
 504 0026 7B68     		ldr	r3, [r7, #4]
 505 0028 1343     		orrs	r3, r3, r2
 506 002a 4B60     		str	r3, [r1, #4]
 307:D:/iot/felix2/targets/Cloud_STM32L431_BearPi/Drivers/STM32L4xx_HAL_Driver/Src\stm32l4xx_hal_i2c_ex.c **** }
 507              		.loc 1 307 0
 508 002c 00BF     		nop
 509 002e 1437     		adds	r7, r7, #20
 510              	.LCFI27:
 511              		.cfi_def_cfa_offset 4
 512 0030 BD46     		mov	sp, r7
 513              	.LCFI28:
 514              		.cfi_def_cfa_register 13
 515              		@ sp needed
 516 0032 5DF8047B 		ldr	r7, [sp], #4
 517              	.LCFI29:
 518              		.cfi_restore 7
 519              		.cfi_def_cfa_offset 0
 520 0036 7047     		bx	lr
 521              	.L19:
 522              		.align	2
 523              	.L18:
 524 0038 00100240 		.word	1073876992
 525 003c 00000140 		.word	1073807360
 526              		.cfi_endproc
 527              	.LFE137:
 529              		.section	.text.HAL_I2CEx_DisableFastModePlus,"ax",%progbits
 530              		.align	1
 531              		.global	HAL_I2CEx_DisableFastModePlus
 532              		.syntax unified
 533              		.thumb
 534              		.thumb_func
 535              		.fpu fpv4-sp-d16
 537              	HAL_I2CEx_DisableFastModePlus:
 538              	.LFB138:
 308:D:/iot/felix2/targets/Cloud_STM32L431_BearPi/Drivers/STM32L4xx_HAL_Driver/Src\stm32l4xx_hal_i2c_ex.c **** 
 309:D:/iot/felix2/targets/Cloud_STM32L431_BearPi/Drivers/STM32L4xx_HAL_Driver/Src\stm32l4xx_hal_i2c_ex.c **** /**
 310:D:/iot/felix2/targets/Cloud_STM32L431_BearPi/Drivers/STM32L4xx_HAL_Driver/Src\stm32l4xx_hal_i2c_ex.c ****   * @brief Disable the I2C fast mode plus driving capability.
 311:D:/iot/felix2/targets/Cloud_STM32L431_BearPi/Drivers/STM32L4xx_HAL_Driver/Src\stm32l4xx_hal_i2c_ex.c ****   * @param ConfigFastModePlus Selects the pin.
 312:D:/iot/felix2/targets/Cloud_STM32L431_BearPi/Drivers/STM32L4xx_HAL_Driver/Src\stm32l4xx_hal_i2c_ex.c ****   *   This parameter can be one of the @ref I2CEx_FastModePlus values
 313:D:/iot/felix2/targets/Cloud_STM32L431_BearPi/Drivers/STM32L4xx_HAL_Driver/Src\stm32l4xx_hal_i2c_ex.c ****   * @note  For I2C1, fast mode plus driving capability can be disabled on all selected
 314:D:/iot/felix2/targets/Cloud_STM32L431_BearPi/Drivers/STM32L4xx_HAL_Driver/Src\stm32l4xx_hal_i2c_ex.c ****   *        I2C1 pins using I2C_FASTMODEPLUS_I2C1 parameter or independently
 315:D:/iot/felix2/targets/Cloud_STM32L431_BearPi/Drivers/STM32L4xx_HAL_Driver/Src\stm32l4xx_hal_i2c_ex.c ****   *        on each one of the following pins PB6, PB7, PB8 and PB9.
 316:D:/iot/felix2/targets/Cloud_STM32L431_BearPi/Drivers/STM32L4xx_HAL_Driver/Src\stm32l4xx_hal_i2c_ex.c ****   * @note  For remaining I2C1 pins (PA14, PA15...) fast mode plus driving capability
 317:D:/iot/felix2/targets/Cloud_STM32L431_BearPi/Drivers/STM32L4xx_HAL_Driver/Src\stm32l4xx_hal_i2c_ex.c ****   *        can be disabled only by using I2C_FASTMODEPLUS_I2C1 parameter.
 318:D:/iot/felix2/targets/Cloud_STM32L431_BearPi/Drivers/STM32L4xx_HAL_Driver/Src\stm32l4xx_hal_i2c_ex.c ****   * @note  For all I2C2 pins fast mode plus driving capability can be disabled
 319:D:/iot/felix2/targets/Cloud_STM32L431_BearPi/Drivers/STM32L4xx_HAL_Driver/Src\stm32l4xx_hal_i2c_ex.c ****   *        only by using I2C_FASTMODEPLUS_I2C2 parameter.
 320:D:/iot/felix2/targets/Cloud_STM32L431_BearPi/Drivers/STM32L4xx_HAL_Driver/Src\stm32l4xx_hal_i2c_ex.c ****   * @note  For all I2C3 pins fast mode plus driving capability can be disabled
 321:D:/iot/felix2/targets/Cloud_STM32L431_BearPi/Drivers/STM32L4xx_HAL_Driver/Src\stm32l4xx_hal_i2c_ex.c ****   *        only by using I2C_FASTMODEPLUS_I2C3 parameter.
 322:D:/iot/felix2/targets/Cloud_STM32L431_BearPi/Drivers/STM32L4xx_HAL_Driver/Src\stm32l4xx_hal_i2c_ex.c ****   * @note  For all I2C4 pins fast mode plus driving capability can be disabled
 323:D:/iot/felix2/targets/Cloud_STM32L431_BearPi/Drivers/STM32L4xx_HAL_Driver/Src\stm32l4xx_hal_i2c_ex.c ****   *        only by using I2C_FASTMODEPLUS_I2C4 parameter.
 324:D:/iot/felix2/targets/Cloud_STM32L431_BearPi/Drivers/STM32L4xx_HAL_Driver/Src\stm32l4xx_hal_i2c_ex.c ****   * @retval None
 325:D:/iot/felix2/targets/Cloud_STM32L431_BearPi/Drivers/STM32L4xx_HAL_Driver/Src\stm32l4xx_hal_i2c_ex.c ****   */
 326:D:/iot/felix2/targets/Cloud_STM32L431_BearPi/Drivers/STM32L4xx_HAL_Driver/Src\stm32l4xx_hal_i2c_ex.c **** void HAL_I2CEx_DisableFastModePlus(uint32_t ConfigFastModePlus)
 327:D:/iot/felix2/targets/Cloud_STM32L431_BearPi/Drivers/STM32L4xx_HAL_Driver/Src\stm32l4xx_hal_i2c_ex.c **** {
 539              		.loc 1 327 0
ARM GAS  C:\Users\91458\AppData\Local\Temp\ccQPc2zY.s 			page 16


 540              		.cfi_startproc
 541              		@ args = 0, pretend = 0, frame = 16
 542              		@ frame_needed = 1, uses_anonymous_args = 0
 543              		@ link register save eliminated.
 544 0000 80B4     		push	{r7}
 545              	.LCFI30:
 546              		.cfi_def_cfa_offset 4
 547              		.cfi_offset 7, -4
 548 0002 85B0     		sub	sp, sp, #20
 549              	.LCFI31:
 550              		.cfi_def_cfa_offset 24
 551 0004 00AF     		add	r7, sp, #0
 552              	.LCFI32:
 553              		.cfi_def_cfa_register 7
 554 0006 7860     		str	r0, [r7, #4]
 555              	.LBB3:
 328:D:/iot/felix2/targets/Cloud_STM32L431_BearPi/Drivers/STM32L4xx_HAL_Driver/Src\stm32l4xx_hal_i2c_ex.c ****   /* Check the parameter */
 329:D:/iot/felix2/targets/Cloud_STM32L431_BearPi/Drivers/STM32L4xx_HAL_Driver/Src\stm32l4xx_hal_i2c_ex.c ****   assert_param(IS_I2C_FASTMODEPLUS(ConfigFastModePlus));
 330:D:/iot/felix2/targets/Cloud_STM32L431_BearPi/Drivers/STM32L4xx_HAL_Driver/Src\stm32l4xx_hal_i2c_ex.c **** 
 331:D:/iot/felix2/targets/Cloud_STM32L431_BearPi/Drivers/STM32L4xx_HAL_Driver/Src\stm32l4xx_hal_i2c_ex.c ****   /* Enable SYSCFG clock */
 332:D:/iot/felix2/targets/Cloud_STM32L431_BearPi/Drivers/STM32L4xx_HAL_Driver/Src\stm32l4xx_hal_i2c_ex.c ****   __HAL_RCC_SYSCFG_CLK_ENABLE();
 556              		.loc 1 332 0
 557 0008 0C4B     		ldr	r3, .L21
 558 000a 1B6E     		ldr	r3, [r3, #96]
 559 000c 0B4A     		ldr	r2, .L21
 560 000e 43F00103 		orr	r3, r3, #1
 561 0012 1366     		str	r3, [r2, #96]
 562 0014 094B     		ldr	r3, .L21
 563 0016 1B6E     		ldr	r3, [r3, #96]
 564 0018 03F00103 		and	r3, r3, #1
 565 001c FB60     		str	r3, [r7, #12]
 566 001e FB68     		ldr	r3, [r7, #12]
 567              	.LBE3:
 333:D:/iot/felix2/targets/Cloud_STM32L431_BearPi/Drivers/STM32L4xx_HAL_Driver/Src\stm32l4xx_hal_i2c_ex.c **** 
 334:D:/iot/felix2/targets/Cloud_STM32L431_BearPi/Drivers/STM32L4xx_HAL_Driver/Src\stm32l4xx_hal_i2c_ex.c ****   /* Disable fast mode plus driving capability for selected pin */
 335:D:/iot/felix2/targets/Cloud_STM32L431_BearPi/Drivers/STM32L4xx_HAL_Driver/Src\stm32l4xx_hal_i2c_ex.c ****   CLEAR_BIT(SYSCFG->CFGR1, (uint32_t)ConfigFastModePlus);
 568              		.loc 1 335 0
 569 0020 074B     		ldr	r3, .L21+4
 570 0022 5A68     		ldr	r2, [r3, #4]
 571 0024 7B68     		ldr	r3, [r7, #4]
 572 0026 DB43     		mvns	r3, r3
 573 0028 0549     		ldr	r1, .L21+4
 574 002a 1340     		ands	r3, r3, r2
 575 002c 4B60     		str	r3, [r1, #4]
 336:D:/iot/felix2/targets/Cloud_STM32L431_BearPi/Drivers/STM32L4xx_HAL_Driver/Src\stm32l4xx_hal_i2c_ex.c **** }
 576              		.loc 1 336 0
 577 002e 00BF     		nop
 578 0030 1437     		adds	r7, r7, #20
 579              	.LCFI33:
 580              		.cfi_def_cfa_offset 4
 581 0032 BD46     		mov	sp, r7
 582              	.LCFI34:
 583              		.cfi_def_cfa_register 13
 584              		@ sp needed
 585 0034 5DF8047B 		ldr	r7, [sp], #4
 586              	.LCFI35:
 587              		.cfi_restore 7
ARM GAS  C:\Users\91458\AppData\Local\Temp\ccQPc2zY.s 			page 17


 588              		.cfi_def_cfa_offset 0
 589 0038 7047     		bx	lr
 590              	.L22:
 591 003a 00BF     		.align	2
 592              	.L21:
 593 003c 00100240 		.word	1073876992
 594 0040 00000140 		.word	1073807360
 595              		.cfi_endproc
 596              	.LFE138:
 598              		.text
 599              	.Letext0:
 600              		.file 2 "d:\\liteos studio\\resources\\arm-none-eabi\\arm-none-eabi\\include\\machine\\_default_ty
 601              		.file 3 "d:\\liteos studio\\resources\\arm-none-eabi\\arm-none-eabi\\include\\sys\\lock.h"
 602              		.file 4 "d:\\liteos studio\\resources\\arm-none-eabi\\arm-none-eabi\\include\\sys\\_types.h"
 603              		.file 5 "d:\\liteos studio\\resources\\arm-none-eabi\\lib\\gcc\\arm-none-eabi\\7.3.1\\include\\std
 604              		.file 6 "d:\\liteos studio\\resources\\arm-none-eabi\\arm-none-eabi\\include\\sys\\reent.h"
 605              		.file 7 "D:/iot/felix2/kernel/include/los_typedef.h"
 606              		.file 8 "d:\\liteos studio\\resources\\arm-none-eabi\\arm-none-eabi\\include\\sys\\_stdint.h"
 607              		.file 9 "D:/iot/felix2/arch/arm/common/cmsis/core_cm4.h"
 608              		.file 10 "D:/iot/felix2/targets/Cloud_STM32L431_BearPi/Inc/system_stm32l4xx.h"
 609              		.file 11 "D:/iot/felix2/targets/Cloud_STM32L431_BearPi/Inc/stm32l431xx.h"
 610              		.file 12 "D:/iot/felix2/targets/Cloud_STM32L431_BearPi/OS_CONFIG/target_config.h"
 611              		.file 13 "D:/iot/felix2/kernel/include/los_config.h"
 612              		.file 14 "D:/iot/felix2/kernel/include/los_list.h"
 613              		.file 15 "D:/iot/felix2/kernel/include/los_err.h"
 614              		.file 16 "D:/iot/felix2/arch/arm/arm-m/include/los_hwi.h"
 615              		.file 17 "D:/iot/felix2/kernel/include/los_tick.h"
 616              		.file 18 "D:/iot/felix2/kernel/include/los_event.h"
 617              		.file 19 "D:/iot/felix2/kernel/include/los_task.h"
 618              		.file 20 "D:/iot/felix2/kernel/base/include/los_task.ph"
 619              		.file 21 "D:/iot/felix2/targets/Cloud_STM32L431_BearPi/Inc/main.h"
 620              		.file 22 "D:/iot/felix2/targets/Cloud_STM32L431_BearPi/Drivers/STM32L4xx_HAL_Driver/Inc/stm32l4xx_
 621              		.file 23 "D:/iot/felix2/targets/Cloud_STM32L431_BearPi/Drivers/STM32L4xx_HAL_Driver/Inc/stm32l4xx_
 622              		.file 24 "D:/iot/felix2/targets/Cloud_STM32L431_BearPi/Drivers/STM32L4xx_HAL_Driver/Inc/stm32l4xx_
ARM GAS  C:\Users\91458\AppData\Local\Temp\ccQPc2zY.s 			page 18


DEFINED SYMBOLS
                            *ABS*:00000000 stm32l4xx_hal_i2c_ex.c
C:\Users\91458\AppData\Local\Temp\ccQPc2zY.s:18     .text.HAL_I2CEx_ConfigAnalogFilter:00000000 $t
C:\Users\91458\AppData\Local\Temp\ccQPc2zY.s:25     .text.HAL_I2CEx_ConfigAnalogFilter:00000000 HAL_I2CEx_ConfigAnalogFilter
C:\Users\91458\AppData\Local\Temp\ccQPc2zY.s:134    .text.HAL_I2CEx_ConfigDigitalFilter:00000000 $t
C:\Users\91458\AppData\Local\Temp\ccQPc2zY.s:141    .text.HAL_I2CEx_ConfigDigitalFilter:00000000 HAL_I2CEx_ConfigDigitalFilter
C:\Users\91458\AppData\Local\Temp\ccQPc2zY.s:252    .text.HAL_I2CEx_EnableWakeUp:00000000 $t
C:\Users\91458\AppData\Local\Temp\ccQPc2zY.s:259    .text.HAL_I2CEx_EnableWakeUp:00000000 HAL_I2CEx_EnableWakeUp
C:\Users\91458\AppData\Local\Temp\ccQPc2zY.s:357    .text.HAL_I2CEx_DisableWakeUp:00000000 $t
C:\Users\91458\AppData\Local\Temp\ccQPc2zY.s:364    .text.HAL_I2CEx_DisableWakeUp:00000000 HAL_I2CEx_DisableWakeUp
C:\Users\91458\AppData\Local\Temp\ccQPc2zY.s:462    .text.HAL_I2CEx_EnableFastModePlus:00000000 $t
C:\Users\91458\AppData\Local\Temp\ccQPc2zY.s:469    .text.HAL_I2CEx_EnableFastModePlus:00000000 HAL_I2CEx_EnableFastModePlus
C:\Users\91458\AppData\Local\Temp\ccQPc2zY.s:524    .text.HAL_I2CEx_EnableFastModePlus:00000038 $d
C:\Users\91458\AppData\Local\Temp\ccQPc2zY.s:530    .text.HAL_I2CEx_DisableFastModePlus:00000000 $t
C:\Users\91458\AppData\Local\Temp\ccQPc2zY.s:537    .text.HAL_I2CEx_DisableFastModePlus:00000000 HAL_I2CEx_DisableFastModePlus
C:\Users\91458\AppData\Local\Temp\ccQPc2zY.s:593    .text.HAL_I2CEx_DisableFastModePlus:0000003c $d

NO UNDEFINED SYMBOLS
