ARM GAS  C:\Users\91458\AppData\Local\Temp\cc5h0Iud.s 			page 1


   1              		.cpu cortex-m4
   2              		.eabi_attribute 27, 1
   3              		.eabi_attribute 28, 1
   4              		.eabi_attribute 20, 1
   5              		.eabi_attribute 21, 1
   6              		.eabi_attribute 23, 3
   7              		.eabi_attribute 24, 1
   8              		.eabi_attribute 25, 1
   9              		.eabi_attribute 26, 1
  10              		.eabi_attribute 30, 6
  11              		.eabi_attribute 34, 1
  12              		.eabi_attribute 18, 4
  13              		.file	"stm32l4xx_hal_flash_ramfunc.c"
  14              		.text
  15              	.Ltext0:
  16              		.cfi_sections	.debug_frame
  17              		.section	.RamFunc,"ax",%progbits
  18              		.align	1
  19              		.global	HAL_FLASHEx_EnableRunPowerDown
  20              		.syntax unified
  21              		.thumb
  22              		.thumb_func
  23              		.fpu fpv4-sp-d16
  25              	HAL_FLASHEx_EnableRunPowerDown:
  26              	.LFB133:
  27              		.file 1 "D:/iot/felix2/targets/Cloud_STM32L431_BearPi/Drivers/STM32L4xx_HAL_Driver/Src/stm32l4xx_h
   1:D:/iot/felix2/targets/Cloud_STM32L431_BearPi/Drivers/STM32L4xx_HAL_Driver/Src\stm32l4xx_hal_flash_ramfunc.c **** /**
   2:D:/iot/felix2/targets/Cloud_STM32L431_BearPi/Drivers/STM32L4xx_HAL_Driver/Src\stm32l4xx_hal_flash_ramfunc.c ****   ******************************************************************************
   3:D:/iot/felix2/targets/Cloud_STM32L431_BearPi/Drivers/STM32L4xx_HAL_Driver/Src\stm32l4xx_hal_flash_ramfunc.c ****   * @file    stm32l4xx_hal_flash_ramfunc.c
   4:D:/iot/felix2/targets/Cloud_STM32L431_BearPi/Drivers/STM32L4xx_HAL_Driver/Src\stm32l4xx_hal_flash_ramfunc.c ****   * @author  MCD Application Team
   5:D:/iot/felix2/targets/Cloud_STM32L431_BearPi/Drivers/STM32L4xx_HAL_Driver/Src\stm32l4xx_hal_flash_ramfunc.c ****   * @brief   FLASH RAMFUNC driver.
   6:D:/iot/felix2/targets/Cloud_STM32L431_BearPi/Drivers/STM32L4xx_HAL_Driver/Src\stm32l4xx_hal_flash_ramfunc.c ****   *          This file provides a Flash firmware functions which should be 
   7:D:/iot/felix2/targets/Cloud_STM32L431_BearPi/Drivers/STM32L4xx_HAL_Driver/Src\stm32l4xx_hal_flash_ramfunc.c ****   *          executed from internal SRAM
   8:D:/iot/felix2/targets/Cloud_STM32L431_BearPi/Drivers/STM32L4xx_HAL_Driver/Src\stm32l4xx_hal_flash_ramfunc.c ****   *            + FLASH HalfPage Programming
   9:D:/iot/felix2/targets/Cloud_STM32L431_BearPi/Drivers/STM32L4xx_HAL_Driver/Src\stm32l4xx_hal_flash_ramfunc.c ****   *            + FLASH Power Down in Run mode
  10:D:/iot/felix2/targets/Cloud_STM32L431_BearPi/Drivers/STM32L4xx_HAL_Driver/Src\stm32l4xx_hal_flash_ramfunc.c ****   *
  11:D:/iot/felix2/targets/Cloud_STM32L431_BearPi/Drivers/STM32L4xx_HAL_Driver/Src\stm32l4xx_hal_flash_ramfunc.c ****   *  @verbatim
  12:D:/iot/felix2/targets/Cloud_STM32L431_BearPi/Drivers/STM32L4xx_HAL_Driver/Src\stm32l4xx_hal_flash_ramfunc.c ****   ==============================================================================
  13:D:/iot/felix2/targets/Cloud_STM32L431_BearPi/Drivers/STM32L4xx_HAL_Driver/Src\stm32l4xx_hal_flash_ramfunc.c ****                    ##### Flash RAM functions #####
  14:D:/iot/felix2/targets/Cloud_STM32L431_BearPi/Drivers/STM32L4xx_HAL_Driver/Src\stm32l4xx_hal_flash_ramfunc.c ****   ==============================================================================    
  15:D:/iot/felix2/targets/Cloud_STM32L431_BearPi/Drivers/STM32L4xx_HAL_Driver/Src\stm32l4xx_hal_flash_ramfunc.c **** 
  16:D:/iot/felix2/targets/Cloud_STM32L431_BearPi/Drivers/STM32L4xx_HAL_Driver/Src\stm32l4xx_hal_flash_ramfunc.c ****     *** ARM Compiler ***
  17:D:/iot/felix2/targets/Cloud_STM32L431_BearPi/Drivers/STM32L4xx_HAL_Driver/Src\stm32l4xx_hal_flash_ramfunc.c ****     --------------------
  18:D:/iot/felix2/targets/Cloud_STM32L431_BearPi/Drivers/STM32L4xx_HAL_Driver/Src\stm32l4xx_hal_flash_ramfunc.c ****     [..] RAM functions are defined using the toolchain options. 
  19:D:/iot/felix2/targets/Cloud_STM32L431_BearPi/Drivers/STM32L4xx_HAL_Driver/Src\stm32l4xx_hal_flash_ramfunc.c ****          Functions that are executed in RAM should reside in a separate
  20:D:/iot/felix2/targets/Cloud_STM32L431_BearPi/Drivers/STM32L4xx_HAL_Driver/Src\stm32l4xx_hal_flash_ramfunc.c ****          source module. Using the 'Options for File' dialog you can simply change
  21:D:/iot/felix2/targets/Cloud_STM32L431_BearPi/Drivers/STM32L4xx_HAL_Driver/Src\stm32l4xx_hal_flash_ramfunc.c ****          the 'Code / Const' area of a module to a memory space in physical RAM.
  22:D:/iot/felix2/targets/Cloud_STM32L431_BearPi/Drivers/STM32L4xx_HAL_Driver/Src\stm32l4xx_hal_flash_ramfunc.c ****          Available memory areas are declared in the 'Target' tab of the 
  23:D:/iot/felix2/targets/Cloud_STM32L431_BearPi/Drivers/STM32L4xx_HAL_Driver/Src\stm32l4xx_hal_flash_ramfunc.c ****          Options for Target' dialog.
  24:D:/iot/felix2/targets/Cloud_STM32L431_BearPi/Drivers/STM32L4xx_HAL_Driver/Src\stm32l4xx_hal_flash_ramfunc.c **** 
  25:D:/iot/felix2/targets/Cloud_STM32L431_BearPi/Drivers/STM32L4xx_HAL_Driver/Src\stm32l4xx_hal_flash_ramfunc.c ****     *** ICCARM Compiler ***
  26:D:/iot/felix2/targets/Cloud_STM32L431_BearPi/Drivers/STM32L4xx_HAL_Driver/Src\stm32l4xx_hal_flash_ramfunc.c ****     -----------------------
  27:D:/iot/felix2/targets/Cloud_STM32L431_BearPi/Drivers/STM32L4xx_HAL_Driver/Src\stm32l4xx_hal_flash_ramfunc.c ****     [..] RAM functions are defined using a specific toolchain keyword "__ramfunc".
  28:D:/iot/felix2/targets/Cloud_STM32L431_BearPi/Drivers/STM32L4xx_HAL_Driver/Src\stm32l4xx_hal_flash_ramfunc.c **** 
  29:D:/iot/felix2/targets/Cloud_STM32L431_BearPi/Drivers/STM32L4xx_HAL_Driver/Src\stm32l4xx_hal_flash_ramfunc.c ****     *** GNU Compiler ***
  30:D:/iot/felix2/targets/Cloud_STM32L431_BearPi/Drivers/STM32L4xx_HAL_Driver/Src\stm32l4xx_hal_flash_ramfunc.c ****     --------------------
  31:D:/iot/felix2/targets/Cloud_STM32L431_BearPi/Drivers/STM32L4xx_HAL_Driver/Src\stm32l4xx_hal_flash_ramfunc.c ****     [..] RAM functions are defined using a specific toolchain attribute
ARM GAS  C:\Users\91458\AppData\Local\Temp\cc5h0Iud.s 			page 2


  32:D:/iot/felix2/targets/Cloud_STM32L431_BearPi/Drivers/STM32L4xx_HAL_Driver/Src\stm32l4xx_hal_flash_ramfunc.c ****          "__attribute__((section(".RamFunc")))".
  33:D:/iot/felix2/targets/Cloud_STM32L431_BearPi/Drivers/STM32L4xx_HAL_Driver/Src\stm32l4xx_hal_flash_ramfunc.c ****   
  34:D:/iot/felix2/targets/Cloud_STM32L431_BearPi/Drivers/STM32L4xx_HAL_Driver/Src\stm32l4xx_hal_flash_ramfunc.c ****   @endverbatim
  35:D:/iot/felix2/targets/Cloud_STM32L431_BearPi/Drivers/STM32L4xx_HAL_Driver/Src\stm32l4xx_hal_flash_ramfunc.c ****   ******************************************************************************
  36:D:/iot/felix2/targets/Cloud_STM32L431_BearPi/Drivers/STM32L4xx_HAL_Driver/Src\stm32l4xx_hal_flash_ramfunc.c ****   * @attention
  37:D:/iot/felix2/targets/Cloud_STM32L431_BearPi/Drivers/STM32L4xx_HAL_Driver/Src\stm32l4xx_hal_flash_ramfunc.c ****   *
  38:D:/iot/felix2/targets/Cloud_STM32L431_BearPi/Drivers/STM32L4xx_HAL_Driver/Src\stm32l4xx_hal_flash_ramfunc.c ****   * <h2><center>&copy; COPYRIGHT(c) 2017 STMicroelectronics</center></h2>
  39:D:/iot/felix2/targets/Cloud_STM32L431_BearPi/Drivers/STM32L4xx_HAL_Driver/Src\stm32l4xx_hal_flash_ramfunc.c ****   *
  40:D:/iot/felix2/targets/Cloud_STM32L431_BearPi/Drivers/STM32L4xx_HAL_Driver/Src\stm32l4xx_hal_flash_ramfunc.c ****   * Redistribution and use in source and binary forms, with or without modification,
  41:D:/iot/felix2/targets/Cloud_STM32L431_BearPi/Drivers/STM32L4xx_HAL_Driver/Src\stm32l4xx_hal_flash_ramfunc.c ****   * are permitted provided that the following conditions are met:
  42:D:/iot/felix2/targets/Cloud_STM32L431_BearPi/Drivers/STM32L4xx_HAL_Driver/Src\stm32l4xx_hal_flash_ramfunc.c ****   *   1. Redistributions of source code must retain the above copyright notice,
  43:D:/iot/felix2/targets/Cloud_STM32L431_BearPi/Drivers/STM32L4xx_HAL_Driver/Src\stm32l4xx_hal_flash_ramfunc.c ****   *      this list of conditions and the following disclaimer.
  44:D:/iot/felix2/targets/Cloud_STM32L431_BearPi/Drivers/STM32L4xx_HAL_Driver/Src\stm32l4xx_hal_flash_ramfunc.c ****   *   2. Redistributions in binary form must reproduce the above copyright notice,
  45:D:/iot/felix2/targets/Cloud_STM32L431_BearPi/Drivers/STM32L4xx_HAL_Driver/Src\stm32l4xx_hal_flash_ramfunc.c ****   *      this list of conditions and the following disclaimer in the documentation
  46:D:/iot/felix2/targets/Cloud_STM32L431_BearPi/Drivers/STM32L4xx_HAL_Driver/Src\stm32l4xx_hal_flash_ramfunc.c ****   *      and/or other materials provided with the distribution.
  47:D:/iot/felix2/targets/Cloud_STM32L431_BearPi/Drivers/STM32L4xx_HAL_Driver/Src\stm32l4xx_hal_flash_ramfunc.c ****   *   3. Neither the name of STMicroelectronics nor the names of its contributors
  48:D:/iot/felix2/targets/Cloud_STM32L431_BearPi/Drivers/STM32L4xx_HAL_Driver/Src\stm32l4xx_hal_flash_ramfunc.c ****   *      may be used to endorse or promote products derived from this software
  49:D:/iot/felix2/targets/Cloud_STM32L431_BearPi/Drivers/STM32L4xx_HAL_Driver/Src\stm32l4xx_hal_flash_ramfunc.c ****   *      without specific prior written permission.
  50:D:/iot/felix2/targets/Cloud_STM32L431_BearPi/Drivers/STM32L4xx_HAL_Driver/Src\stm32l4xx_hal_flash_ramfunc.c ****   *
  51:D:/iot/felix2/targets/Cloud_STM32L431_BearPi/Drivers/STM32L4xx_HAL_Driver/Src\stm32l4xx_hal_flash_ramfunc.c ****   * THIS SOFTWARE IS PROVIDED BY THE COPYRIGHT HOLDERS AND CONTRIBUTORS "AS IS"
  52:D:/iot/felix2/targets/Cloud_STM32L431_BearPi/Drivers/STM32L4xx_HAL_Driver/Src\stm32l4xx_hal_flash_ramfunc.c ****   * AND ANY EXPRESS OR IMPLIED WARRANTIES, INCLUDING, BUT NOT LIMITED TO, THE
  53:D:/iot/felix2/targets/Cloud_STM32L431_BearPi/Drivers/STM32L4xx_HAL_Driver/Src\stm32l4xx_hal_flash_ramfunc.c ****   * IMPLIED WARRANTIES OF MERCHANTABILITY AND FITNESS FOR A PARTICULAR PURPOSE ARE
  54:D:/iot/felix2/targets/Cloud_STM32L431_BearPi/Drivers/STM32L4xx_HAL_Driver/Src\stm32l4xx_hal_flash_ramfunc.c ****   * DISCLAIMED. IN NO EVENT SHALL THE COPYRIGHT HOLDER OR CONTRIBUTORS BE LIABLE
  55:D:/iot/felix2/targets/Cloud_STM32L431_BearPi/Drivers/STM32L4xx_HAL_Driver/Src\stm32l4xx_hal_flash_ramfunc.c ****   * FOR ANY DIRECT, INDIRECT, INCIDENTAL, SPECIAL, EXEMPLARY, OR CONSEQUENTIAL
  56:D:/iot/felix2/targets/Cloud_STM32L431_BearPi/Drivers/STM32L4xx_HAL_Driver/Src\stm32l4xx_hal_flash_ramfunc.c ****   * DAMAGES (INCLUDING, BUT NOT LIMITED TO, PROCUREMENT OF SUBSTITUTE GOODS OR
  57:D:/iot/felix2/targets/Cloud_STM32L431_BearPi/Drivers/STM32L4xx_HAL_Driver/Src\stm32l4xx_hal_flash_ramfunc.c ****   * SERVICES; LOSS OF USE, DATA, OR PROFITS; OR BUSINESS INTERRUPTION) HOWEVER
  58:D:/iot/felix2/targets/Cloud_STM32L431_BearPi/Drivers/STM32L4xx_HAL_Driver/Src\stm32l4xx_hal_flash_ramfunc.c ****   * CAUSED AND ON ANY THEORY OF LIABILITY, WHETHER IN CONTRACT, STRICT LIABILITY,
  59:D:/iot/felix2/targets/Cloud_STM32L431_BearPi/Drivers/STM32L4xx_HAL_Driver/Src\stm32l4xx_hal_flash_ramfunc.c ****   * OR TORT (INCLUDING NEGLIGENCE OR OTHERWISE) ARISING IN ANY WAY OUT OF THE USE
  60:D:/iot/felix2/targets/Cloud_STM32L431_BearPi/Drivers/STM32L4xx_HAL_Driver/Src\stm32l4xx_hal_flash_ramfunc.c ****   * OF THIS SOFTWARE, EVEN IF ADVISED OF THE POSSIBILITY OF SUCH DAMAGE.
  61:D:/iot/felix2/targets/Cloud_STM32L431_BearPi/Drivers/STM32L4xx_HAL_Driver/Src\stm32l4xx_hal_flash_ramfunc.c ****   *
  62:D:/iot/felix2/targets/Cloud_STM32L431_BearPi/Drivers/STM32L4xx_HAL_Driver/Src\stm32l4xx_hal_flash_ramfunc.c ****   ******************************************************************************
  63:D:/iot/felix2/targets/Cloud_STM32L431_BearPi/Drivers/STM32L4xx_HAL_Driver/Src\stm32l4xx_hal_flash_ramfunc.c ****   */ 
  64:D:/iot/felix2/targets/Cloud_STM32L431_BearPi/Drivers/STM32L4xx_HAL_Driver/Src\stm32l4xx_hal_flash_ramfunc.c **** 
  65:D:/iot/felix2/targets/Cloud_STM32L431_BearPi/Drivers/STM32L4xx_HAL_Driver/Src\stm32l4xx_hal_flash_ramfunc.c **** /* Includes ------------------------------------------------------------------*/
  66:D:/iot/felix2/targets/Cloud_STM32L431_BearPi/Drivers/STM32L4xx_HAL_Driver/Src\stm32l4xx_hal_flash_ramfunc.c **** #include "stm32l4xx_hal.h"
  67:D:/iot/felix2/targets/Cloud_STM32L431_BearPi/Drivers/STM32L4xx_HAL_Driver/Src\stm32l4xx_hal_flash_ramfunc.c **** 
  68:D:/iot/felix2/targets/Cloud_STM32L431_BearPi/Drivers/STM32L4xx_HAL_Driver/Src\stm32l4xx_hal_flash_ramfunc.c **** /** @addtogroup STM32L4xx_HAL_Driver
  69:D:/iot/felix2/targets/Cloud_STM32L431_BearPi/Drivers/STM32L4xx_HAL_Driver/Src\stm32l4xx_hal_flash_ramfunc.c ****   * @{
  70:D:/iot/felix2/targets/Cloud_STM32L431_BearPi/Drivers/STM32L4xx_HAL_Driver/Src\stm32l4xx_hal_flash_ramfunc.c ****   */
  71:D:/iot/felix2/targets/Cloud_STM32L431_BearPi/Drivers/STM32L4xx_HAL_Driver/Src\stm32l4xx_hal_flash_ramfunc.c **** 
  72:D:/iot/felix2/targets/Cloud_STM32L431_BearPi/Drivers/STM32L4xx_HAL_Driver/Src\stm32l4xx_hal_flash_ramfunc.c **** /** @defgroup FLASH_RAMFUNC FLASH_RAMFUNC
  73:D:/iot/felix2/targets/Cloud_STM32L431_BearPi/Drivers/STM32L4xx_HAL_Driver/Src\stm32l4xx_hal_flash_ramfunc.c ****   * @brief FLASH functions executed from RAM
  74:D:/iot/felix2/targets/Cloud_STM32L431_BearPi/Drivers/STM32L4xx_HAL_Driver/Src\stm32l4xx_hal_flash_ramfunc.c ****   * @{
  75:D:/iot/felix2/targets/Cloud_STM32L431_BearPi/Drivers/STM32L4xx_HAL_Driver/Src\stm32l4xx_hal_flash_ramfunc.c ****   */
  76:D:/iot/felix2/targets/Cloud_STM32L431_BearPi/Drivers/STM32L4xx_HAL_Driver/Src\stm32l4xx_hal_flash_ramfunc.c **** 
  77:D:/iot/felix2/targets/Cloud_STM32L431_BearPi/Drivers/STM32L4xx_HAL_Driver/Src\stm32l4xx_hal_flash_ramfunc.c **** #ifdef HAL_FLASH_MODULE_ENABLED
  78:D:/iot/felix2/targets/Cloud_STM32L431_BearPi/Drivers/STM32L4xx_HAL_Driver/Src\stm32l4xx_hal_flash_ramfunc.c **** 
  79:D:/iot/felix2/targets/Cloud_STM32L431_BearPi/Drivers/STM32L4xx_HAL_Driver/Src\stm32l4xx_hal_flash_ramfunc.c **** /* Private typedef -----------------------------------------------------------*/
  80:D:/iot/felix2/targets/Cloud_STM32L431_BearPi/Drivers/STM32L4xx_HAL_Driver/Src\stm32l4xx_hal_flash_ramfunc.c **** /* Private define ------------------------------------------------------------*/
  81:D:/iot/felix2/targets/Cloud_STM32L431_BearPi/Drivers/STM32L4xx_HAL_Driver/Src\stm32l4xx_hal_flash_ramfunc.c **** /* Private macro -------------------------------------------------------------*/
  82:D:/iot/felix2/targets/Cloud_STM32L431_BearPi/Drivers/STM32L4xx_HAL_Driver/Src\stm32l4xx_hal_flash_ramfunc.c **** /* Private variables ---------------------------------------------------------*/
  83:D:/iot/felix2/targets/Cloud_STM32L431_BearPi/Drivers/STM32L4xx_HAL_Driver/Src\stm32l4xx_hal_flash_ramfunc.c **** extern FLASH_ProcessTypeDef pFlash;
  84:D:/iot/felix2/targets/Cloud_STM32L431_BearPi/Drivers/STM32L4xx_HAL_Driver/Src\stm32l4xx_hal_flash_ramfunc.c **** 
  85:D:/iot/felix2/targets/Cloud_STM32L431_BearPi/Drivers/STM32L4xx_HAL_Driver/Src\stm32l4xx_hal_flash_ramfunc.c **** /* Private function prototypes -----------------------------------------------*/
  86:D:/iot/felix2/targets/Cloud_STM32L431_BearPi/Drivers/STM32L4xx_HAL_Driver/Src\stm32l4xx_hal_flash_ramfunc.c **** /* Exported functions -------------------------------------------------------*/
  87:D:/iot/felix2/targets/Cloud_STM32L431_BearPi/Drivers/STM32L4xx_HAL_Driver/Src\stm32l4xx_hal_flash_ramfunc.c **** 
  88:D:/iot/felix2/targets/Cloud_STM32L431_BearPi/Drivers/STM32L4xx_HAL_Driver/Src\stm32l4xx_hal_flash_ramfunc.c **** /** @defgroup FLASH_RAMFUNC_Exported_Functions FLASH in RAM function Exported Functions
ARM GAS  C:\Users\91458\AppData\Local\Temp\cc5h0Iud.s 			page 3


  89:D:/iot/felix2/targets/Cloud_STM32L431_BearPi/Drivers/STM32L4xx_HAL_Driver/Src\stm32l4xx_hal_flash_ramfunc.c ****   * @{
  90:D:/iot/felix2/targets/Cloud_STM32L431_BearPi/Drivers/STM32L4xx_HAL_Driver/Src\stm32l4xx_hal_flash_ramfunc.c ****   */
  91:D:/iot/felix2/targets/Cloud_STM32L431_BearPi/Drivers/STM32L4xx_HAL_Driver/Src\stm32l4xx_hal_flash_ramfunc.c **** 
  92:D:/iot/felix2/targets/Cloud_STM32L431_BearPi/Drivers/STM32L4xx_HAL_Driver/Src\stm32l4xx_hal_flash_ramfunc.c **** /** @defgroup FLASH_RAMFUNC_Exported_Functions_Group1 Peripheral features functions 
  93:D:/iot/felix2/targets/Cloud_STM32L431_BearPi/Drivers/STM32L4xx_HAL_Driver/Src\stm32l4xx_hal_flash_ramfunc.c ****  *  @brief   Data transfers functions 
  94:D:/iot/felix2/targets/Cloud_STM32L431_BearPi/Drivers/STM32L4xx_HAL_Driver/Src\stm32l4xx_hal_flash_ramfunc.c ****  *
  95:D:/iot/felix2/targets/Cloud_STM32L431_BearPi/Drivers/STM32L4xx_HAL_Driver/Src\stm32l4xx_hal_flash_ramfunc.c **** @verbatim   
  96:D:/iot/felix2/targets/Cloud_STM32L431_BearPi/Drivers/STM32L4xx_HAL_Driver/Src\stm32l4xx_hal_flash_ramfunc.c ****  ===============================================================================
  97:D:/iot/felix2/targets/Cloud_STM32L431_BearPi/Drivers/STM32L4xx_HAL_Driver/Src\stm32l4xx_hal_flash_ramfunc.c ****                       ##### ramfunc functions #####
  98:D:/iot/felix2/targets/Cloud_STM32L431_BearPi/Drivers/STM32L4xx_HAL_Driver/Src\stm32l4xx_hal_flash_ramfunc.c ****  ===============================================================================  
  99:D:/iot/felix2/targets/Cloud_STM32L431_BearPi/Drivers/STM32L4xx_HAL_Driver/Src\stm32l4xx_hal_flash_ramfunc.c ****     [..]
 100:D:/iot/felix2/targets/Cloud_STM32L431_BearPi/Drivers/STM32L4xx_HAL_Driver/Src\stm32l4xx_hal_flash_ramfunc.c ****     This subsection provides a set of functions that should be executed from RAM.
 101:D:/iot/felix2/targets/Cloud_STM32L431_BearPi/Drivers/STM32L4xx_HAL_Driver/Src\stm32l4xx_hal_flash_ramfunc.c **** 
 102:D:/iot/felix2/targets/Cloud_STM32L431_BearPi/Drivers/STM32L4xx_HAL_Driver/Src\stm32l4xx_hal_flash_ramfunc.c **** @endverbatim
 103:D:/iot/felix2/targets/Cloud_STM32L431_BearPi/Drivers/STM32L4xx_HAL_Driver/Src\stm32l4xx_hal_flash_ramfunc.c ****   * @{
 104:D:/iot/felix2/targets/Cloud_STM32L431_BearPi/Drivers/STM32L4xx_HAL_Driver/Src\stm32l4xx_hal_flash_ramfunc.c ****   */
 105:D:/iot/felix2/targets/Cloud_STM32L431_BearPi/Drivers/STM32L4xx_HAL_Driver/Src\stm32l4xx_hal_flash_ramfunc.c **** 
 106:D:/iot/felix2/targets/Cloud_STM32L431_BearPi/Drivers/STM32L4xx_HAL_Driver/Src\stm32l4xx_hal_flash_ramfunc.c **** /**
 107:D:/iot/felix2/targets/Cloud_STM32L431_BearPi/Drivers/STM32L4xx_HAL_Driver/Src\stm32l4xx_hal_flash_ramfunc.c ****   * @brief   Enable the Power down in Run Mode
 108:D:/iot/felix2/targets/Cloud_STM32L431_BearPi/Drivers/STM32L4xx_HAL_Driver/Src\stm32l4xx_hal_flash_ramfunc.c ****   * @note    This function should be called and executed from SRAM memory
 109:D:/iot/felix2/targets/Cloud_STM32L431_BearPi/Drivers/STM32L4xx_HAL_Driver/Src\stm32l4xx_hal_flash_ramfunc.c ****   * @retval None
 110:D:/iot/felix2/targets/Cloud_STM32L431_BearPi/Drivers/STM32L4xx_HAL_Driver/Src\stm32l4xx_hal_flash_ramfunc.c ****   */
 111:D:/iot/felix2/targets/Cloud_STM32L431_BearPi/Drivers/STM32L4xx_HAL_Driver/Src\stm32l4xx_hal_flash_ramfunc.c **** __RAM_FUNC HAL_FLASHEx_EnableRunPowerDown(void)
 112:D:/iot/felix2/targets/Cloud_STM32L431_BearPi/Drivers/STM32L4xx_HAL_Driver/Src\stm32l4xx_hal_flash_ramfunc.c **** {
  28              		.loc 1 112 0
  29              		.cfi_startproc
  30              		@ args = 0, pretend = 0, frame = 0
  31              		@ frame_needed = 1, uses_anonymous_args = 0
  32              		@ link register save eliminated.
  33 0000 80B4     		push	{r7}
  34              	.LCFI0:
  35              		.cfi_def_cfa_offset 4
  36              		.cfi_offset 7, -4
  37 0002 00AF     		add	r7, sp, #0
  38              	.LCFI1:
  39              		.cfi_def_cfa_register 7
 113:D:/iot/felix2/targets/Cloud_STM32L431_BearPi/Drivers/STM32L4xx_HAL_Driver/Src\stm32l4xx_hal_flash_ramfunc.c ****   /* Enable the Power Down in Run mode*/
 114:D:/iot/felix2/targets/Cloud_STM32L431_BearPi/Drivers/STM32L4xx_HAL_Driver/Src\stm32l4xx_hal_flash_ramfunc.c ****   __HAL_FLASH_POWER_DOWN_ENABLE();
  40              		.loc 1 114 0
  41 0004 084B     		ldr	r3, .L3
  42 0006 094A     		ldr	r2, .L3+4
  43 0008 5A60     		str	r2, [r3, #4]
  44 000a 074B     		ldr	r3, .L3
  45 000c 084A     		ldr	r2, .L3+8
  46 000e 5A60     		str	r2, [r3, #4]
  47 0010 054B     		ldr	r3, .L3
  48 0012 1B68     		ldr	r3, [r3]
  49 0014 044A     		ldr	r2, .L3
  50 0016 43F40053 		orr	r3, r3, #8192
  51 001a 1360     		str	r3, [r2]
 115:D:/iot/felix2/targets/Cloud_STM32L431_BearPi/Drivers/STM32L4xx_HAL_Driver/Src\stm32l4xx_hal_flash_ramfunc.c ****   
 116:D:/iot/felix2/targets/Cloud_STM32L431_BearPi/Drivers/STM32L4xx_HAL_Driver/Src\stm32l4xx_hal_flash_ramfunc.c ****   return HAL_OK;
  52              		.loc 1 116 0
  53 001c 0023     		movs	r3, #0
 117:D:/iot/felix2/targets/Cloud_STM32L431_BearPi/Drivers/STM32L4xx_HAL_Driver/Src\stm32l4xx_hal_flash_ramfunc.c ****   
 118:D:/iot/felix2/targets/Cloud_STM32L431_BearPi/Drivers/STM32L4xx_HAL_Driver/Src\stm32l4xx_hal_flash_ramfunc.c **** }
  54              		.loc 1 118 0
ARM GAS  C:\Users\91458\AppData\Local\Temp\cc5h0Iud.s 			page 4


  55 001e 1846     		mov	r0, r3
  56 0020 BD46     		mov	sp, r7
  57              	.LCFI2:
  58              		.cfi_def_cfa_register 13
  59              		@ sp needed
  60 0022 5DF8047B 		ldr	r7, [sp], #4
  61              	.LCFI3:
  62              		.cfi_restore 7
  63              		.cfi_def_cfa_offset 0
  64 0026 7047     		bx	lr
  65              	.L4:
  66              		.align	2
  67              	.L3:
  68 0028 00200240 		.word	1073881088
  69 002c 37261504 		.word	68494903
  70 0030 FDFCFBFA 		.word	-84148995
  71              		.cfi_endproc
  72              	.LFE133:
  74              		.align	1
  75              		.global	HAL_FLASHEx_DisableRunPowerDown
  76              		.syntax unified
  77              		.thumb
  78              		.thumb_func
  79              		.fpu fpv4-sp-d16
  81              	HAL_FLASHEx_DisableRunPowerDown:
  82              	.LFB134:
 119:D:/iot/felix2/targets/Cloud_STM32L431_BearPi/Drivers/STM32L4xx_HAL_Driver/Src\stm32l4xx_hal_flash_ramfunc.c **** 
 120:D:/iot/felix2/targets/Cloud_STM32L431_BearPi/Drivers/STM32L4xx_HAL_Driver/Src\stm32l4xx_hal_flash_ramfunc.c **** /**
 121:D:/iot/felix2/targets/Cloud_STM32L431_BearPi/Drivers/STM32L4xx_HAL_Driver/Src\stm32l4xx_hal_flash_ramfunc.c ****   * @brief   Disable the Power down in Run Mode
 122:D:/iot/felix2/targets/Cloud_STM32L431_BearPi/Drivers/STM32L4xx_HAL_Driver/Src\stm32l4xx_hal_flash_ramfunc.c ****   * @note    This function should be called and executed from SRAM memory
 123:D:/iot/felix2/targets/Cloud_STM32L431_BearPi/Drivers/STM32L4xx_HAL_Driver/Src\stm32l4xx_hal_flash_ramfunc.c ****   * @retval None
 124:D:/iot/felix2/targets/Cloud_STM32L431_BearPi/Drivers/STM32L4xx_HAL_Driver/Src\stm32l4xx_hal_flash_ramfunc.c ****   */
 125:D:/iot/felix2/targets/Cloud_STM32L431_BearPi/Drivers/STM32L4xx_HAL_Driver/Src\stm32l4xx_hal_flash_ramfunc.c **** __RAM_FUNC HAL_FLASHEx_DisableRunPowerDown(void)
 126:D:/iot/felix2/targets/Cloud_STM32L431_BearPi/Drivers/STM32L4xx_HAL_Driver/Src\stm32l4xx_hal_flash_ramfunc.c **** {
  83              		.loc 1 126 0
  84              		.cfi_startproc
  85              		@ args = 0, pretend = 0, frame = 0
  86              		@ frame_needed = 1, uses_anonymous_args = 0
  87              		@ link register save eliminated.
  88 0034 80B4     		push	{r7}
  89              	.LCFI4:
  90              		.cfi_def_cfa_offset 4
  91              		.cfi_offset 7, -4
  92 0036 00AF     		add	r7, sp, #0
  93              	.LCFI5:
  94              		.cfi_def_cfa_register 7
 127:D:/iot/felix2/targets/Cloud_STM32L431_BearPi/Drivers/STM32L4xx_HAL_Driver/Src\stm32l4xx_hal_flash_ramfunc.c ****   /* Disable the Power Down in Run mode*/
 128:D:/iot/felix2/targets/Cloud_STM32L431_BearPi/Drivers/STM32L4xx_HAL_Driver/Src\stm32l4xx_hal_flash_ramfunc.c ****   __HAL_FLASH_POWER_DOWN_DISABLE();
  95              		.loc 1 128 0
  96 0038 084B     		ldr	r3, .L7
  97 003a 094A     		ldr	r2, .L7+4
  98 003c 5A60     		str	r2, [r3, #4]
  99 003e 074B     		ldr	r3, .L7
 100 0040 084A     		ldr	r2, .L7+8
 101 0042 5A60     		str	r2, [r3, #4]
 102 0044 054B     		ldr	r3, .L7
 103 0046 1B68     		ldr	r3, [r3]
ARM GAS  C:\Users\91458\AppData\Local\Temp\cc5h0Iud.s 			page 5


 104 0048 044A     		ldr	r2, .L7
 105 004a 23F40053 		bic	r3, r3, #8192
 106 004e 1360     		str	r3, [r2]
 129:D:/iot/felix2/targets/Cloud_STM32L431_BearPi/Drivers/STM32L4xx_HAL_Driver/Src\stm32l4xx_hal_flash_ramfunc.c **** 
 130:D:/iot/felix2/targets/Cloud_STM32L431_BearPi/Drivers/STM32L4xx_HAL_Driver/Src\stm32l4xx_hal_flash_ramfunc.c ****   return HAL_OK;  
 107              		.loc 1 130 0
 108 0050 0023     		movs	r3, #0
 131:D:/iot/felix2/targets/Cloud_STM32L431_BearPi/Drivers/STM32L4xx_HAL_Driver/Src\stm32l4xx_hal_flash_ramfunc.c **** }
 109              		.loc 1 131 0
 110 0052 1846     		mov	r0, r3
 111 0054 BD46     		mov	sp, r7
 112              	.LCFI6:
 113              		.cfi_def_cfa_register 13
 114              		@ sp needed
 115 0056 5DF8047B 		ldr	r7, [sp], #4
 116              	.LCFI7:
 117              		.cfi_restore 7
 118              		.cfi_def_cfa_offset 0
 119 005a 7047     		bx	lr
 120              	.L8:
 121              		.align	2
 122              	.L7:
 123 005c 00200240 		.word	1073881088
 124 0060 37261504 		.word	68494903
 125 0064 FDFCFBFA 		.word	-84148995
 126              		.cfi_endproc
 127              	.LFE134:
 129              		.text
 130              	.Letext0:
 131              		.file 2 "d:\\liteos studio\\resources\\arm-none-eabi\\arm-none-eabi\\include\\machine\\_default_ty
 132              		.file 3 "d:\\liteos studio\\resources\\arm-none-eabi\\arm-none-eabi\\include\\sys\\lock.h"
 133              		.file 4 "d:\\liteos studio\\resources\\arm-none-eabi\\arm-none-eabi\\include\\sys\\_types.h"
 134              		.file 5 "d:\\liteos studio\\resources\\arm-none-eabi\\lib\\gcc\\arm-none-eabi\\7.3.1\\include\\std
 135              		.file 6 "d:\\liteos studio\\resources\\arm-none-eabi\\arm-none-eabi\\include\\sys\\reent.h"
 136              		.file 7 "D:/iot/felix2/kernel/include/los_typedef.h"
 137              		.file 8 "d:\\liteos studio\\resources\\arm-none-eabi\\arm-none-eabi\\include\\sys\\_stdint.h"
 138              		.file 9 "D:/iot/felix2/arch/arm/common/cmsis/core_cm4.h"
 139              		.file 10 "D:/iot/felix2/targets/Cloud_STM32L431_BearPi/Inc/system_stm32l4xx.h"
 140              		.file 11 "D:/iot/felix2/targets/Cloud_STM32L431_BearPi/Inc/stm32l431xx.h"
 141              		.file 12 "D:/iot/felix2/targets/Cloud_STM32L431_BearPi/OS_CONFIG/target_config.h"
 142              		.file 13 "D:/iot/felix2/kernel/include/los_config.h"
 143              		.file 14 "D:/iot/felix2/kernel/include/los_list.h"
 144              		.file 15 "D:/iot/felix2/kernel/include/los_err.h"
 145              		.file 16 "D:/iot/felix2/arch/arm/arm-m/include/los_hwi.h"
 146              		.file 17 "D:/iot/felix2/kernel/include/los_tick.h"
 147              		.file 18 "D:/iot/felix2/kernel/include/los_event.h"
 148              		.file 19 "D:/iot/felix2/kernel/include/los_task.h"
 149              		.file 20 "D:/iot/felix2/kernel/base/include/los_task.ph"
 150              		.file 21 "D:/iot/felix2/targets/Cloud_STM32L431_BearPi/Inc/main.h"
 151              		.file 22 "D:/iot/felix2/targets/Cloud_STM32L431_BearPi/Drivers/STM32L4xx_HAL_Driver/Inc/stm32l4xx_
 152              		.file 23 "D:/iot/felix2/targets/Cloud_STM32L431_BearPi/Drivers/STM32L4xx_HAL_Driver/Inc/stm32l4xx_
ARM GAS  C:\Users\91458\AppData\Local\Temp\cc5h0Iud.s 			page 6


DEFINED SYMBOLS
                            *ABS*:00000000 stm32l4xx_hal_flash_ramfunc.c
C:\Users\91458\AppData\Local\Temp\cc5h0Iud.s:18     .RamFunc:00000000 $t
C:\Users\91458\AppData\Local\Temp\cc5h0Iud.s:25     .RamFunc:00000000 HAL_FLASHEx_EnableRunPowerDown
C:\Users\91458\AppData\Local\Temp\cc5h0Iud.s:68     .RamFunc:00000028 $d
C:\Users\91458\AppData\Local\Temp\cc5h0Iud.s:74     .RamFunc:00000034 $t
C:\Users\91458\AppData\Local\Temp\cc5h0Iud.s:81     .RamFunc:00000034 HAL_FLASHEx_DisableRunPowerDown
C:\Users\91458\AppData\Local\Temp\cc5h0Iud.s:123    .RamFunc:0000005c $d

NO UNDEFINED SYMBOLS
