ARM GAS  C:\Users\91458\AppData\Local\Temp\ccsZAq8t.s 			page 1


   1              		.cpu cortex-m4
   2              		.eabi_attribute 27, 1
   3              		.eabi_attribute 28, 1
   4              		.eabi_attribute 20, 1
   5              		.eabi_attribute 21, 1
   6              		.eabi_attribute 23, 3
   7              		.eabi_attribute 24, 1
   8              		.eabi_attribute 25, 1
   9              		.eabi_attribute 26, 1
  10              		.eabi_attribute 30, 6
  11              		.eabi_attribute 34, 1
  12              		.eabi_attribute 18, 4
  13              		.file	"stm32l4xx_hal_spi_ex.c"
  14              		.text
  15              	.Ltext0:
  16              		.cfi_sections	.debug_frame
  17              		.section	.text.HAL_SPIEx_FlushRxFifo,"ax",%progbits
  18              		.align	1
  19              		.global	HAL_SPIEx_FlushRxFifo
  20              		.syntax unified
  21              		.thumb
  22              		.thumb_func
  23              		.fpu fpv4-sp-d16
  25              	HAL_SPIEx_FlushRxFifo:
  26              	.LFB133:
  27              		.file 1 "D:/iot/felix2/targets/Cloud_STM32L431_BearPi/Drivers/STM32L4xx_HAL_Driver/Src/stm32l4xx_h
   1:D:/iot/felix2/targets/Cloud_STM32L431_BearPi/Drivers/STM32L4xx_HAL_Driver/Src\stm32l4xx_hal_spi_ex.c **** /**
   2:D:/iot/felix2/targets/Cloud_STM32L431_BearPi/Drivers/STM32L4xx_HAL_Driver/Src\stm32l4xx_hal_spi_ex.c ****   ******************************************************************************
   3:D:/iot/felix2/targets/Cloud_STM32L431_BearPi/Drivers/STM32L4xx_HAL_Driver/Src\stm32l4xx_hal_spi_ex.c ****   * @file    stm32l4xx_hal_spi_ex.c
   4:D:/iot/felix2/targets/Cloud_STM32L431_BearPi/Drivers/STM32L4xx_HAL_Driver/Src\stm32l4xx_hal_spi_ex.c ****   * @author  MCD Application Team
   5:D:/iot/felix2/targets/Cloud_STM32L431_BearPi/Drivers/STM32L4xx_HAL_Driver/Src\stm32l4xx_hal_spi_ex.c ****   * @brief   Extended SPI HAL module driver.
   6:D:/iot/felix2/targets/Cloud_STM32L431_BearPi/Drivers/STM32L4xx_HAL_Driver/Src\stm32l4xx_hal_spi_ex.c ****   *          This file provides firmware functions to manage the following
   7:D:/iot/felix2/targets/Cloud_STM32L431_BearPi/Drivers/STM32L4xx_HAL_Driver/Src\stm32l4xx_hal_spi_ex.c ****   *          SPI peripheral extended functionalities :
   8:D:/iot/felix2/targets/Cloud_STM32L431_BearPi/Drivers/STM32L4xx_HAL_Driver/Src\stm32l4xx_hal_spi_ex.c ****   *           + IO operation functions
   9:D:/iot/felix2/targets/Cloud_STM32L431_BearPi/Drivers/STM32L4xx_HAL_Driver/Src\stm32l4xx_hal_spi_ex.c ****   *
  10:D:/iot/felix2/targets/Cloud_STM32L431_BearPi/Drivers/STM32L4xx_HAL_Driver/Src\stm32l4xx_hal_spi_ex.c ****   ******************************************************************************
  11:D:/iot/felix2/targets/Cloud_STM32L431_BearPi/Drivers/STM32L4xx_HAL_Driver/Src\stm32l4xx_hal_spi_ex.c ****   * @attention
  12:D:/iot/felix2/targets/Cloud_STM32L431_BearPi/Drivers/STM32L4xx_HAL_Driver/Src\stm32l4xx_hal_spi_ex.c ****   *
  13:D:/iot/felix2/targets/Cloud_STM32L431_BearPi/Drivers/STM32L4xx_HAL_Driver/Src\stm32l4xx_hal_spi_ex.c ****   * <h2><center>&copy; COPYRIGHT(c) 2017 STMicroelectronics</center></h2>
  14:D:/iot/felix2/targets/Cloud_STM32L431_BearPi/Drivers/STM32L4xx_HAL_Driver/Src\stm32l4xx_hal_spi_ex.c ****   *
  15:D:/iot/felix2/targets/Cloud_STM32L431_BearPi/Drivers/STM32L4xx_HAL_Driver/Src\stm32l4xx_hal_spi_ex.c ****   * Redistribution and use in source and binary forms, with or without modification,
  16:D:/iot/felix2/targets/Cloud_STM32L431_BearPi/Drivers/STM32L4xx_HAL_Driver/Src\stm32l4xx_hal_spi_ex.c ****   * are permitted provided that the following conditions are met:
  17:D:/iot/felix2/targets/Cloud_STM32L431_BearPi/Drivers/STM32L4xx_HAL_Driver/Src\stm32l4xx_hal_spi_ex.c ****   *   1. Redistributions of source code must retain the above copyright notice,
  18:D:/iot/felix2/targets/Cloud_STM32L431_BearPi/Drivers/STM32L4xx_HAL_Driver/Src\stm32l4xx_hal_spi_ex.c ****   *      this list of conditions and the following disclaimer.
  19:D:/iot/felix2/targets/Cloud_STM32L431_BearPi/Drivers/STM32L4xx_HAL_Driver/Src\stm32l4xx_hal_spi_ex.c ****   *   2. Redistributions in binary form must reproduce the above copyright notice,
  20:D:/iot/felix2/targets/Cloud_STM32L431_BearPi/Drivers/STM32L4xx_HAL_Driver/Src\stm32l4xx_hal_spi_ex.c ****   *      this list of conditions and the following disclaimer in the documentation
  21:D:/iot/felix2/targets/Cloud_STM32L431_BearPi/Drivers/STM32L4xx_HAL_Driver/Src\stm32l4xx_hal_spi_ex.c ****   *      and/or other materials provided with the distribution.
  22:D:/iot/felix2/targets/Cloud_STM32L431_BearPi/Drivers/STM32L4xx_HAL_Driver/Src\stm32l4xx_hal_spi_ex.c ****   *   3. Neither the name of STMicroelectronics nor the names of its contributors
  23:D:/iot/felix2/targets/Cloud_STM32L431_BearPi/Drivers/STM32L4xx_HAL_Driver/Src\stm32l4xx_hal_spi_ex.c ****   *      may be used to endorse or promote products derived from this software
  24:D:/iot/felix2/targets/Cloud_STM32L431_BearPi/Drivers/STM32L4xx_HAL_Driver/Src\stm32l4xx_hal_spi_ex.c ****   *      without specific prior written permission.
  25:D:/iot/felix2/targets/Cloud_STM32L431_BearPi/Drivers/STM32L4xx_HAL_Driver/Src\stm32l4xx_hal_spi_ex.c ****   *
  26:D:/iot/felix2/targets/Cloud_STM32L431_BearPi/Drivers/STM32L4xx_HAL_Driver/Src\stm32l4xx_hal_spi_ex.c ****   * THIS SOFTWARE IS PROVIDED BY THE COPYRIGHT HOLDERS AND CONTRIBUTORS "AS IS"
  27:D:/iot/felix2/targets/Cloud_STM32L431_BearPi/Drivers/STM32L4xx_HAL_Driver/Src\stm32l4xx_hal_spi_ex.c ****   * AND ANY EXPRESS OR IMPLIED WARRANTIES, INCLUDING, BUT NOT LIMITED TO, THE
  28:D:/iot/felix2/targets/Cloud_STM32L431_BearPi/Drivers/STM32L4xx_HAL_Driver/Src\stm32l4xx_hal_spi_ex.c ****   * IMPLIED WARRANTIES OF MERCHANTABILITY AND FITNESS FOR A PARTICULAR PURPOSE ARE
  29:D:/iot/felix2/targets/Cloud_STM32L431_BearPi/Drivers/STM32L4xx_HAL_Driver/Src\stm32l4xx_hal_spi_ex.c ****   * DISCLAIMED. IN NO EVENT SHALL THE COPYRIGHT HOLDER OR CONTRIBUTORS BE LIABLE
  30:D:/iot/felix2/targets/Cloud_STM32L431_BearPi/Drivers/STM32L4xx_HAL_Driver/Src\stm32l4xx_hal_spi_ex.c ****   * FOR ANY DIRECT, INDIRECT, INCIDENTAL, SPECIAL, EXEMPLARY, OR CONSEQUENTIAL
  31:D:/iot/felix2/targets/Cloud_STM32L431_BearPi/Drivers/STM32L4xx_HAL_Driver/Src\stm32l4xx_hal_spi_ex.c ****   * DAMAGES (INCLUDING, BUT NOT LIMITED TO, PROCUREMENT OF SUBSTITUTE GOODS OR
ARM GAS  C:\Users\91458\AppData\Local\Temp\ccsZAq8t.s 			page 2


  32:D:/iot/felix2/targets/Cloud_STM32L431_BearPi/Drivers/STM32L4xx_HAL_Driver/Src\stm32l4xx_hal_spi_ex.c ****   * SERVICES; LOSS OF USE, DATA, OR PROFITS; OR BUSINESS INTERRUPTION) HOWEVER
  33:D:/iot/felix2/targets/Cloud_STM32L431_BearPi/Drivers/STM32L4xx_HAL_Driver/Src\stm32l4xx_hal_spi_ex.c ****   * CAUSED AND ON ANY THEORY OF LIABILITY, WHETHER IN CONTRACT, STRICT LIABILITY,
  34:D:/iot/felix2/targets/Cloud_STM32L431_BearPi/Drivers/STM32L4xx_HAL_Driver/Src\stm32l4xx_hal_spi_ex.c ****   * OR TORT (INCLUDING NEGLIGENCE OR OTHERWISE) ARISING IN ANY WAY OUT OF THE USE
  35:D:/iot/felix2/targets/Cloud_STM32L431_BearPi/Drivers/STM32L4xx_HAL_Driver/Src\stm32l4xx_hal_spi_ex.c ****   * OF THIS SOFTWARE, EVEN IF ADVISED OF THE POSSIBILITY OF SUCH DAMAGE.
  36:D:/iot/felix2/targets/Cloud_STM32L431_BearPi/Drivers/STM32L4xx_HAL_Driver/Src\stm32l4xx_hal_spi_ex.c ****   *
  37:D:/iot/felix2/targets/Cloud_STM32L431_BearPi/Drivers/STM32L4xx_HAL_Driver/Src\stm32l4xx_hal_spi_ex.c ****   ******************************************************************************
  38:D:/iot/felix2/targets/Cloud_STM32L431_BearPi/Drivers/STM32L4xx_HAL_Driver/Src\stm32l4xx_hal_spi_ex.c ****   */
  39:D:/iot/felix2/targets/Cloud_STM32L431_BearPi/Drivers/STM32L4xx_HAL_Driver/Src\stm32l4xx_hal_spi_ex.c **** 
  40:D:/iot/felix2/targets/Cloud_STM32L431_BearPi/Drivers/STM32L4xx_HAL_Driver/Src\stm32l4xx_hal_spi_ex.c **** /* Includes ------------------------------------------------------------------*/
  41:D:/iot/felix2/targets/Cloud_STM32L431_BearPi/Drivers/STM32L4xx_HAL_Driver/Src\stm32l4xx_hal_spi_ex.c **** #include "stm32l4xx_hal.h"
  42:D:/iot/felix2/targets/Cloud_STM32L431_BearPi/Drivers/STM32L4xx_HAL_Driver/Src\stm32l4xx_hal_spi_ex.c **** 
  43:D:/iot/felix2/targets/Cloud_STM32L431_BearPi/Drivers/STM32L4xx_HAL_Driver/Src\stm32l4xx_hal_spi_ex.c **** /** @addtogroup STM32L4xx_HAL_Driver
  44:D:/iot/felix2/targets/Cloud_STM32L431_BearPi/Drivers/STM32L4xx_HAL_Driver/Src\stm32l4xx_hal_spi_ex.c ****   * @{
  45:D:/iot/felix2/targets/Cloud_STM32L431_BearPi/Drivers/STM32L4xx_HAL_Driver/Src\stm32l4xx_hal_spi_ex.c ****   */
  46:D:/iot/felix2/targets/Cloud_STM32L431_BearPi/Drivers/STM32L4xx_HAL_Driver/Src\stm32l4xx_hal_spi_ex.c **** 
  47:D:/iot/felix2/targets/Cloud_STM32L431_BearPi/Drivers/STM32L4xx_HAL_Driver/Src\stm32l4xx_hal_spi_ex.c **** /** @defgroup SPIEx SPIEx
  48:D:/iot/felix2/targets/Cloud_STM32L431_BearPi/Drivers/STM32L4xx_HAL_Driver/Src\stm32l4xx_hal_spi_ex.c ****   * @brief SPI Extended HAL module driver
  49:D:/iot/felix2/targets/Cloud_STM32L431_BearPi/Drivers/STM32L4xx_HAL_Driver/Src\stm32l4xx_hal_spi_ex.c ****   * @{
  50:D:/iot/felix2/targets/Cloud_STM32L431_BearPi/Drivers/STM32L4xx_HAL_Driver/Src\stm32l4xx_hal_spi_ex.c ****   */
  51:D:/iot/felix2/targets/Cloud_STM32L431_BearPi/Drivers/STM32L4xx_HAL_Driver/Src\stm32l4xx_hal_spi_ex.c **** #ifdef HAL_SPI_MODULE_ENABLED
  52:D:/iot/felix2/targets/Cloud_STM32L431_BearPi/Drivers/STM32L4xx_HAL_Driver/Src\stm32l4xx_hal_spi_ex.c **** 
  53:D:/iot/felix2/targets/Cloud_STM32L431_BearPi/Drivers/STM32L4xx_HAL_Driver/Src\stm32l4xx_hal_spi_ex.c **** /* Private typedef -----------------------------------------------------------*/
  54:D:/iot/felix2/targets/Cloud_STM32L431_BearPi/Drivers/STM32L4xx_HAL_Driver/Src\stm32l4xx_hal_spi_ex.c **** /* Private defines -----------------------------------------------------------*/
  55:D:/iot/felix2/targets/Cloud_STM32L431_BearPi/Drivers/STM32L4xx_HAL_Driver/Src\stm32l4xx_hal_spi_ex.c **** /** @defgroup SPIEx_Private_Constants SPIEx Private Constants
  56:D:/iot/felix2/targets/Cloud_STM32L431_BearPi/Drivers/STM32L4xx_HAL_Driver/Src\stm32l4xx_hal_spi_ex.c ****   * @{
  57:D:/iot/felix2/targets/Cloud_STM32L431_BearPi/Drivers/STM32L4xx_HAL_Driver/Src\stm32l4xx_hal_spi_ex.c ****   */
  58:D:/iot/felix2/targets/Cloud_STM32L431_BearPi/Drivers/STM32L4xx_HAL_Driver/Src\stm32l4xx_hal_spi_ex.c **** #define SPI_FIFO_SIZE       4
  59:D:/iot/felix2/targets/Cloud_STM32L431_BearPi/Drivers/STM32L4xx_HAL_Driver/Src\stm32l4xx_hal_spi_ex.c **** /**
  60:D:/iot/felix2/targets/Cloud_STM32L431_BearPi/Drivers/STM32L4xx_HAL_Driver/Src\stm32l4xx_hal_spi_ex.c ****   * @}
  61:D:/iot/felix2/targets/Cloud_STM32L431_BearPi/Drivers/STM32L4xx_HAL_Driver/Src\stm32l4xx_hal_spi_ex.c ****   */
  62:D:/iot/felix2/targets/Cloud_STM32L431_BearPi/Drivers/STM32L4xx_HAL_Driver/Src\stm32l4xx_hal_spi_ex.c **** 
  63:D:/iot/felix2/targets/Cloud_STM32L431_BearPi/Drivers/STM32L4xx_HAL_Driver/Src\stm32l4xx_hal_spi_ex.c **** /* Private macros ------------------------------------------------------------*/
  64:D:/iot/felix2/targets/Cloud_STM32L431_BearPi/Drivers/STM32L4xx_HAL_Driver/Src\stm32l4xx_hal_spi_ex.c **** /* Private variables ---------------------------------------------------------*/
  65:D:/iot/felix2/targets/Cloud_STM32L431_BearPi/Drivers/STM32L4xx_HAL_Driver/Src\stm32l4xx_hal_spi_ex.c **** /* Private function prototypes -----------------------------------------------*/
  66:D:/iot/felix2/targets/Cloud_STM32L431_BearPi/Drivers/STM32L4xx_HAL_Driver/Src\stm32l4xx_hal_spi_ex.c **** /* Exported functions --------------------------------------------------------*/
  67:D:/iot/felix2/targets/Cloud_STM32L431_BearPi/Drivers/STM32L4xx_HAL_Driver/Src\stm32l4xx_hal_spi_ex.c **** 
  68:D:/iot/felix2/targets/Cloud_STM32L431_BearPi/Drivers/STM32L4xx_HAL_Driver/Src\stm32l4xx_hal_spi_ex.c **** /** @defgroup SPIEx_Exported_Functions SPIEx Exported Functions
  69:D:/iot/felix2/targets/Cloud_STM32L431_BearPi/Drivers/STM32L4xx_HAL_Driver/Src\stm32l4xx_hal_spi_ex.c ****   * @{
  70:D:/iot/felix2/targets/Cloud_STM32L431_BearPi/Drivers/STM32L4xx_HAL_Driver/Src\stm32l4xx_hal_spi_ex.c ****   */
  71:D:/iot/felix2/targets/Cloud_STM32L431_BearPi/Drivers/STM32L4xx_HAL_Driver/Src\stm32l4xx_hal_spi_ex.c **** 
  72:D:/iot/felix2/targets/Cloud_STM32L431_BearPi/Drivers/STM32L4xx_HAL_Driver/Src\stm32l4xx_hal_spi_ex.c **** /** @defgroup SPIEx_Exported_Functions_Group1 IO operation functions
  73:D:/iot/felix2/targets/Cloud_STM32L431_BearPi/Drivers/STM32L4xx_HAL_Driver/Src\stm32l4xx_hal_spi_ex.c ****   *  @brief   Data transfers functions
  74:D:/iot/felix2/targets/Cloud_STM32L431_BearPi/Drivers/STM32L4xx_HAL_Driver/Src\stm32l4xx_hal_spi_ex.c ****   *
  75:D:/iot/felix2/targets/Cloud_STM32L431_BearPi/Drivers/STM32L4xx_HAL_Driver/Src\stm32l4xx_hal_spi_ex.c **** @verbatim
  76:D:/iot/felix2/targets/Cloud_STM32L431_BearPi/Drivers/STM32L4xx_HAL_Driver/Src\stm32l4xx_hal_spi_ex.c ****   ==============================================================================
  77:D:/iot/felix2/targets/Cloud_STM32L431_BearPi/Drivers/STM32L4xx_HAL_Driver/Src\stm32l4xx_hal_spi_ex.c ****                       ##### IO operation functions #####
  78:D:/iot/felix2/targets/Cloud_STM32L431_BearPi/Drivers/STM32L4xx_HAL_Driver/Src\stm32l4xx_hal_spi_ex.c ****  ===============================================================================
  79:D:/iot/felix2/targets/Cloud_STM32L431_BearPi/Drivers/STM32L4xx_HAL_Driver/Src\stm32l4xx_hal_spi_ex.c ****  [..]
  80:D:/iot/felix2/targets/Cloud_STM32L431_BearPi/Drivers/STM32L4xx_HAL_Driver/Src\stm32l4xx_hal_spi_ex.c ****     This subsection provides a set of extended functions to manage the SPI
  81:D:/iot/felix2/targets/Cloud_STM32L431_BearPi/Drivers/STM32L4xx_HAL_Driver/Src\stm32l4xx_hal_spi_ex.c ****     data transfers.
  82:D:/iot/felix2/targets/Cloud_STM32L431_BearPi/Drivers/STM32L4xx_HAL_Driver/Src\stm32l4xx_hal_spi_ex.c **** 
  83:D:/iot/felix2/targets/Cloud_STM32L431_BearPi/Drivers/STM32L4xx_HAL_Driver/Src\stm32l4xx_hal_spi_ex.c ****     (#) Rx data flush function:
  84:D:/iot/felix2/targets/Cloud_STM32L431_BearPi/Drivers/STM32L4xx_HAL_Driver/Src\stm32l4xx_hal_spi_ex.c ****         (++) HAL_SPIEx_FlushRxFifo()
  85:D:/iot/felix2/targets/Cloud_STM32L431_BearPi/Drivers/STM32L4xx_HAL_Driver/Src\stm32l4xx_hal_spi_ex.c **** 
  86:D:/iot/felix2/targets/Cloud_STM32L431_BearPi/Drivers/STM32L4xx_HAL_Driver/Src\stm32l4xx_hal_spi_ex.c **** @endverbatim
  87:D:/iot/felix2/targets/Cloud_STM32L431_BearPi/Drivers/STM32L4xx_HAL_Driver/Src\stm32l4xx_hal_spi_ex.c ****   * @{
  88:D:/iot/felix2/targets/Cloud_STM32L431_BearPi/Drivers/STM32L4xx_HAL_Driver/Src\stm32l4xx_hal_spi_ex.c ****   */
ARM GAS  C:\Users\91458\AppData\Local\Temp\ccsZAq8t.s 			page 3


  89:D:/iot/felix2/targets/Cloud_STM32L431_BearPi/Drivers/STM32L4xx_HAL_Driver/Src\stm32l4xx_hal_spi_ex.c **** 
  90:D:/iot/felix2/targets/Cloud_STM32L431_BearPi/Drivers/STM32L4xx_HAL_Driver/Src\stm32l4xx_hal_spi_ex.c **** /**
  91:D:/iot/felix2/targets/Cloud_STM32L431_BearPi/Drivers/STM32L4xx_HAL_Driver/Src\stm32l4xx_hal_spi_ex.c ****   * @brief  Flush the RX fifo.
  92:D:/iot/felix2/targets/Cloud_STM32L431_BearPi/Drivers/STM32L4xx_HAL_Driver/Src\stm32l4xx_hal_spi_ex.c ****   * @param  hspi pointer to a SPI_HandleTypeDef structure that contains
  93:D:/iot/felix2/targets/Cloud_STM32L431_BearPi/Drivers/STM32L4xx_HAL_Driver/Src\stm32l4xx_hal_spi_ex.c ****   *               the configuration information for the specified SPI module.
  94:D:/iot/felix2/targets/Cloud_STM32L431_BearPi/Drivers/STM32L4xx_HAL_Driver/Src\stm32l4xx_hal_spi_ex.c ****   * @retval HAL status
  95:D:/iot/felix2/targets/Cloud_STM32L431_BearPi/Drivers/STM32L4xx_HAL_Driver/Src\stm32l4xx_hal_spi_ex.c ****   */
  96:D:/iot/felix2/targets/Cloud_STM32L431_BearPi/Drivers/STM32L4xx_HAL_Driver/Src\stm32l4xx_hal_spi_ex.c **** HAL_StatusTypeDef HAL_SPIEx_FlushRxFifo(SPI_HandleTypeDef *hspi)
  97:D:/iot/felix2/targets/Cloud_STM32L431_BearPi/Drivers/STM32L4xx_HAL_Driver/Src\stm32l4xx_hal_spi_ex.c **** {
  28              		.loc 1 97 0
  29              		.cfi_startproc
  30              		@ args = 0, pretend = 0, frame = 16
  31              		@ frame_needed = 1, uses_anonymous_args = 0
  32              		@ link register save eliminated.
  33 0000 80B4     		push	{r7}
  34              	.LCFI0:
  35              		.cfi_def_cfa_offset 4
  36              		.cfi_offset 7, -4
  37 0002 85B0     		sub	sp, sp, #20
  38              	.LCFI1:
  39              		.cfi_def_cfa_offset 24
  40 0004 00AF     		add	r7, sp, #0
  41              	.LCFI2:
  42              		.cfi_def_cfa_register 7
  43 0006 7860     		str	r0, [r7, #4]
  98:D:/iot/felix2/targets/Cloud_STM32L431_BearPi/Drivers/STM32L4xx_HAL_Driver/Src\stm32l4xx_hal_spi_ex.c ****   __IO uint32_t tmpreg;
  99:D:/iot/felix2/targets/Cloud_STM32L431_BearPi/Drivers/STM32L4xx_HAL_Driver/Src\stm32l4xx_hal_spi_ex.c ****   uint8_t  count = 0U;
  44              		.loc 1 99 0
  45 0008 0023     		movs	r3, #0
  46 000a FB73     		strb	r3, [r7, #15]
 100:D:/iot/felix2/targets/Cloud_STM32L431_BearPi/Drivers/STM32L4xx_HAL_Driver/Src\stm32l4xx_hal_spi_ex.c ****   while ((hspi->Instance->SR & SPI_FLAG_FRLVL) !=  SPI_FRLVL_EMPTY)
  47              		.loc 1 100 0
  48 000c 0CE0     		b	.L2
  49              	.L4:
 101:D:/iot/felix2/targets/Cloud_STM32L431_BearPi/Drivers/STM32L4xx_HAL_Driver/Src\stm32l4xx_hal_spi_ex.c ****   {
 102:D:/iot/felix2/targets/Cloud_STM32L431_BearPi/Drivers/STM32L4xx_HAL_Driver/Src\stm32l4xx_hal_spi_ex.c ****     count++;
  50              		.loc 1 102 0
  51 000e FB7B     		ldrb	r3, [r7, #15]	@ zero_extendqisi2
  52 0010 0133     		adds	r3, r3, #1
  53 0012 FB73     		strb	r3, [r7, #15]
 103:D:/iot/felix2/targets/Cloud_STM32L431_BearPi/Drivers/STM32L4xx_HAL_Driver/Src\stm32l4xx_hal_spi_ex.c ****     tmpreg = hspi->Instance->DR;
  54              		.loc 1 103 0
  55 0014 7B68     		ldr	r3, [r7, #4]
  56 0016 1B68     		ldr	r3, [r3]
  57 0018 DB68     		ldr	r3, [r3, #12]
  58 001a BB60     		str	r3, [r7, #8]
 104:D:/iot/felix2/targets/Cloud_STM32L431_BearPi/Drivers/STM32L4xx_HAL_Driver/Src\stm32l4xx_hal_spi_ex.c ****     UNUSED(tmpreg); /* To avoid GCC warning */
  59              		.loc 1 104 0
  60 001c BB68     		ldr	r3, [r7, #8]
 105:D:/iot/felix2/targets/Cloud_STM32L431_BearPi/Drivers/STM32L4xx_HAL_Driver/Src\stm32l4xx_hal_spi_ex.c ****     if (count == SPI_FIFO_SIZE)
  61              		.loc 1 105 0
  62 001e FB7B     		ldrb	r3, [r7, #15]	@ zero_extendqisi2
  63 0020 042B     		cmp	r3, #4
  64 0022 01D1     		bne	.L2
 106:D:/iot/felix2/targets/Cloud_STM32L431_BearPi/Drivers/STM32L4xx_HAL_Driver/Src\stm32l4xx_hal_spi_ex.c ****     {
 107:D:/iot/felix2/targets/Cloud_STM32L431_BearPi/Drivers/STM32L4xx_HAL_Driver/Src\stm32l4xx_hal_spi_ex.c ****       return HAL_TIMEOUT;
  65              		.loc 1 107 0
ARM GAS  C:\Users\91458\AppData\Local\Temp\ccsZAq8t.s 			page 4


  66 0024 0323     		movs	r3, #3
  67 0026 07E0     		b	.L3
  68              	.L2:
 100:D:/iot/felix2/targets/Cloud_STM32L431_BearPi/Drivers/STM32L4xx_HAL_Driver/Src\stm32l4xx_hal_spi_ex.c ****   {
  69              		.loc 1 100 0
  70 0028 7B68     		ldr	r3, [r7, #4]
  71 002a 1B68     		ldr	r3, [r3]
  72 002c 9B68     		ldr	r3, [r3, #8]
  73 002e 03F4C063 		and	r3, r3, #1536
  74 0032 002B     		cmp	r3, #0
  75 0034 EBD1     		bne	.L4
 108:D:/iot/felix2/targets/Cloud_STM32L431_BearPi/Drivers/STM32L4xx_HAL_Driver/Src\stm32l4xx_hal_spi_ex.c ****     }
 109:D:/iot/felix2/targets/Cloud_STM32L431_BearPi/Drivers/STM32L4xx_HAL_Driver/Src\stm32l4xx_hal_spi_ex.c ****   }
 110:D:/iot/felix2/targets/Cloud_STM32L431_BearPi/Drivers/STM32L4xx_HAL_Driver/Src\stm32l4xx_hal_spi_ex.c ****   return HAL_OK;
  76              		.loc 1 110 0
  77 0036 0023     		movs	r3, #0
  78              	.L3:
 111:D:/iot/felix2/targets/Cloud_STM32L431_BearPi/Drivers/STM32L4xx_HAL_Driver/Src\stm32l4xx_hal_spi_ex.c **** }
  79              		.loc 1 111 0
  80 0038 1846     		mov	r0, r3
  81 003a 1437     		adds	r7, r7, #20
  82              	.LCFI3:
  83              		.cfi_def_cfa_offset 4
  84 003c BD46     		mov	sp, r7
  85              	.LCFI4:
  86              		.cfi_def_cfa_register 13
  87              		@ sp needed
  88 003e 5DF8047B 		ldr	r7, [sp], #4
  89              	.LCFI5:
  90              		.cfi_restore 7
  91              		.cfi_def_cfa_offset 0
  92 0042 7047     		bx	lr
  93              		.cfi_endproc
  94              	.LFE133:
  96              		.text
  97              	.Letext0:
  98              		.file 2 "d:\\liteos studio\\resources\\arm-none-eabi\\arm-none-eabi\\include\\machine\\_default_ty
  99              		.file 3 "d:\\liteos studio\\resources\\arm-none-eabi\\arm-none-eabi\\include\\sys\\lock.h"
 100              		.file 4 "d:\\liteos studio\\resources\\arm-none-eabi\\arm-none-eabi\\include\\sys\\_types.h"
 101              		.file 5 "d:\\liteos studio\\resources\\arm-none-eabi\\lib\\gcc\\arm-none-eabi\\7.3.1\\include\\std
 102              		.file 6 "d:\\liteos studio\\resources\\arm-none-eabi\\arm-none-eabi\\include\\sys\\reent.h"
 103              		.file 7 "D:/iot/felix2/kernel/include/los_typedef.h"
 104              		.file 8 "d:\\liteos studio\\resources\\arm-none-eabi\\arm-none-eabi\\include\\sys\\_stdint.h"
 105              		.file 9 "D:/iot/felix2/arch/arm/common/cmsis/core_cm4.h"
 106              		.file 10 "D:/iot/felix2/targets/Cloud_STM32L431_BearPi/Inc/system_stm32l4xx.h"
 107              		.file 11 "D:/iot/felix2/targets/Cloud_STM32L431_BearPi/Inc/stm32l431xx.h"
 108              		.file 12 "D:/iot/felix2/targets/Cloud_STM32L431_BearPi/OS_CONFIG/target_config.h"
 109              		.file 13 "D:/iot/felix2/kernel/include/los_config.h"
 110              		.file 14 "D:/iot/felix2/kernel/include/los_list.h"
 111              		.file 15 "D:/iot/felix2/kernel/include/los_err.h"
 112              		.file 16 "D:/iot/felix2/arch/arm/arm-m/include/los_hwi.h"
 113              		.file 17 "D:/iot/felix2/kernel/include/los_tick.h"
 114              		.file 18 "D:/iot/felix2/kernel/include/los_event.h"
 115              		.file 19 "D:/iot/felix2/kernel/include/los_task.h"
 116              		.file 20 "D:/iot/felix2/kernel/base/include/los_task.ph"
 117              		.file 21 "D:/iot/felix2/targets/Cloud_STM32L431_BearPi/Inc/main.h"
 118              		.file 22 "D:/iot/felix2/targets/Cloud_STM32L431_BearPi/Drivers/STM32L4xx_HAL_Driver/Inc/stm32l4xx_
ARM GAS  C:\Users\91458\AppData\Local\Temp\ccsZAq8t.s 			page 5


 119              		.file 23 "D:/iot/felix2/targets/Cloud_STM32L431_BearPi/Drivers/STM32L4xx_HAL_Driver/Inc/stm32l4xx_
 120              		.file 24 "D:/iot/felix2/targets/Cloud_STM32L431_BearPi/Drivers/STM32L4xx_HAL_Driver/Inc/stm32l4xx_
ARM GAS  C:\Users\91458\AppData\Local\Temp\ccsZAq8t.s 			page 6


DEFINED SYMBOLS
                            *ABS*:00000000 stm32l4xx_hal_spi_ex.c
C:\Users\91458\AppData\Local\Temp\ccsZAq8t.s:18     .text.HAL_SPIEx_FlushRxFifo:00000000 $t
C:\Users\91458\AppData\Local\Temp\ccsZAq8t.s:25     .text.HAL_SPIEx_FlushRxFifo:00000000 HAL_SPIEx_FlushRxFifo

NO UNDEFINED SYMBOLS
